2019-08-26 18:39:24,258 [INFO] Activator:176 - 


2019-08-26 18:39:24,262 [INFO] Activator:177 - !SESSION log4j initialized
2019-08-26 19:20:42,166 [INFO] Activator:176 - 


2019-08-26 19:20:42,170 [INFO] Activator:177 - !SESSION log4j initialized
2019-08-26 20:45:57,115 [INFO] ApplicationProperties:181 - Using Application install path: C:\ST\STM32CubeIDE_1.0.2\STM32CubeIDE\plugins\com.st.stm32cube.common.mx_5.3.0.201907110903
2019-08-26 20:45:57,131 [INFO] DbMcusXml:68 - Set database path to: C:\ST\STM32CubeIDE_1.0.2\STM32CubeIDE\plugins\com.st.stm32cube.common.mx_5.3.0.201907110903\\db\/mcu/
2019-08-26 20:45:57,135 [INFO] DbBoardsPdsc:54 - Set plugin database path to: C:\ST\STM32CubeIDE_1.0.2\STM32CubeIDE\plugins\com.st.stm32cube.common.mx_5.3.0.201907110903\\db\/plugins/boardmanager/
2019-08-26 20:45:57,137 [INFO] DbMcus:264 - Set plugin images path to: C:\ST\STM32CubeIDE_1.0.2\STM32CubeIDE\plugins\com.st.stm32cube.common.mx_5.3.0.201907110903\\db\/plugins/mcufinder/images/
2019-08-26 20:45:57,137 [INFO] DbBoards:232 - Set plugin images path to: C:\ST\STM32CubeIDE_1.0.2\STM32CubeIDE\plugins\com.st.stm32cube.common.mx_5.3.0.201907110903\\db\/plugins/mcufinder/images/
2019-08-26 20:45:57,140 [INFO] APIGFXSelector:72 - Set database path to: C:\ST\STM32CubeIDE_1.0.2\STM32CubeIDE\plugins\com.st.stm32cube.common.mx_5.3.0.201907110903\\db\/plugins/mcufinder/mcu/
2019-08-26 20:45:57,150 [INFO] DbMcusAds:72 - Set database path to: C:\Users\ftesch\.stmcufinder\plugins\mcufinder//mcu/
2019-08-26 20:45:57,151 [INFO] DbMcusDocs:92 - Set database path to: C:\Users\ftesch\.stmcufinder\plugins\mcufinder//mcu/
2019-08-26 20:45:57,154 [INFO] DbMcusJson:59 - Set database path to: C:\Users\ftesch\.stmcufinder\plugins\mcufinder//mcu/
2019-08-26 20:45:57,156 [INFO] DbBoardsDocs:84 - Set database path to: C:\Users\ftesch\.stmcufinder\plugins\mcufinder//mcu/
2019-08-26 20:45:57,158 [INFO] DbBoardsJson:51 - Set database path to: C:\Users\ftesch\.stmcufinder\plugins\mcufinder//mcu/
2019-08-26 20:45:57,173 [INFO] CrossReferenceDbSqlite:197 - Set database path to: C:\Users\ftesch\.stmcufinder\plugins\mcufinder//mcu/cs/
2019-08-26 20:45:57,295 [INFO] RulesReader:52 - Compatibility file has been processed (156 Rules)
2019-08-26 20:45:57,407 [INFO] MicroXplorer:521 - Detected Java Version = 1.8.0_202
2019-08-26 20:45:57,407 [INFO] DbMcusXml:68 - Set database path to: C:\ST\STM32CubeIDE_1.0.2\STM32CubeIDE\plugins\com.st.stm32cube.common.mx_5.3.0.201907110903\\db\/mcu/
2019-08-26 20:45:57,407 [INFO] DbBoardsPdsc:54 - Set plugin database path to: C:\ST\STM32CubeIDE_1.0.2\STM32CubeIDE\plugins\com.st.stm32cube.common.mx_5.3.0.201907110903\\db\/plugins/boardmanager/
2019-08-26 20:45:57,408 [INFO] DbMcus:264 - Set plugin images path to: C:\ST\STM32CubeIDE_1.0.2\STM32CubeIDE\plugins\com.st.stm32cube.common.mx_5.3.0.201907110903\\db\/plugins/mcufinder/images/
2019-08-26 20:45:57,409 [INFO] DbBoards:232 - Set plugin images path to: C:\ST\STM32CubeIDE_1.0.2\STM32CubeIDE\plugins\com.st.stm32cube.common.mx_5.3.0.201907110903\\db\/plugins/mcufinder/images/
2019-08-26 20:45:57,409 [INFO] APIGFXSelector:72 - Set database path to: C:\ST\STM32CubeIDE_1.0.2\STM32CubeIDE\plugins\com.st.stm32cube.common.mx_5.3.0.201907110903\\db\/plugins/mcufinder/mcu/
2019-08-26 20:45:57,409 [WARN] DbFile:31 - Overriding database path with different value: C:\Users\ftesch\.stmcufinder\plugins\mcufinder/ => C:\Users\ftesch\.stmcufinder\plugins\mcufinder
2019-08-26 20:45:57,409 [INFO] DbMcusAds:72 - Set database path to: C:\Users\ftesch\.stmcufinder\plugins\mcufinder//mcu/
2019-08-26 20:45:57,409 [WARN] DbFile:31 - Overriding database path with different value: C:\Users\ftesch\.stmcufinder\plugins\mcufinder/ => C:\Users\ftesch\.stmcufinder\plugins\mcufinder
2019-08-26 20:45:57,409 [INFO] DbMcusDocs:92 - Set database path to: C:\Users\ftesch\.stmcufinder\plugins\mcufinder//mcu/
2019-08-26 20:45:57,410 [WARN] DbFile:31 - Overriding database path with different value: C:\Users\ftesch\.stmcufinder\plugins\mcufinder/ => C:\Users\ftesch\.stmcufinder\plugins\mcufinder
2019-08-26 20:45:57,410 [INFO] DbMcusJson:59 - Set database path to: C:\Users\ftesch\.stmcufinder\plugins\mcufinder//mcu/
2019-08-26 20:45:57,410 [WARN] DbFile:31 - Overriding database path with different value: C:\Users\ftesch\.stmcufinder\plugins\mcufinder/ => C:\Users\ftesch\.stmcufinder\plugins\mcufinder
2019-08-26 20:45:57,410 [INFO] DbBoardsDocs:84 - Set database path to: C:\Users\ftesch\.stmcufinder\plugins\mcufinder//mcu/
2019-08-26 20:45:57,411 [WARN] DbFile:31 - Overriding database path with different value: C:\Users\ftesch\.stmcufinder\plugins\mcufinder/ => C:\Users\ftesch\.stmcufinder\plugins\mcufinder
2019-08-26 20:45:57,411 [INFO] DbBoardsJson:51 - Set database path to: C:\Users\ftesch\.stmcufinder\plugins\mcufinder//mcu/
2019-08-26 20:45:57,411 [WARN] DbFile:31 - Overriding database path with different value: C:\Users\ftesch\.stmcufinder\plugins\mcufinder/ => C:\Users\ftesch\.stmcufinder\plugins\mcufinder
2019-08-26 20:45:57,411 [WARN] DbFile:31 - Overriding database path with different value: C:\Users\ftesch\.stmcufinder\plugins\mcufinder/ => C:\Users\ftesch\.stmcufinder\plugins\mcufinder
2019-08-26 20:45:57,411 [INFO] CrossReferenceDbSqlite:197 - Set database path to: C:\Users\ftesch\.stmcufinder\plugins\mcufinder//mcu/cs/
2019-08-26 20:45:57,503 [INFO] MainPanel:211 - HeapMemory: 301989888
2019-08-26 20:45:57,601 [INFO] DbMcusXml:68 - Set database path to: C:\ST\STM32CubeIDE_1.0.2\STM32CubeIDE\plugins\com.st.stm32cube.common.mx_5.3.0.201907110903\\db\/mcu/
2019-08-26 20:45:57,602 [INFO] DbBoardsPdsc:54 - Set plugin database path to: C:\ST\STM32CubeIDE_1.0.2\STM32CubeIDE\plugins\com.st.stm32cube.common.mx_5.3.0.201907110903\\db\/plugins/boardmanager/
2019-08-26 20:45:57,602 [INFO] DbMcus:264 - Set plugin images path to: C:\ST\STM32CubeIDE_1.0.2\STM32CubeIDE\plugins\com.st.stm32cube.common.mx_5.3.0.201907110903\\db\/plugins/mcufinder/images/
2019-08-26 20:45:57,603 [INFO] DbBoards:232 - Set plugin images path to: C:\ST\STM32CubeIDE_1.0.2\STM32CubeIDE\plugins\com.st.stm32cube.common.mx_5.3.0.201907110903\\db\/plugins/mcufinder/images/
2019-08-26 20:45:57,603 [INFO] APIGFXSelector:72 - Set database path to: C:\ST\STM32CubeIDE_1.0.2\STM32CubeIDE\plugins\com.st.stm32cube.common.mx_5.3.0.201907110903\\db\/plugins/mcufinder/mcu/
2019-08-26 20:45:57,604 [WARN] DbFile:31 - Overriding database path with different value: C:\Users\ftesch\.stmcufinder\plugins\mcufinder/ => C:\Users\ftesch\.stmcufinder\plugins\mcufinder
2019-08-26 20:45:57,605 [INFO] DbMcusAds:72 - Set database path to: C:\Users\ftesch\.stmcufinder\plugins\mcufinder//mcu/
2019-08-26 20:45:57,605 [WARN] DbFile:31 - Overriding database path with different value: C:\Users\ftesch\.stmcufinder\plugins\mcufinder/ => C:\Users\ftesch\.stmcufinder\plugins\mcufinder
2019-08-26 20:45:57,605 [INFO] DbMcusDocs:92 - Set database path to: C:\Users\ftesch\.stmcufinder\plugins\mcufinder//mcu/
2019-08-26 20:45:57,606 [WARN] DbFile:31 - Overriding database path with different value: C:\Users\ftesch\.stmcufinder\plugins\mcufinder/ => C:\Users\ftesch\.stmcufinder\plugins\mcufinder
2019-08-26 20:45:57,606 [INFO] DbMcusJson:59 - Set database path to: C:\Users\ftesch\.stmcufinder\plugins\mcufinder//mcu/
2019-08-26 20:45:57,607 [WARN] DbFile:31 - Overriding database path with different value: C:\Users\ftesch\.stmcufinder\plugins\mcufinder/ => C:\Users\ftesch\.stmcufinder\plugins\mcufinder
2019-08-26 20:45:57,607 [INFO] DbBoardsDocs:84 - Set database path to: C:\Users\ftesch\.stmcufinder\plugins\mcufinder//mcu/
2019-08-26 20:45:57,608 [WARN] DbFile:31 - Overriding database path with different value: C:\Users\ftesch\.stmcufinder\plugins\mcufinder/ => C:\Users\ftesch\.stmcufinder\plugins\mcufinder
2019-08-26 20:45:57,608 [INFO] DbBoardsJson:51 - Set database path to: C:\Users\ftesch\.stmcufinder\plugins\mcufinder//mcu/
2019-08-26 20:45:57,608 [WARN] DbFile:31 - Overriding database path with different value: C:\Users\ftesch\.stmcufinder\plugins\mcufinder/ => C:\Users\ftesch\.stmcufinder\plugins\mcufinder
2019-08-26 20:45:57,609 [WARN] DbFile:31 - Overriding database path with different value: C:\Users\ftesch\.stmcufinder\plugins\mcufinder/ => C:\Users\ftesch\.stmcufinder\plugins\mcufinder
2019-08-26 20:45:57,610 [INFO] CrossReferenceDbSqlite:197 - Set database path to: C:\Users\ftesch\.stmcufinder\plugins\mcufinder//mcu/cs/
2019-08-26 20:45:57,641 [INFO] ApplicationProperties:181 - Using Application install path: C:\ST\STM32CubeIDE_1.0.2\STM32CubeIDE\plugins\com.st.stm32cube.common.mx_5.3.0.201907110903
2019-08-26 20:45:57,643 [INFO] PluginManage:178 - Search for loadable plugins [exclusion list=]
2019-08-26 20:45:57,645 [INFO] PluginManage:292 - Check plugin analytics
2019-08-26 20:45:57,653 [INFO] PluginManage:342 - Loaded plugin analytics (category:tool,tabindex:-1)
2019-08-26 20:45:57,653 [INFO] PluginManage:292 - Check plugin clock
2019-08-26 20:45:57,665 [INFO] PluginManage:342 - Loaded plugin clock (category:base,tabindex:2)
2019-08-26 20:45:57,665 [INFO] PluginManage:292 - Check plugin ddr
2019-08-26 20:45:57,667 [INFO] PluginManage:342 - Loaded plugin ddr (category:tool,tabindex:6)
2019-08-26 20:45:57,667 [INFO] PluginManage:292 - Check plugin filemanager
2019-08-26 20:45:57,794 [INFO] PluginManage:342 - Loaded plugin filemanager (category:base,tabindex:10)
2019-08-26 20:45:57,794 [INFO] PluginManage:292 - Check plugin ipmanager
2019-08-26 20:45:57,807 [INFO] PluginManage:342 - Loaded plugin ipmanager (category:base,tabindex:5)
2019-08-26 20:45:57,807 [INFO] PluginManage:292 - Check plugin pinoutandconfiguration
2019-08-26 20:45:57,821 [INFO] PluginManage:342 - Loaded plugin pinoutandconfiguration (category:base,tabindex:1)
2019-08-26 20:45:57,821 [INFO] PluginManage:292 - Check plugin pinoutconfig
2019-08-26 20:45:57,847 [INFO] PluginManage:342 - Loaded plugin pinoutconfig (category:base,tabindex:0)
2019-08-26 20:45:57,847 [INFO] PluginManage:292 - Check plugin power
2019-08-26 20:45:57,861 [INFO] PluginManage:342 - Loaded plugin power (category:power,tabindex:4)
2019-08-26 20:45:57,861 [INFO] PluginManage:292 - Check plugin projectmanager
2019-08-26 20:45:57,881 [INFO] PluginManage:342 - Loaded plugin projectmanager (category:projectmanager,tabindex:3)
2019-08-26 20:45:57,881 [INFO] PluginManage:292 - Check plugin thirdparty
2019-08-26 20:45:57,905 [INFO] ThirdPartyDb:294 - Open Third Party DataBase File (C:/Users/ftesch/.stm32cubemx/plugins/thirdparty/db/thirdparties_db.xml) : 0 ms. number of Sw pack : 0
2019-08-26 20:45:57,930 [INFO] PluginManage:342 - Loaded plugin thirdparty (category:base,tabindex:-1)
2019-08-26 20:45:57,931 [INFO] PluginManage:292 - Check plugin tools
2019-08-26 20:45:57,936 [INFO] PluginManage:342 - Loaded plugin tools (category:base,tabindex:7)
2019-08-26 20:45:57,936 [INFO] PluginManage:292 - Check plugin updater
2019-08-26 20:45:57,952 [INFO] PluginManage:342 - Loaded plugin updater (category:base,tabindex:12)
2019-08-26 20:45:57,953 [INFO] PluginManage:265 - PluginManage : Loaded plugins [12]
2019-08-26 20:45:58,138 [INFO] PinOutPanel:1367 - setPackage(No Configuration,No Configuration)
2019-08-26 20:45:58,240 [INFO] IPUIPlugin:63 - create IPUIPlugin
2019-08-26 20:45:58,240 [INFO] PluginManager:200 - loadIPPluginJar : add adc
2019-08-26 20:45:58,246 [INFO] IPUIPlugin:63 - create IPUIPlugin
2019-08-26 20:45:58,246 [INFO] PluginManager:200 - loadIPPluginJar : add aes
2019-08-26 20:45:58,251 [INFO] IPUIPlugin:63 - create IPUIPlugin
2019-08-26 20:45:58,252 [INFO] PluginManager:200 - loadIPPluginJar : add can
2019-08-26 20:45:58,256 [INFO] IPUIPlugin:63 - create IPUIPlugin
2019-08-26 20:45:58,257 [INFO] PluginManager:200 - loadIPPluginJar : add comp
2019-08-26 20:45:58,262 [INFO] IPUIPlugin:63 - create IPUIPlugin
2019-08-26 20:45:58,263 [INFO] PluginManager:200 - loadIPPluginJar : add cryp
2019-08-26 20:45:58,268 [INFO] IPUIPlugin:63 - create IPUIPlugin
2019-08-26 20:45:58,269 [INFO] PluginManager:200 - loadIPPluginJar : add dfsdm
2019-08-26 20:45:58,280 [INFO] IPUIPlugin:63 - create IPUIPlugin
2019-08-26 20:45:58,281 [INFO] PluginManager:200 - loadIPPluginJar : add dma
2019-08-26 20:45:58,285 [INFO] IPUIPlugin:63 - create IPUIPlugin
2019-08-26 20:45:58,285 [INFO] PluginManager:200 - loadIPPluginJar : add fatfs
2019-08-26 20:45:58,293 [INFO] IPUIPlugin:63 - create IPUIPlugin
2019-08-26 20:45:58,293 [INFO] PluginManager:200 - loadIPPluginJar : add fmc
2019-08-26 20:45:58,301 [INFO] IPUIPlugin:63 - create IPUIPlugin
2019-08-26 20:45:58,301 [INFO] PluginManager:200 - loadIPPluginJar : add freertos
2019-08-26 20:45:58,305 [INFO] IPUIPlugin:63 - create IPUIPlugin
2019-08-26 20:45:58,305 [INFO] PluginManager:200 - loadIPPluginJar : add genericplugin
2019-08-26 20:45:58,309 [INFO] IPUIPlugin:63 - create IPUIPlugin
2019-08-26 20:45:58,309 [INFO] PluginManager:200 - loadIPPluginJar : add gfxmmu
2019-08-26 20:45:58,314 [INFO] IPUIPlugin:63 - create IPUIPlugin
2019-08-26 20:45:58,314 [INFO] PluginManager:200 - loadIPPluginJar : add gfxsimulator
2019-08-26 20:45:58,321 [INFO] IPUIPlugin:63 - create IPUIPlugin
2019-08-26 20:45:58,322 [INFO] PluginManager:200 - loadIPPluginJar : add gic
2019-08-26 20:45:58,327 [INFO] IPUIPlugin:63 - create IPUIPlugin
2019-08-26 20:45:58,327 [INFO] PluginManager:200 - loadIPPluginJar : add gpio
2019-08-26 20:45:58,331 [INFO] IPUIPlugin:63 - create IPUIPlugin
2019-08-26 20:45:58,332 [INFO] PluginManager:200 - loadIPPluginJar : add hash
2019-08-26 20:45:58,337 [INFO] IPUIPlugin:63 - create IPUIPlugin
2019-08-26 20:45:58,337 [INFO] PluginManager:200 - loadIPPluginJar : add i2c
2019-08-26 20:45:58,341 [INFO] IPUIPlugin:63 - create IPUIPlugin
2019-08-26 20:45:58,342 [INFO] PluginManager:200 - loadIPPluginJar : add i2s
2019-08-26 20:45:58,346 [INFO] IPUIPlugin:63 - create IPUIPlugin
2019-08-26 20:45:58,346 [INFO] PluginManager:200 - loadIPPluginJar : add ipddr
2019-08-26 20:45:58,349 [INFO] IPUIPlugin:63 - create IPUIPlugin
2019-08-26 20:45:58,349 [INFO] PluginManager:200 - loadIPPluginJar : add ltdc
2019-08-26 20:45:58,354 [INFO] IPUIPlugin:63 - create IPUIPlugin
2019-08-26 20:45:58,354 [INFO] PluginManager:200 - loadIPPluginJar : add mdma
2019-08-26 20:45:58,361 [INFO] IPUIPlugin:63 - create IPUIPlugin
2019-08-26 20:45:58,361 [INFO] PluginManager:200 - loadIPPluginJar : add nvic
2019-08-26 20:45:58,365 [INFO] IPUIPlugin:63 - create IPUIPlugin
2019-08-26 20:45:58,366 [INFO] PluginManager:200 - loadIPPluginJar : add opamp
2019-08-26 20:45:58,371 [INFO] IPUIPlugin:63 - create IPUIPlugin
2019-08-26 20:45:58,371 [INFO] PluginManager:200 - loadIPPluginJar : add pdm2pcm
2019-08-26 20:45:58,380 [INFO] IPUIPlugin:63 - create IPUIPlugin
2019-08-26 20:45:58,383 [INFO] PluginManager:200 - loadIPPluginJar : add plateformsettings
2019-08-26 20:45:58,386 [INFO] IPUIPlugin:63 - create IPUIPlugin
2019-08-26 20:45:58,387 [INFO] PluginManager:200 - loadIPPluginJar : add quadspi
2019-08-26 20:45:58,401 [INFO] IPUIPlugin:63 - create IPUIPlugin
2019-08-26 20:45:58,401 [INFO] PluginManager:200 - loadIPPluginJar : add resmgrutility
2019-08-26 20:45:58,406 [INFO] IPUIPlugin:63 - create IPUIPlugin
2019-08-26 20:45:58,407 [INFO] PluginManager:200 - loadIPPluginJar : add sai
2019-08-26 20:45:58,411 [INFO] IPUIPlugin:63 - create IPUIPlugin
2019-08-26 20:45:58,411 [INFO] PluginManager:200 - loadIPPluginJar : add spi
2019-08-26 20:45:58,414 [INFO] IPUIPlugin:63 - create IPUIPlugin
2019-08-26 20:45:58,415 [INFO] PluginManager:200 - loadIPPluginJar : add stm32_wpan
2019-08-26 20:45:58,418 [INFO] IPUIPlugin:63 - create IPUIPlugin
2019-08-26 20:45:58,418 [INFO] PluginManager:200 - loadIPPluginJar : add tim
2019-08-26 20:45:58,423 [INFO] IPUIPlugin:63 - create IPUIPlugin
2019-08-26 20:45:58,423 [INFO] PluginManager:200 - loadIPPluginJar : add touchsensing
2019-08-26 20:45:58,426 [INFO] IPUIPlugin:63 - create IPUIPlugin
2019-08-26 20:45:58,426 [INFO] PluginManager:200 - loadIPPluginJar : add tracer_emb
2019-08-26 20:45:58,430 [INFO] IPUIPlugin:63 - create IPUIPlugin
2019-08-26 20:45:58,430 [INFO] PluginManager:200 - loadIPPluginJar : add ts
2019-08-26 20:45:58,433 [INFO] IPUIPlugin:63 - create IPUIPlugin
2019-08-26 20:45:58,433 [INFO] PluginManager:200 - loadIPPluginJar : add tsc
2019-08-26 20:45:58,436 [INFO] IPUIPlugin:63 - create IPUIPlugin
2019-08-26 20:45:58,436 [INFO] PluginManager:200 - loadIPPluginJar : add ucpd
2019-08-26 20:45:58,440 [INFO] IPUIPlugin:63 - create IPUIPlugin
2019-08-26 20:45:58,440 [INFO] PluginManager:200 - loadIPPluginJar : add usart
2019-08-26 20:45:59,327 [INFO] BoardConnectionPanel:217 - [DDR PANEL] osNameString: Windows
2019-08-26 20:45:59,765 [FATAL] Updater:277 - Updater called before beeing initialized
2019-08-26 20:46:00,205 [FATAL] Updater:277 - Updater called before beeing initialized
2019-08-26 20:46:00,221 [INFO] PinOutPanel:1367 - setPackage(No Configuration,No Configuration)
2019-08-26 20:46:00,223 [FATAL] Updater:277 - Updater called before beeing initialized
2019-08-26 20:46:00,229 [INFO] MainDdrPanel:82 - [DDR PANEL] SETTER - Set cubeProgrammerPath to: C:\ST\STM32CubeIDE_1.0.2\STM32CubeIDE\plugins\com.st.stm32cube.ide.mcu.externaltools.cubeprogrammer.win32_1.0.0.201904021149\tools\bin
2019-08-26 20:46:00,255 [INFO] Updater:860 - Updater Version found : 5.3.0
2019-08-26 20:46:00,275 [INFO] ApplicationProperties:181 - Using Application install path: C:\ST\STM32CubeIDE_1.0.2\STM32CubeIDE\plugins\com.st.stm32cube.common.mx_5.3.0.201907110903
2019-08-26 20:46:00,888 [INFO] MainUpdater:2040 - connection check result : 10
2019-08-26 20:46:00,889 [INFO] MainUpdater:2607 - Updater definition file requires update
2019-08-26 20:46:00,897 [INFO] MainUpdater:229 - Updater Check For Update Now.
2019-08-26 20:46:00,899 [INFO] MicroXplorer:401 - Change Database Version : DB.5.0.30
2019-08-26 20:46:00,923 [WARN] MainUpdater:1068 - Updater busy. Cannot search thirdparties
2019-08-26 20:46:01,337 [INFO] ServerAccessManage:347 - Download File updaters.zip
2019-08-26 20:46:01,980 [INFO] FileExtend:191 - Unzip File : updaters.zip
2019-08-26 20:46:01,981 [INFO] FileExtend:206 - Standard Zip Deflate
2019-08-26 20:46:02,406 [INFO] FileExtend:191 - Unzip File : updaters.zip
2019-08-26 20:46:02,407 [INFO] FileExtend:206 - Standard Zip Deflate
2019-08-26 20:46:03,065 [INFO] ServerAccessManage:347 - Download File PacksControlFlags.xml
2019-08-26 20:46:03,550 [INFO] ServerAccessManage:347 - Download File cubemx.pidx
2019-08-26 20:46:03,756 [INFO] LoadServerUpdatesThread:272 - End of LoadServerUpdate Thread
2019-08-26 20:46:03,799 [INFO] CheckServerUpdateThread:121 - End of CheckServer Thread
2019-08-26 20:46:03,925 [INFO] MainUpdater:2040 - connection check result : 10
2019-08-26 20:46:03,926 [INFO] LogOutputStream:76 - [STDOUT_REDIRECT] Successfull proxy connection.
2019-08-26 20:46:03,929 [INFO] IntegrityCheckThread:97 - End integrity checks thread
2019-08-26 20:46:03,930 [INFO] ThirdPartyDb:264 - Close Third Party DataBase File (C:/Users/ftesch/.stm32cubemx/plugins/thirdparty/db/thirdparties_db.xml)
2019-08-26 20:46:04,104 [INFO] McuFinderGlobals:40 - Set McuFinder mode to 2 (CubeIDE integrated)
2019-08-26 20:46:04,122 [INFO] FinderPluginLoader:85 - Searching for filters in installed packs
2019-08-26 20:46:04,124 [INFO] DbMcusXml:106 - Load MCU database from C:\ST\STM32CubeIDE_1.0.2\STM32CubeIDE\plugins\com.st.stm32cube.common.mx_5.3.0.201907110903\\db\/mcu/families.xml
2019-08-26 20:46:05,023 [INFO] DbMcusJson:87 - JSON generation date=Fri Jul 19 07:04:23 BRT 2019 (1563530663)
2019-08-26 20:46:06,149 [INFO] DbMcus:193 - Found 1496 MCUs (1455 are supported by CubeMX, 1455 are visible in CubeMX)
2019-08-26 20:46:06,151 [INFO] ApiDb:158 - Load user favorites file C:\Users\ftesch/.stm32cubeide/favorites.mcus.txt: 0 item(s)
2019-08-26 20:46:06,151 [INFO] ApiDb:163 - User favorites MCUs=[]
2019-08-26 20:46:06,151 [INFO] DbMcus:205 - Set 0 / 0 favorites MCUs
2019-08-26 20:46:06,777 [INFO] DbMcusAds:130 - JSON generation date=Wed Feb 20 13:46:15 BRT 2019 (1550681175)
2019-08-26 20:46:06,781 [INFO] LoadUrlFilesThread:147 - End of LoadServerUrlFiles without Thread
2019-08-26 20:46:06,927 [INFO] McuDetailPanel:180 - Set advertising image to C:/Users/ftesch/STM32Cube/Repository/\PRSTM32MP10219-01-med.jpg
2019-08-26 20:46:18,115 [INFO] ServerAccessManage:347 - Download File mcusDocs.json
2019-08-26 20:46:18,890 [INFO] LoadUrlFilesThread:129 - End of LoadUrlFiles Thread
2019-08-26 20:46:28,166 [INFO] ServerAccessManage:347 - Download File mcusFeaturesAndDescription.json
2019-08-26 20:46:34,760 [INFO] LoadUrlFilesThread:129 - End of LoadUrlFiles Thread
2019-08-26 20:46:35,065 [INFO] ServerAccessManage:347 - Download File mcusAds.json
2019-08-26 20:46:35,096 [INFO] LoadUrlFilesThread:129 - End of LoadUrlFiles Thread
2019-08-26 20:46:37,266 [INFO] ServerAccessManage:347 - Download File boardsDocs.json
2019-08-26 20:46:37,749 [INFO] LoadUrlFilesThread:129 - End of LoadUrlFiles Thread
2019-08-26 20:46:39,110 [INFO] ServerAccessManage:347 - Download File boards.json
2019-08-26 20:46:40,014 [INFO] LoadUrlFilesThread:129 - End of LoadUrlFiles Thread
2019-08-26 20:46:43,567 [INFO] ServerAccessManage:347 - Download File crdb.zip
2019-08-26 20:46:45,731 [INFO] FileExtend:191 - Unzip File : crdb.zip
2019-08-26 20:46:45,739 [INFO] FileExtend:206 - Standard Zip Deflate
2019-08-26 20:46:45,805 [INFO] LoadUrlFilesThread:129 - End of LoadUrlFiles Thread
2019-08-26 20:46:45,815 [INFO] DbMcusDocs:126 - JSON generation date=Fri Jul 19 07:04:23 BRT 2019 (1563530663)
2019-08-26 20:46:45,977 [INFO] DbMcusDocs:61 - Found 531 MCUs documents
2019-08-26 20:46:45,978 [INFO] ApiDb:186 - Save user favorites file C:\Users\ftesch/.stm32cubeide/favorites.mcus.txt: 0 item(s)
2019-08-26 20:46:45,978 [INFO] ApiDb:191 - User favorites MCUs=[]
2019-08-26 20:46:45,979 [INFO] DbMcusXml:106 - Load MCU database from C:\ST\STM32CubeIDE_1.0.2\STM32CubeIDE\plugins\com.st.stm32cube.common.mx_5.3.0.201907110903\\db\/mcu/families.xml
2019-08-26 20:46:46,274 [INFO] DbMcusJson:87 - JSON generation date=Fri Jul 19 07:04:23 BRT 2019 (1563530663)
2019-08-26 20:46:46,955 [INFO] DbMcus:193 - Found 1496 MCUs (1455 are supported by CubeMX, 1455 are visible in CubeMX)
2019-08-26 20:46:46,956 [INFO] ApiDb:158 - Load user favorites file C:\Users\ftesch/.stm32cubeide/favorites.mcus.txt: 0 item(s)
2019-08-26 20:46:46,956 [INFO] ApiDb:163 - User favorites MCUs=[]
2019-08-26 20:46:46,956 [INFO] DbMcus:205 - Set 0 / 0 favorites MCUs
2019-08-26 20:46:47,021 [INFO] McuFilterPanel:282 - Update 0 favorites MCUs
2019-08-26 20:46:47,205 [INFO] DbBoardsDocs:118 - JSON generation date=Fri Jul 19 07:04:23 BRT 2019 (1563530663)
2019-08-26 20:46:47,240 [INFO] DbBoardsPdsc:92 - Found 18 items
2019-08-26 20:46:47,252 [INFO] DbBoardsPdsc:92 - Found 9 items
2019-08-26 20:46:47,269 [INFO] DbBoardsPdsc:92 - Found 27 items
2019-08-26 20:46:47,290 [INFO] DbBoardsPdsc:92 - Found 1 items
2019-08-26 20:46:47,314 [INFO] DbBoardsPdsc:92 - Found 37 items
2019-08-26 20:46:47,342 [INFO] DbBoardsPdsc:92 - Found 37 items
2019-08-26 20:46:47,353 [INFO] DbBoardsPdsc:92 - Found 1 items
2019-08-26 20:46:47,447 [INFO] DbBoardsJson:79 - JSON generation date=Thu Jul 04 11:02:38 BRT 2019 (1562248958)
2019-08-26 20:46:47,454 [INFO] DbBoards:120 - Found 130 boards (129 are supported by CubeMX)
2019-08-26 20:46:47,457 [INFO] DbBoardsDocs:118 - JSON generation date=Fri Jul 19 07:04:23 BRT 2019 (1563530663)
2019-08-26 20:46:47,462 [INFO] DbBoardsDocs:57 - Found 151 boards documents
2019-08-26 20:46:47,463 [WARN] DbBoards:130 - board NUCLEO-H743ZI2 has no document id list !
2019-08-26 20:46:47,464 [WARN] DbBoards:130 - board NUCLEO-G031K8 has no document id list !
2019-08-26 20:46:47,464 [WARN] DbBoards:130 - board P-NUCLEO-WB55-Nucleo has no document id list !
2019-08-26 20:46:47,464 [WARN] DbBoards:130 - board P-NUCLEO-WB55-USBDongle has no document id list !
2019-08-26 20:46:47,465 [WARN] DbBoards:130 - board P-NUCLEO-WB55 has no document id list !
2019-08-26 20:46:47,465 [WARN] DbBoards:130 - board STM32F401C-DISCO has no document id list !
2019-08-26 20:46:47,465 [WARN] DbBoards:130 - board STM32F769I-DISC1 has no document id list !
2019-08-26 20:46:47,465 [WARN] DbBoards:130 - board B-G474E-DPOW1 has no document id list !
2019-08-26 20:46:47,465 [WARN] DbBoards:130 - board STM32F7308-DISCO has no document id list !
2019-08-26 20:46:47,466 [WARN] DbBoards:130 - board STM32L-DISCOVERY has no document id list !
2019-08-26 20:46:47,466 [WARN] DbBoards:130 - board STM32G0316-DISCO has no document id list !
2019-08-26 20:46:47,466 [WARN] DbBoards:130 - board STM32H747I-DISC1 has no document id list !
2019-08-26 20:46:47,467 [WARN] DbBoards:130 - board STM32MP157A-DK1 has no document id list !
2019-08-26 20:46:47,467 [WARN] DbBoards:130 - board STM32303C-EVAL has no document id list !
2019-08-26 20:46:47,467 [WARN] DbBoards:130 - board STM32L152D-EVAL has no document id list !
2019-08-26 20:46:47,467 [WARN] DbBoards:130 - board STM32H743I-EVAL2 has no document id list !
2019-08-26 20:46:47,467 [WARN] DbBoards:130 - board STM32H753I-EVAL2 has no document id list !
2019-08-26 20:46:47,468 [WARN] DbBoards:130 - board STM32H747I-EVAL has no document id list !
2019-08-26 20:46:47,468 [WARN] DbBoards:130 - board STM32H757I-EVAL has no document id list !
2019-08-26 20:46:47,468 [WARN] DbBoards:130 - board STM32G474E-EVAL1 has no document id list !
2019-08-26 20:46:47,468 [WARN] DbBoards:130 - board STEVAL-MKSBOX1V1 has no document id list !
2019-08-26 20:46:49,407 [INFO] ApiDb:158 - Load user favorites file C:\Users\ftesch/.stm32cubeide/favorites.boards.txt: 0 item(s)
2019-08-26 20:46:49,407 [INFO] ApiDb:163 - User favorites Boards=[]
2019-08-26 20:46:49,408 [INFO] DbBoards:209 - Set 0 / 0 favorites Boards
2019-08-26 20:46:49,411 [INFO] DbBoardsDocs:57 - Found 302 boards documents
2019-08-26 20:46:49,412 [INFO] ApiDb:186 - Save user favorites file C:\Users\ftesch/.stm32cubeide/favorites.boards.txt: 0 item(s)
2019-08-26 20:46:49,412 [INFO] ApiDb:191 - User favorites Boards=[]
2019-08-26 20:46:49,417 [INFO] DbBoardsPdsc:92 - Found 18 items
2019-08-26 20:46:49,419 [INFO] DbBoardsPdsc:92 - Found 9 items
2019-08-26 20:46:49,422 [INFO] DbBoardsPdsc:92 - Found 27 items
2019-08-26 20:46:49,424 [INFO] DbBoardsPdsc:92 - Found 1 items
2019-08-26 20:46:49,428 [INFO] DbBoardsPdsc:92 - Found 37 items
2019-08-26 20:46:49,432 [INFO] DbBoardsPdsc:92 - Found 37 items
2019-08-26 20:46:49,434 [INFO] DbBoardsPdsc:92 - Found 1 items
2019-08-26 20:46:49,453 [INFO] DbBoardsJson:79 - JSON generation date=Thu Jul 04 11:02:38 BRT 2019 (1562248958)
2019-08-26 20:46:49,460 [INFO] DbBoards:120 - Found 130 boards (129 are supported by CubeMX)
2019-08-26 20:46:49,460 [WARN] DbBoards:130 - board NUCLEO-H743ZI2 has no document id list !
2019-08-26 20:46:49,461 [WARN] DbBoards:130 - board NUCLEO-G031K8 has no document id list !
2019-08-26 20:46:49,461 [WARN] DbBoards:130 - board P-NUCLEO-WB55-Nucleo has no document id list !
2019-08-26 20:46:49,461 [WARN] DbBoards:130 - board P-NUCLEO-WB55-USBDongle has no document id list !
2019-08-26 20:46:49,462 [WARN] DbBoards:130 - board P-NUCLEO-WB55 has no document id list !
2019-08-26 20:46:49,462 [WARN] DbBoards:130 - board STM32F401C-DISCO has no document id list !
2019-08-26 20:46:49,462 [WARN] DbBoards:130 - board STM32F769I-DISC1 has no document id list !
2019-08-26 20:46:49,462 [WARN] DbBoards:130 - board B-G474E-DPOW1 has no document id list !
2019-08-26 20:46:49,463 [WARN] DbBoards:130 - board STM32F7308-DISCO has no document id list !
2019-08-26 20:46:49,463 [WARN] DbBoards:130 - board STM32L-DISCOVERY has no document id list !
2019-08-26 20:46:49,463 [WARN] DbBoards:130 - board STM32G0316-DISCO has no document id list !
2019-08-26 20:46:49,463 [WARN] DbBoards:130 - board STM32H747I-DISC1 has no document id list !
2019-08-26 20:46:49,463 [WARN] DbBoards:130 - board STM32MP157A-DK1 has no document id list !
2019-08-26 20:46:49,463 [WARN] DbBoards:130 - board STM32303C-EVAL has no document id list !
2019-08-26 20:46:49,464 [WARN] DbBoards:130 - board STM32L152D-EVAL has no document id list !
2019-08-26 20:46:49,464 [WARN] DbBoards:130 - board STM32H743I-EVAL2 has no document id list !
2019-08-26 20:46:49,464 [WARN] DbBoards:130 - board STM32H753I-EVAL2 has no document id list !
2019-08-26 20:46:49,464 [WARN] DbBoards:130 - board STM32H747I-EVAL has no document id list !
2019-08-26 20:46:49,464 [WARN] DbBoards:130 - board STM32H757I-EVAL has no document id list !
2019-08-26 20:46:49,464 [WARN] DbBoards:130 - board STM32G474E-EVAL1 has no document id list !
2019-08-26 20:46:49,464 [WARN] DbBoards:130 - board STEVAL-MKSBOX1V1 has no document id list !
2019-08-26 20:46:49,992 [INFO] ApiDb:158 - Load user favorites file C:\Users\ftesch/.stm32cubeide/favorites.boards.txt: 0 item(s)
2019-08-26 20:46:49,992 [INFO] ApiDb:163 - User favorites Boards=[]
2019-08-26 20:46:49,993 [INFO] DbBoards:209 - Set 0 / 0 favorites Boards
2019-08-26 20:46:50,108 [INFO] LoadUrlFilesThread:147 - End of LoadServerUrlFiles without Thread
2019-08-26 20:46:50,110 [INFO] McuFilterPanel:282 - Update 0 favorites MCUs
2019-08-26 20:46:50,254 [INFO] LoadUrlFilesThread:147 - End of LoadServerUrlFiles without Thread
2019-08-26 20:46:50,254 [INFO] BoardDetailPanel:179 - Set advertising image to C:/Users/ftesch/STM32Cube/Repository/\PRSTM32MP10219-01-med.jpg
2019-08-26 20:46:50,288 [INFO] BoardFilterPanel:211 - Update 0 favorites Boards
2019-08-26 20:46:50,616 [INFO] CrossSelectorPresenter:1319 - Cross Selector saved comparison directory: C:\Users\ftesch\.stmcufinder\plugins\mcufinder\mcu\cs_comparisons_mx
2019-08-26 20:47:50,758 [INFO] LogOutputStream:76 - [STDOUT_REDIRECT] withoutVersionV1.10.0
2019-08-26 20:47:52,421 [INFO] LogOutputStream:76 - [STDOUT_REDIRECT] File copied successfully!!
2019-08-26 20:47:54,982 [INFO] MainUpdater:2040 - connection check result : 10
2019-08-26 20:47:54,983 [INFO] LogOutputStream:76 - [STDOUT_REDIRECT] Successfull proxy connection.
2019-08-26 20:47:55,040 [INFO] MicroXplorer:371 - Change Database Path : 
2019-08-26 20:47:55,041 [INFO] MicroXplorer:401 - Change Database Version : DB.5.0.30
2019-08-26 20:47:55,044 [INFO] PinOutPanel:1367 - setPackage(No Configuration,No Configuration)
2019-08-26 20:47:55,046 [INFO] UtilMem:74 - Begin LoadConfig() Used Memory: 258066248 Bytes (681574400)
2019-08-26 20:47:55,048 [INFO] OpenFileManager:269 - Change cursor
2019-08-26 20:48:05,160 [INFO] Rule:205 - rule SPDIFRX instance for mcu is applicable
2019-08-26 20:48:05,160 [INFO] Rule:205 - rule Rename Tracer Mode is applicable
2019-08-26 20:48:05,161 [INFO] Rule:205 - rule SPDIFRX instance value for IP SPDIFRX is applicable
2019-08-26 20:48:05,161 [INFO] Rule:205 - rule SPDIFRX instance for signal is applicable
2019-08-26 20:48:05,161 [INFO] Rule:205 - rule SPDIFRX instance for project manager is applicable
2019-08-26 20:48:05,161 [INFO] Rule:205 - rule SPDIFRX instance for project manager is applicable
2019-08-26 20:48:05,161 [INFO] Rule:205 - rule ADC Scan  fix with FW F7 is applicable
2019-08-26 20:48:05,161 [INFO] Rule:205 - rule ADC Scan  fix with FW F7 is applicable
2019-08-26 20:48:05,161 [INFO] Rule:205 - rule Add RTC Activate Clock Source is applicable
2019-08-26 20:48:05,161 [INFO] Rule:205 - rule Add RTC Activate Calendar 1 is applicable
2019-08-26 20:48:05,162 [INFO] Rule:205 - rule Add RTC Activate Calendar 2 is applicable
2019-08-26 20:48:05,162 [INFO] Rule:205 - rule Add RTC Activate Calendar 3 is applicable
2019-08-26 20:48:05,162 [INFO] Rule:205 - rule UART/USART TX Mode is applicable
2019-08-26 20:48:05,162 [INFO] Rule:205 - rule UART/USART RX Mode is applicable
2019-08-26 20:48:05,162 [INFO] Rule:205 - rule UART/USART RX TX Mode is applicable
2019-08-26 20:48:05,162 [INFO] Rule:205 - rule UART/USART PARITY NONE is applicable
2019-08-26 20:48:05,162 [INFO] Rule:205 - rule UART/USART PARITY EVEN is applicable
2019-08-26 20:48:05,162 [INFO] Rule:205 - rule UART/USART PARITY ODD is applicable
2019-08-26 20:48:05,162 [INFO] Rule:205 - rule USART StopBits 1 is applicable
2019-08-26 20:48:05,162 [INFO] Rule:205 - rule USART StopBits 2 is applicable
2019-08-26 20:48:05,163 [INFO] Rule:205 - rule USART StopBits 1.5 is applicable
2019-08-26 20:48:05,163 [INFO] Rule:205 - rule USART StopBits 0.5 is applicable
2019-08-26 20:48:05,163 [INFO] Rule:205 - rule UART/USART WORD LENGTH 7 is applicable
2019-08-26 20:48:05,163 [INFO] Rule:205 - rule UART/USART WORD LENGTH 8 is applicable
2019-08-26 20:48:05,163 [INFO] Rule:205 - rule UART/USART WORD LENGTH 9 is applicable
2019-08-26 20:48:05,163 [INFO] Rule:205 - rule Rename FMC NAND NCE signal is applicable
2019-08-26 20:48:05,163 [INFO] Rule:205 - rule Rename FMC NAND INT signal is applicable
2019-08-26 20:48:05,163 [INFO] Rule:205 - rule Change Default Value for ADC ExternalTrigConv L4 family is applicable
2019-08-26 20:48:05,164 [INFO] Rule:205 - rule Change Default Value for ADC ExternalTrigInjecConv L4 family is applicable
2019-08-26 20:48:05,164 [INFO] Rule:205 - rule Change Default Value for ADC ExternalTrigConv F3 family is applicable
2019-08-26 20:48:05,164 [INFO] Rule:205 - rule Change Default Value for ADC ExternalTrigInjecConv F3 family is applicable
2019-08-26 20:48:05,164 [INFO] Rule:205 - rule Change Default Value for ADC ExternalTrigConv Goldfish serie is applicable
2019-08-26 20:48:05,164 [INFO] Rule:205 - rule Change Default Value for ADC ExternalTrigInjecConv Goldfish serie is applicable
2019-08-26 20:48:05,164 [INFO] Rule:205 - rule Change Default Value for ADC ExternalTrigConv L0 family is applicable
2019-08-26 20:48:05,164 [INFO] Rule:205 - rule Change Default Value for ADC ExternalTrigConv F0 family is applicable
2019-08-26 20:48:05,164 [INFO] Rule:205 - rule Change Default Value for ADC ExternalTrigConvn L1 family is applicable
2019-08-26 20:48:05,164 [INFO] Rule:205 - rule Change Default Value for ADC ExternalTrigInjecConv L1 family is applicable
2019-08-26 20:48:05,164 [INFO] Rule:205 - rule Change Default Value for ADC ExternalTrigConv F1 family is applicable
2019-08-26 20:48:05,165 [INFO] Rule:205 - rule Change Default Value for ADC ExternalTrigInjecConv F1 family is applicable
2019-08-26 20:48:05,165 [INFO] Rule:205 - rule Change Default Value for ADC ExternalTrigConv F7 family is applicable
2019-08-26 20:48:05,165 [INFO] Rule:205 - rule Change Default Value for ADC ExternalTrigInjecConv F7 family is applicable
2019-08-26 20:48:05,165 [INFO] Rule:205 - rule Change Default Value for ADC ExternalTrigConv F4 and F2 family is applicable
2019-08-26 20:48:05,165 [INFO] Rule:205 - rule Change Default Value for ADC ExternalTrigInjecConv F4 and F2 family is applicable
2019-08-26 20:48:05,165 [INFO] Rule:205 - rule ADC SamplingTime fix with FW L0  is applicable
2019-08-26 20:48:05,165 [INFO] Rule:205 - rule ADC SamplingTime fix with FW L0  is applicable
2019-08-26 20:48:05,166 [INFO] Rule:205 - rule ADC SamplingTime fix with FW L0 is applicable
2019-08-26 20:48:05,167 [INFO] Rule:205 - rule ADC SamplingTime fix with FW L0 is applicable
2019-08-26 20:48:05,167 [INFO] Rule:205 - rule ADC SamplingTime fix with FW L0  is applicable
2019-08-26 20:48:05,167 [INFO] Rule:205 - rule ADC SamplingTime fix with FW L0 is applicable
2019-08-26 20:48:05,167 [INFO] Rule:205 - rule Rename USB_OE Signal is applicable
2019-08-26 20:48:05,167 [INFO] Rule:205 - rule Rename Activate_OE Mode is applicable
2019-08-26 20:48:05,167 [INFO] Rule:205 - rule Rename DIE462/DIE415 pin PC14/OSC32_IN -> PC14-OSC32_IN (PC14) is applicable
2019-08-26 20:48:05,167 [INFO] Rule:205 - rule Rename DIE462/DIE415 pin PC15/OSC32_OUT -> PC15-OSC32_OUT (PC15) is applicable
2019-08-26 20:48:05,167 [INFO] Rule:205 - rule Rename DIE462/DIE415 pin PH0/OSC_IN -> PH0-OSC_IN (PH0) is applicable
2019-08-26 20:48:05,167 [INFO] Rule:205 - rule Rename DIE462/DIE415 pin PH1/OSC_OUT -> PH1-OSC_OUT (PH1) is applicable
2019-08-26 20:48:05,167 [INFO] Rule:205 - rule Rename DIE462 pin PA13 -> PA13 (JTMS/SWDIO) is applicable
2019-08-26 20:48:05,167 [INFO] Rule:205 - rule Rename DIE415 pin PA13 -> PA13 (JTMS/SWDIO) is applicable
2019-08-26 20:48:05,167 [INFO] Rule:205 - rule Rename DIE462 pin PA14 -> PA14 (JTCK/SWCLK) is applicable
2019-08-26 20:48:05,167 [INFO] Rule:205 - rule Rename DIE415 pin PA14 -> PA14 (JTCK/SWCLK) is applicable
2019-08-26 20:48:05,168 [INFO] Rule:205 - rule Rename DIE462/DIE415 pin PA15 -> PA15 (JTDI) is applicable
2019-08-26 20:48:05,168 [INFO] Rule:205 - rule Rename DIE462 pin PB3 -> PB3 (JTD0/TRACESWO) is applicable
2019-08-26 20:48:05,168 [INFO] Rule:205 - rule Rename DIE415 pin PB3 -> PB3 (JTD0-TRACESWO) is applicable
2019-08-26 20:48:05,168 [INFO] Rule:205 - rule Rename DIE462/DIE415 pin PB4 -> PB4 (NJTRST) is applicable
2019-08-26 20:48:05,168 [INFO] Rule:205 - rule Rename DIE462 pin PH3/BOOT0 -> PH3-BOOT0 (BOOT0) is applicable
2019-08-26 20:48:05,168 [INFO] Rule:205 - rule Rename CRYP DataEncryptionTypesList to Algorithm is applicable
2019-08-26 20:48:05,168 [INFO] Rule:205 - rule Rename AES DataEncryptionTypesList to Algorithm is applicable
2019-08-26 20:48:05,168 [INFO] Rule:205 - rule Rename TDESECB to CRYP_TDES_ECB is applicable
2019-08-26 20:48:05,168 [INFO] Rule:205 - rule Rename TDESCBC to CRYP_TDES_CBC is applicable
2019-08-26 20:48:05,169 [INFO] Rule:205 - rule Rename DESECB to CRYP_DES_ECB is applicable
2019-08-26 20:48:05,169 [INFO] Rule:205 - rule Rename DESCBC to CRYP_DES_CBC is applicable
2019-08-26 20:48:05,169 [INFO] Rule:205 - rule Rename AESECB to CRYP_AES_ECB is applicable
2019-08-26 20:48:05,169 [INFO] Rule:205 - rule Rename AESCBC to CRYP_AES_CBC is applicable
2019-08-26 20:48:05,169 [INFO] Rule:205 - rule Rename AESCTR to CRYP_AES_CTR is applicable
2019-08-26 20:48:05,169 [INFO] Rule:205 - rule Rename AESGCM to CRYP_AES_GCM is applicable
2019-08-26 20:48:05,169 [INFO] Rule:205 - rule Rename AESCCM to CRYP_AES_CCM is applicable
2019-08-26 20:48:05,169 [INFO] Rule:205 - rule Rename CAN TimeSeg1 to BS1 is applicable
2019-08-26 20:48:05,169 [INFO] Rule:205 - rule Rename CAN TimeSeg2 to BS2 is applicable
2019-08-26 20:48:05,169 [INFO] Rule:205 - rule Rename CAN SyncJumpWidth to SJW is applicable
2019-08-26 20:48:05,170 [INFO] Rule:205 - rule TimeTriggeredMode to TTCM is applicable
2019-08-26 20:48:05,170 [INFO] Rule:205 - rule Rename CAN AutoBusOff to ABOM is applicable
2019-08-26 20:48:05,170 [INFO] Rule:205 - rule Rename CAN AutoWakeUp to AWUM is applicable
2019-08-26 20:48:05,170 [INFO] Rule:205 - rule Rename CAN AutoRetransmission to NART is applicable
2019-08-26 20:48:05,170 [INFO] Rule:205 - rule Rename CAN ReceiveFifoLocked to RFLM is applicable
2019-08-26 20:48:05,170 [INFO] Rule:205 - rule Rename CAN TransmitFifoPriority to TXFP is applicable
2019-08-26 20:48:05,170 [INFO] Rule:205 - rule Rename HRTIMER HRTIM_OUTPUTFAULTLEVEL_HIGH in HRTIMER HRTIM_OUTPUTFAULTLEVEL_HIGHZ is applicable
2019-08-26 20:48:05,170 [INFO] Rule:205 - rule Rename TIMER TIM_CLEARINPUTSOURCE_OCREFCLR in  TIMER TIM_CLEARINPUTSOURCE_NONE for F7 family is applicable
2019-08-26 20:48:05,170 [INFO] Rule:205 - rule FDCAN_R1 - Rename FDCAN mode Master into Classic is applicable
2019-08-26 20:48:05,170 [INFO] Rule:205 - rule FDCAN_R2 - Rename FDCAN mode Slave into Classic is applicable
2019-08-26 20:48:05,171 [INFO] Rule:205 - rule FDCAN1_R3 - if PA10.Mode=FullDuplex, add Pin PA12 is applicable
2019-08-26 20:48:05,171 [INFO] Rule:205 - rule FDCAN1_R3 - if PA9.Mode=FullDuplex, add Pin PA11 is applicable
2019-08-26 20:48:05,171 [INFO] Rule:205 - rule FDCAN1_R3 - Alternatepin_1 - if PE1.Mode=FullDuplex, add Pin PB9 is applicable
2019-08-26 20:48:05,171 [INFO] Rule:205 - rule FDCAN1_R3 - Alternatepin_1 - if PE0.Mode=FullDuplex, add Pin PB8 is applicable
2019-08-26 20:48:05,171 [INFO] Rule:205 - rule FDCAN1_R3 - Alternatepin_2 - if PD5.Mode=FullDuplex, add Pin PD1 is applicable
2019-08-26 20:48:05,171 [INFO] Rule:205 - rule FDCAN1_R3 - Alternatepin_2 - if PD4.Mode=FullDuplex, add Pin PD0 is applicable
2019-08-26 20:48:05,171 [INFO] Rule:205 - rule FDCAN1_R4 - Rename Mode FullDuplex into Enable FDCAN_TXFD for pin PA10 is applicable
2019-08-26 20:48:05,171 [INFO] Rule:205 - rule FDCAN1_R4 - Rename Mode FullDuplex into Enable FDCAN_TXFD for pin PA9 is applicable
2019-08-26 20:48:05,171 [INFO] Rule:205 - rule FDCAN1_R4 - Alternatepin_1 - Rename Mode FullDuplex into Enable FDCAN_TXFD for pin PE1 is applicable
2019-08-26 20:48:05,171 [INFO] Rule:205 - rule FDCAN1_R4 - Alternatepin_1 - Rename Mode FullDuplex into Enable FDCAN_TXFD for pin PE0 is applicable
2019-08-26 20:48:05,172 [INFO] Rule:205 - rule FDCAN1_R4 - Alternatepin_2 - Rename Mode FullDuplex into Enable FDCAN_TXFD for pin PD5 is applicable
2019-08-26 20:48:05,172 [INFO] Rule:205 - rule FDCAN1_R4 - Alternatepin_2 - Rename Mode FullDuplex into Enable FDCAN_TXFD for pin PD4 is applicable
2019-08-26 20:48:05,172 [INFO] Rule:205 - rule FDCAN2_R3 - if PD10.Mode=FullDuplex, add Pin PB13 is applicable
2019-08-26 20:48:05,172 [INFO] Rule:205 - rule FDCAN2_R3 - if PD9.Mode=FullDuplex, add Pin PB12 is applicable
2019-08-26 20:48:05,172 [INFO] Rule:205 - rule FDCAN2_R3 - Alternatepin_1 - if PB7.Mode=FullDuplex, add Pin PB6 is applicable
2019-08-26 20:48:05,172 [INFO] Rule:205 - rule FDCAN2_R3 - Alternatepin_1 - if PD9.Mode=FullDuplex, add Pin PB12 is applicable
2019-08-26 20:48:05,172 [INFO] Rule:205 - rule FDCAN2_R4 - Rename Mode FullDuplex into Enable FDCAN_TXFD for pin PD10 is applicable
2019-08-26 20:48:05,172 [INFO] Rule:205 - rule FDCAN2_R4 - Rename Mode FullDuplex into Enable FDCAN_TXFD for pin PD9 is applicable
2019-08-26 20:48:05,172 [INFO] Rule:205 - rule FDCAN2_R4 - Alternatepin_1 - Rename Mode FullDuplex into Enable FDCAN_TXFD for pin PB7 is applicable
2019-08-26 20:48:05,172 [INFO] Rule:205 - rule FDCAN2_R4 - Alternatepin_1 - Rename Mode FullDuplex into Enable FDCAN_TXFD for pin PD6 is applicable
2019-08-26 20:48:05,173 [INFO] Rule:205 - rule USART TxPinLevelInvertParam Mode is applicable
2019-08-26 20:48:05,173 [INFO] Rule:205 - rule USART RxPinLevelInvertParam Mode is applicable
2019-08-26 20:48:05,173 [INFO] Rule:205 - rule USART DataInvertParam Mode is applicable
2019-08-26 20:48:05,173 [INFO] Rule:205 - rule USART SwapParam Mode is applicable
2019-08-26 20:48:05,173 [INFO] Rule:205 - rule USART OverrunDisableParam Mode is applicable
2019-08-26 20:48:05,173 [INFO] Rule:205 - rule USART DMADisableonRxErrorParam Mode is applicable
2019-08-26 20:48:05,173 [INFO] Rule:205 - rule USART MSBFirstParam Mode is applicable
2019-08-26 20:48:05,173 [INFO] Rule:205 - rule Update MwName for USB_DEVICE is applicable
2019-08-26 20:48:05,173 [INFO] Rule:205 - rule Change PWR_Regulator_Voltage_Scale Default Value for RCC  H7 family is applicable
2019-08-26 20:48:05,173 [INFO] Rule:205 - rule UART/USART IPParameter rename Prescaler parameter to ClockPrescaler is applicable
2019-08-26 20:48:05,173 [INFO] Rule:205 - rule UART/USART Prescaler rename Prescaler parameter to ClockPrescaler is applicable
2019-08-26 20:48:05,174 [INFO] Rule:205 - rule TIM1CLockSelection is applicable
2019-08-26 20:48:05,174 [INFO] Rule:205 - rule TIM15CLockSelection is applicable
2019-08-26 20:48:05,185 [INFO] DbConfProperties:222 - Apply Compatibility (38/121 Rules)
2019-08-26 20:48:05,226 [INFO] ImportTextPane:162 - (OptionalMessage_ERROR) Unable to find key (Mcu.ThirdPartyNb) in loaded IOC file
2019-08-26 20:48:05,289 [INFO] ImportTextPane:162 - (OptionalMessage_ERROR) IP (RCC) : Parameter (FLatency) has Id (AdvancedSettings) currently not set
2019-08-26 20:48:05,289 [INFO] ImportTextPane:162 - (OptionalMessage_ERROR) IP (RCC) : Invalid parameter (FamilyName)
2019-08-26 20:48:05,290 [INFO] ImportTextPane:162 - (OptionalMessage_ERROR) IP (RCC) : Invalid parameter (TIM2Freq_Value)
2019-08-26 20:48:06,019 [INFO] UtilMem:74 - End LoadConfig() Used Memory: 266839496 Bytes (681574400)
2019-08-26 20:48:06,023 [INFO] ThirdPartyDb:294 - Open Third Party DataBase File (C:/Users/ftesch/.stm32cubemx/plugins/thirdparty/db/thirdparties_db.xml) : 0 ms. number of Sw pack : 0
2019-08-26 20:48:06,273 [INFO] PinOutPanel:1367 - setPackage(No Configuration,No Configuration)
2019-08-26 20:48:06,277 [INFO] PinOutPanel:1367 - setPackage(STM32F334R8Tx,LQFP64)
2019-08-26 20:48:07,058 [INFO] UtilMem:74 - Before build in PCC Used Memory: 370422064 Bytes (681574400)
2019-08-26 20:48:07,451 [INFO] SharedServices:71 - Folder for power plug-in: C:/Users/ftesch/.stm32cubemx/plugins/power
2019-08-26 20:48:07,452 [INFO] UtilMem:74 - After build in PCC Used Memory: 384579880 Bytes (681574400)
2019-08-26 20:48:07,460 [INFO] BlockDiagram:1818 - stop enableDisableButtons
2019-08-26 20:48:07,460 [INFO] IPUIPlugin:63 - create IPUIPlugin
2019-08-26 20:48:07,460 [INFO] IPUIPlugin:63 - create IPUIPlugin
2019-08-26 20:48:07,461 [INFO] IPUIPlugin:63 - create IPUIPlugin
2019-08-26 20:48:07,461 [INFO] IPUIPlugin:63 - create IPUIPlugin
2019-08-26 20:48:07,461 [INFO] IPUIPlugin:63 - create IPUIPlugin
2019-08-26 20:48:07,461 [INFO] IPUIPlugin:63 - create IPUIPlugin
2019-08-26 20:48:07,461 [INFO] IPUIPlugin:63 - create IPUIPlugin
2019-08-26 20:48:07,462 [INFO] IPUIPlugin:63 - create IPUIPlugin
2019-08-26 20:48:07,462 [INFO] IPUIPlugin:63 - create IPUIPlugin
2019-08-26 20:48:07,462 [INFO] IPUIPlugin:63 - create IPUIPlugin
2019-08-26 20:48:07,462 [INFO] IPUIPlugin:63 - create IPUIPlugin
2019-08-26 20:48:07,462 [INFO] IPUIPlugin:63 - create IPUIPlugin
2019-08-26 20:48:07,462 [INFO] IPUIPlugin:63 - create IPUIPlugin
2019-08-26 20:48:07,462 [INFO] IPUIPlugin:63 - create IPUIPlugin
2019-08-26 20:48:07,463 [INFO] IPUIPlugin:63 - create IPUIPlugin
2019-08-26 20:48:07,463 [INFO] IPUIPlugin:63 - create IPUIPlugin
2019-08-26 20:48:07,464 [INFO] IPUIPlugin:63 - create IPUIPlugin
2019-08-26 20:48:07,464 [INFO] IPUIPlugin:63 - create IPUIPlugin
2019-08-26 20:48:07,464 [INFO] IPUIPlugin:63 - create IPUIPlugin
2019-08-26 20:48:07,464 [INFO] IPUIPlugin:63 - create IPUIPlugin
2019-08-26 20:48:07,464 [INFO] IPUIPlugin:63 - create IPUIPlugin
2019-08-26 20:48:07,464 [INFO] IPUIPlugin:63 - create IPUIPlugin
2019-08-26 20:48:07,464 [INFO] IPUIPlugin:63 - create IPUIPlugin
2019-08-26 20:48:07,465 [INFO] IPUIPlugin:63 - create IPUIPlugin
2019-08-26 20:48:07,465 [INFO] IPUIPlugin:63 - create IPUIPlugin
2019-08-26 20:48:07,465 [INFO] IPUIPlugin:63 - create IPUIPlugin
2019-08-26 20:48:07,465 [INFO] IPUIPlugin:63 - create IPUIPlugin
2019-08-26 20:48:07,465 [INFO] IPUIPlugin:63 - create IPUIPlugin
2019-08-26 20:48:07,466 [INFO] IPUIPlugin:63 - create IPUIPlugin
2019-08-26 20:48:07,466 [INFO] IPUIPlugin:63 - create IPUIPlugin
2019-08-26 20:48:07,466 [INFO] IPUIPlugin:63 - create IPUIPlugin
2019-08-26 20:48:07,466 [INFO] IPUIPlugin:63 - create IPUIPlugin
2019-08-26 20:48:07,467 [INFO] IPUIPlugin:63 - create IPUIPlugin
2019-08-26 20:48:07,467 [INFO] IPUIPlugin:63 - create IPUIPlugin
2019-08-26 20:48:07,467 [INFO] IPUIPlugin:63 - create IPUIPlugin
2019-08-26 20:48:07,467 [INFO] IPUIPlugin:63 - create IPUIPlugin
2019-08-26 20:48:07,467 [INFO] IPUIPlugin:63 - create IPUIPlugin
2019-08-26 20:48:07,486 [INFO] BlockDiagram:1818 - stop enableDisableButtons
2019-08-26 20:48:07,501 [INFO] LogOutputStream:76 - [STDOUT_REDIRECT] toolchainItems.length=====1
2019-08-26 20:48:07,506 [INFO] LogOutputStream:76 - [STDOUT_REDIRECT] method name===============isUnderRootDefaultMode
2019-08-26 20:48:07,509 [INFO] LogOutputStream:76 - [STDOUT_REDIRECT] method name===============isRootSelectionSupported
2019-08-26 20:48:07,602 [INFO] LogOutputStream:76 - [STDOUT_REDIRECT] method name===============isUnderRootDefaultMode
2019-08-26 20:48:07,604 [INFO] LogOutputStream:76 - [STDOUT_REDIRECT] method name===============isUnderRootDefaultMode
2019-08-26 20:48:07,606 [INFO] LogOutputStream:76 - [STDOUT_REDIRECT] method name===============isUnderRootDefaultMode
2019-08-26 20:48:07,607 [INFO] LogOutputStream:76 - [STDOUT_REDIRECT] method name===============isRootSelectionSupported
2019-08-26 20:48:07,609 [INFO] LogOutputStream:76 - [STDOUT_REDIRECT] method name===============isRootSelectionSupported
2019-08-26 20:48:07,611 [INFO] LogOutputStream:76 - [STDOUT_REDIRECT] method name===============isUnderRootDefaultMode
2019-08-26 20:48:07,619 [INFO] OpenFileManager:289 - Restore cursor
2019-08-26 20:48:07,627 [INFO] LogOutputStream:76 - [STDOUT_REDIRECT] method name===============isUnderRootDefaultMode
2019-08-26 20:48:07,629 [INFO] LogOutputStream:76 - [STDOUT_REDIRECT] method name===============isUnderRootDefaultMode
2019-08-26 20:48:07,630 [INFO] LogOutputStream:76 - [STDOUT_REDIRECT] method name===============isUnderRootDefaultMode
2019-08-26 20:48:07,631 [INFO] LogOutputStream:76 - [STDOUT_REDIRECT] method name===============isRootSelectionSupported
2019-08-26 20:48:07,633 [INFO] LogOutputStream:76 - [STDOUT_REDIRECT] method name===============isRootSelectionSupported
2019-08-26 20:48:07,635 [INFO] LogOutputStream:76 - [STDOUT_REDIRECT] method name===============isUnderRootDefaultMode
2019-08-26 20:48:07,740 [INFO] BlockDiagram:1818 - stop enableDisableButtons
2019-08-26 20:48:07,750 [INFO] LogOutputStream:76 - [STDOUT_REDIRECT] method name===============isUnderRootDefaultMode
2019-08-26 20:48:07,753 [INFO] LogOutputStream:76 - [STDOUT_REDIRECT] method name===============isUnderRootDefaultMode
2019-08-26 20:48:07,755 [INFO] LogOutputStream:76 - [STDOUT_REDIRECT] method name===============isUnderRootDefaultMode
2019-08-26 20:48:07,757 [INFO] LogOutputStream:76 - [STDOUT_REDIRECT] method name===============isRootSelectionSupported
2019-08-26 20:48:07,761 [INFO] LogOutputStream:76 - [STDOUT_REDIRECT] method name===============isRootSelectionSupported
2019-08-26 20:48:07,763 [INFO] LogOutputStream:76 - [STDOUT_REDIRECT] method name===============isUnderRootDefaultMode
2019-08-26 20:48:07,800 [INFO] BlockDiagram:1818 - stop enableDisableButtons
2019-08-26 20:48:07,939 [INFO] LogOutputStream:76 - [STDOUT_REDIRECT] method name===============isUnderRootDefaultMode
2019-08-26 20:48:07,941 [INFO] LogOutputStream:76 - [STDOUT_REDIRECT] method name===============isUnderRootDefaultMode
2019-08-26 20:48:07,942 [INFO] LogOutputStream:76 - [STDOUT_REDIRECT] method name===============isUnderRootDefaultMode
2019-08-26 20:48:07,944 [INFO] LogOutputStream:76 - [STDOUT_REDIRECT] method name===============isRootSelectionSupported
2019-08-26 20:48:07,946 [INFO] LogOutputStream:76 - [STDOUT_REDIRECT] method name===============isRootSelectionSupported
2019-08-26 20:48:07,949 [INFO] LogOutputStream:76 - [STDOUT_REDIRECT] method name===============isUnderRootDefaultMode
2019-08-26 20:48:07,963 [INFO] UtilMem:74 - End SaveConfig() Used Memory: 443300136 Bytes (681574400)
2019-08-26 20:48:07,970 [INFO] LogOutputStream:76 - [STDOUT_REDIRECT] method name===============isUnderRootDefaultMode
2019-08-26 20:48:07,971 [INFO] LogOutputStream:76 - [STDOUT_REDIRECT] method name===============isUnderRootDefaultMode
2019-08-26 20:48:07,973 [INFO] LogOutputStream:76 - [STDOUT_REDIRECT] method name===============isUnderRootDefaultMode
2019-08-26 20:48:07,974 [INFO] LogOutputStream:76 - [STDOUT_REDIRECT] method name===============isRootSelectionSupported
2019-08-26 20:48:07,976 [INFO] LogOutputStream:76 - [STDOUT_REDIRECT] method name===============isRootSelectionSupported
2019-08-26 20:48:07,978 [INFO] LogOutputStream:76 - [STDOUT_REDIRECT] method name===============isUnderRootDefaultMode
2019-08-26 20:48:08,011 [INFO] UtilMem:74 - End SaveConfig() Used Memory: 446968112 Bytes (681574400)
2019-08-26 20:48:08,017 [INFO] LogOutputStream:76 - [STDOUT_REDIRECT] method name===============isUnderRootDefaultMode
2019-08-26 20:48:08,021 [INFO] LogOutputStream:76 - [STDOUT_REDIRECT] method name===============isUnderRootDefaultMode
2019-08-26 20:48:08,024 [INFO] LogOutputStream:76 - [STDOUT_REDIRECT] method name===============isUnderRootDefaultMode
2019-08-26 20:48:08,027 [INFO] LogOutputStream:76 - [STDOUT_REDIRECT] method name===============isRootSelectionSupported
2019-08-26 20:48:08,030 [INFO] LogOutputStream:76 - [STDOUT_REDIRECT] method name===============isRootSelectionSupported
2019-08-26 20:48:08,033 [INFO] LogOutputStream:76 - [STDOUT_REDIRECT] method name===============isUnderRootDefaultMode
2019-08-26 20:48:08,597 [INFO] BlockDiagram:1862 - set Specific Code input for plugin: NVIC
2019-08-26 20:48:08,597 [INFO] BlockDiagram:1862 - set Specific Code input for plugin: USART
2019-08-26 20:48:08,597 [INFO] BlockDiagram:1862 - set Specific Code input for plugin: SYS
2019-08-26 20:48:08,597 [INFO] BlockDiagram:1862 - set Specific Code input for plugin: RCC
2019-08-26 20:48:08,603 [INFO] CodeGenerator:583 - code generatio: config db path: C:\ST\STM32CubeIDE_1.0.2\STM32CubeIDE\plugins\com.st.stm32cube.common.mx_5.3.0.201907110903\\db\
2019-08-26 20:48:09,037 [INFO] CodeEngine:190 - oldGeneratedFile, C:\Users\ftesch\Desktop\Interfaceamento_Driver\Relogio\SPI\MXTmpFiles\license.tmp_save
2019-08-26 20:48:09,409 [INFO] CodeEngine:208 - Generated code: C:\Users\ftesch\Desktop\Interfaceamento_Driver\Relogio\SPI\MXTmpFiles\license.tmp
2019-08-26 20:48:09,724 [INFO] CodeEngine:190 - oldGeneratedFile, C:\Users\ftesch\Desktop\Interfaceamento_Driver\Relogio\SPI\MXTmpFiles\gpio.tmp_save
2019-08-26 20:48:09,898 [INFO] CodeEngine:208 - Generated code: C:\Users\ftesch\Desktop\Interfaceamento_Driver\Relogio\SPI\MXTmpFiles\gpio.tmp
2019-08-26 20:48:10,223 [INFO] LogOutputStream:76 - [STDOUT_REDIRECT] Command line
2019-08-26 20:48:10,225 [INFO] LogOutputStream:76 - [STDOUT_REDIRECT] Debug : prepare data for SYS
2019-08-26 20:48:10,226 [INFO] LogOutputStream:76 - [STDOUT_REDIRECT] Command line test
2019-08-26 20:48:10,228 [INFO] LogOutputStream:76 - [STDOUT_REDIRECT] Command line
2019-08-26 20:48:10,229 [INFO] LogOutputStream:76 - [STDOUT_REDIRECT] Debug : prepare data for USART
2019-08-26 20:48:10,231 [INFO] LogOutputStream:76 - [STDOUT_REDIRECT] Command line test
2019-08-26 20:48:10,233 [INFO] LogOutputStream:76 - [STDOUT_REDIRECT] Debug : prepare data for NVIC
2019-08-26 20:48:10,233 [INFO] LogOutputStream:76 - [STDOUT_REDIRECT] Command line test
2019-08-26 20:48:10,271 [INFO] CodeEngine:190 - oldGeneratedFile, C:\Users\ftesch\Desktop\Interfaceamento_Driver\Relogio\SPI\Src\stm32f3xx_it.c_save
2019-08-26 20:48:10,499 [INFO] CodeEngine:208 - Generated code: C:\Users\ftesch\Desktop\Interfaceamento_Driver\Relogio\SPI\Src\stm32f3xx_it.c
2019-08-26 20:48:10,564 [INFO] CodeEngine:190 - oldGeneratedFile, C:\Users\ftesch\Desktop\Interfaceamento_Driver\Relogio\SPI\Inc\stm32f3xx_it.h_save
2019-08-26 20:48:10,705 [INFO] CodeEngine:208 - Generated code: C:\Users\ftesch\Desktop\Interfaceamento_Driver\Relogio\SPI\Inc\stm32f3xx_it.h
2019-08-26 20:48:10,750 [INFO] CodeEngine:190 - oldGeneratedFile, C:\Users\ftesch\Desktop\Interfaceamento_Driver\Relogio\SPI\Src\stm32f3xx_hal_msp.c_save
2019-08-26 20:48:10,937 [INFO] CodeEngine:208 - Generated code: C:\Users\ftesch\Desktop\Interfaceamento_Driver\Relogio\SPI\Src\stm32f3xx_hal_msp.c
2019-08-26 20:48:10,988 [INFO] CodeEngine:190 - oldGeneratedFile, C:\Users\ftesch\Desktop\Interfaceamento_Driver\Relogio\SPI\MXTmpFiles\system.tmp_save
2019-08-26 20:48:11,082 [INFO] CodeEngine:208 - Generated code: C:\Users\ftesch\Desktop\Interfaceamento_Driver\Relogio\SPI\MXTmpFiles\system.tmp
2019-08-26 20:48:11,129 [INFO] CodeEngine:190 - oldGeneratedFile, C:\Users\ftesch\Desktop\Interfaceamento_Driver\Relogio\SPI\Inc\stm32f3xx_hal_conf.h_save
2019-08-26 20:48:11,239 [INFO] CodeEngine:208 - Generated code: C:\Users\ftesch\Desktop\Interfaceamento_Driver\Relogio\SPI\Inc\stm32f3xx_hal_conf.h
2019-08-26 20:48:11,294 [WARN] IPConfigManager:2562 - IP not found : gpio
2019-08-26 20:48:11,296 [WARN] CodeGenerator:2617 - IP not found : gpio
2019-08-26 20:48:11,323 [INFO] CodeEngine:190 - oldGeneratedFile, C:\Users\ftesch\Desktop\Interfaceamento_Driver\Relogio\SPI\Inc\main.h_save
2019-08-26 20:48:11,462 [INFO] CodeEngine:208 - Generated code: C:\Users\ftesch\Desktop\Interfaceamento_Driver\Relogio\SPI\Inc\main.h
2019-08-26 20:48:11,498 [INFO] CodeEngine:190 - oldGeneratedFile, C:\Users\ftesch\Desktop\Interfaceamento_Driver\Relogio\SPI\Src\main.c_save
2019-08-26 20:48:11,640 [INFO] CodeEngine:208 - Generated code: C:\Users\ftesch\Desktop\Interfaceamento_Driver\Relogio\SPI\Src\main.c
2019-08-26 20:48:13,648 [INFO] ProjectBuilder:1570 - Time for Copy HAL[1] : 1279mS.
2019-08-26 20:48:13,665 [INFO] ProjectBuilder:2138 - Project Generator version: 3.4.0
2019-08-26 20:48:13,973 [INFO] ConfigFileManager:879 - The Die is : DIE438
2019-08-26 20:48:13,978 [INFO] LogOutputStream:76 - [STDOUT_REDIRECT] configName ==Arm Cortex-M4
2019-08-26 20:48:14,094 [INFO] LogOutputStream:76 - [STDOUT_REDIRECT] memory ==name="RAM" access="xrw" start="0x20000000" size="12"
2019-08-26 20:48:14,096 [INFO] LogOutputStream:76 - [STDOUT_REDIRECT] memory ==name="CCMRAM" access="rw" start="0x10000000" size="4"
2019-08-26 20:48:14,097 [INFO] LogOutputStream:76 - [STDOUT_REDIRECT] memory ==name="FLASH" access="rx" start="0x8000000" size="64"
2019-08-26 20:48:14,455 [INFO] LogOutputStream:76 - [STDOUT_REDIRECT] namefile= STM32CubeIDE
2019-08-26 20:48:14,457 [INFO] LogOutputStream:76 - [STDOUT_REDIRECT] method name===============generate
2019-08-26 20:48:19,092 [INFO] ProjectBuilder:2232 - Time for Generating toolchain IDE Files: 5427mS.
2019-08-26 20:48:19,097 [INFO] ProjectBuilder:1461 - Time for Copy CMSIS : 5mS.
2019-08-26 20:48:19,103 [INFO] ProjectBuilder:1461 - Time for Copy CMSIS : 0mS.
2019-08-26 20:48:32,958 [INFO] LogOutputStream:76 - [STDOUT_REDIRECT] method name===============isUnderRootDefaultMode
2019-08-26 20:48:32,959 [INFO] LogOutputStream:76 - [STDOUT_REDIRECT] method name===============isUnderRootDefaultMode
2019-08-26 20:48:32,961 [INFO] LogOutputStream:76 - [STDOUT_REDIRECT] method name===============isUnderRootDefaultMode
2019-08-26 20:48:32,962 [INFO] LogOutputStream:76 - [STDOUT_REDIRECT] method name===============isRootSelectionSupported
2019-08-26 20:48:32,964 [INFO] LogOutputStream:76 - [STDOUT_REDIRECT] method name===============isRootSelectionSupported
2019-08-26 20:48:32,965 [INFO] LogOutputStream:76 - [STDOUT_REDIRECT] method name===============isUnderRootDefaultMode
2019-08-26 20:48:33,075 [INFO] BlockDiagram:1818 - stop enableDisableButtons
2019-08-26 20:48:42,254 [INFO] BlockDiagram:1818 - stop enableDisableButtons
2019-08-26 20:48:57,735 [INFO] LogOutputStream:76 - [STDOUT_REDIRECT] method name===============isUnderRootDefaultMode
2019-08-26 20:48:57,737 [INFO] LogOutputStream:76 - [STDOUT_REDIRECT] method name===============isUnderRootDefaultMode
2019-08-26 20:48:57,738 [INFO] LogOutputStream:76 - [STDOUT_REDIRECT] method name===============isUnderRootDefaultMode
2019-08-26 20:48:57,739 [INFO] LogOutputStream:76 - [STDOUT_REDIRECT] method name===============isRootSelectionSupported
2019-08-26 20:48:57,741 [INFO] LogOutputStream:76 - [STDOUT_REDIRECT] method name===============isRootSelectionSupported
2019-08-26 20:48:57,743 [INFO] LogOutputStream:76 - [STDOUT_REDIRECT] method name===============isUnderRootDefaultMode
2019-08-26 20:48:57,836 [INFO] BlockDiagram:1818 - stop enableDisableButtons
2019-08-26 20:48:57,994 [INFO] BlockDiagram:1818 - stop enableDisableButtons
2019-08-26 20:51:04,265 [INFO] BlockDiagram:1818 - stop enableDisableButtons
2019-08-26 20:51:47,013 [INFO] LogOutputStream:76 - [STDOUT_REDIRECT] method name===============isUnderRootDefaultMode
2019-08-26 20:51:47,015 [INFO] LogOutputStream:76 - [STDOUT_REDIRECT] method name===============isUnderRootDefaultMode
2019-08-26 20:51:47,017 [INFO] LogOutputStream:76 - [STDOUT_REDIRECT] method name===============isUnderRootDefaultMode
2019-08-26 20:51:47,019 [INFO] LogOutputStream:76 - [STDOUT_REDIRECT] method name===============isRootSelectionSupported
2019-08-26 20:51:47,020 [INFO] LogOutputStream:76 - [STDOUT_REDIRECT] method name===============isRootSelectionSupported
2019-08-26 20:51:47,022 [INFO] LogOutputStream:76 - [STDOUT_REDIRECT] method name===============isUnderRootDefaultMode
2019-08-26 20:51:47,087 [INFO] BlockDiagram:1818 - stop enableDisableButtons
2019-08-26 20:52:42,830 [INFO] UtilMem:74 - End SaveConfig() Used Memory: 536618864 Bytes (697303040)
2019-08-26 20:52:42,833 [INFO] LogOutputStream:76 - [STDOUT_REDIRECT] method name===============isUnderRootDefaultMode
2019-08-26 20:52:42,835 [INFO] LogOutputStream:76 - [STDOUT_REDIRECT] method name===============isUnderRootDefaultMode
2019-08-26 20:52:42,837 [INFO] LogOutputStream:76 - [STDOUT_REDIRECT] method name===============isUnderRootDefaultMode
2019-08-26 20:52:42,840 [INFO] LogOutputStream:76 - [STDOUT_REDIRECT] method name===============isRootSelectionSupported
2019-08-26 20:52:42,842 [INFO] LogOutputStream:76 - [STDOUT_REDIRECT] method name===============isRootSelectionSupported
2019-08-26 20:52:42,845 [INFO] LogOutputStream:76 - [STDOUT_REDIRECT] method name===============isUnderRootDefaultMode
2019-08-26 20:52:43,004 [INFO] BlockDiagram:1862 - set Specific Code input for plugin: SPI
2019-08-26 20:52:43,005 [INFO] BlockDiagram:1862 - set Specific Code input for plugin: NVIC
2019-08-26 20:52:43,005 [INFO] BlockDiagram:1862 - set Specific Code input for plugin: USART
2019-08-26 20:52:43,005 [INFO] BlockDiagram:1862 - set Specific Code input for plugin: SYS
2019-08-26 20:52:43,005 [INFO] BlockDiagram:1862 - set Specific Code input for plugin: RCC
2019-08-26 20:52:43,011 [INFO] CodeGenerator:583 - code generatio: config db path: C:\ST\STM32CubeIDE_1.0.2\STM32CubeIDE\plugins\com.st.stm32cube.common.mx_5.3.0.201907110903\\db\
2019-08-26 20:52:43,272 [INFO] CodeEngine:190 - oldGeneratedFile, C:\Users\ftesch\Desktop\Interfaceamento_Driver\Relogio\SPI\MXTmpFiles\license.tmp_save
2019-08-26 20:52:43,374 [INFO] CodeEngine:208 - Generated code: C:\Users\ftesch\Desktop\Interfaceamento_Driver\Relogio\SPI\MXTmpFiles\license.tmp
2019-08-26 20:52:43,439 [INFO] CodeEngine:190 - oldGeneratedFile, C:\Users\ftesch\Desktop\Interfaceamento_Driver\Relogio\SPI\MXTmpFiles\gpio.tmp_save
2019-08-26 20:52:43,523 [INFO] CodeEngine:208 - Generated code: C:\Users\ftesch\Desktop\Interfaceamento_Driver\Relogio\SPI\MXTmpFiles\gpio.tmp
2019-08-26 20:52:43,719 [INFO] LogOutputStream:76 - [STDOUT_REDIRECT] Command line
2019-08-26 20:52:43,720 [INFO] LogOutputStream:76 - [STDOUT_REDIRECT] Debug : prepare data for SPI
2019-08-26 20:52:43,721 [INFO] LogOutputStream:76 - [STDOUT_REDIRECT] Command line test
2019-08-26 20:52:43,723 [INFO] LogOutputStream:76 - [STDOUT_REDIRECT] Command line
2019-08-26 20:52:43,724 [INFO] LogOutputStream:76 - [STDOUT_REDIRECT] Debug : prepare data for SYS
2019-08-26 20:52:43,724 [INFO] LogOutputStream:76 - [STDOUT_REDIRECT] Command line test
2019-08-26 20:52:43,726 [INFO] LogOutputStream:76 - [STDOUT_REDIRECT] Command line
2019-08-26 20:52:43,727 [INFO] LogOutputStream:76 - [STDOUT_REDIRECT] Debug : prepare data for USART
2019-08-26 20:52:43,727 [INFO] LogOutputStream:76 - [STDOUT_REDIRECT] Command line test
2019-08-26 20:52:43,729 [INFO] LogOutputStream:76 - [STDOUT_REDIRECT] Debug : prepare data for NVIC
2019-08-26 20:52:43,729 [INFO] LogOutputStream:76 - [STDOUT_REDIRECT] Command line test
2019-08-26 20:52:43,750 [INFO] CodeEngine:190 - oldGeneratedFile, C:\Users\ftesch\Desktop\Interfaceamento_Driver\Relogio\SPI\Src\stm32f3xx_it.c_save
2019-08-26 20:52:43,904 [INFO] CodeEngine:208 - Generated code: C:\Users\ftesch\Desktop\Interfaceamento_Driver\Relogio\SPI\Src\stm32f3xx_it.c
2019-08-26 20:52:43,954 [INFO] CodeEngine:190 - oldGeneratedFile, C:\Users\ftesch\Desktop\Interfaceamento_Driver\Relogio\SPI\Inc\stm32f3xx_it.h_save
2019-08-26 20:52:44,162 [INFO] CodeEngine:208 - Generated code: C:\Users\ftesch\Desktop\Interfaceamento_Driver\Relogio\SPI\Inc\stm32f3xx_it.h
2019-08-26 20:52:44,211 [INFO] CodeEngine:190 - oldGeneratedFile, C:\Users\ftesch\Desktop\Interfaceamento_Driver\Relogio\SPI\Src\stm32f3xx_hal_msp.c_save
2019-08-26 20:52:44,380 [INFO] CodeEngine:208 - Generated code: C:\Users\ftesch\Desktop\Interfaceamento_Driver\Relogio\SPI\Src\stm32f3xx_hal_msp.c
2019-08-26 20:52:44,417 [INFO] CodeEngine:190 - oldGeneratedFile, C:\Users\ftesch\Desktop\Interfaceamento_Driver\Relogio\SPI\MXTmpFiles\system.tmp_save
2019-08-26 20:52:44,494 [INFO] CodeEngine:208 - Generated code: C:\Users\ftesch\Desktop\Interfaceamento_Driver\Relogio\SPI\MXTmpFiles\system.tmp
2019-08-26 20:52:44,531 [INFO] CodeEngine:190 - oldGeneratedFile, C:\Users\ftesch\Desktop\Interfaceamento_Driver\Relogio\SPI\Inc\stm32f3xx_hal_conf.h_save
2019-08-26 20:52:44,649 [INFO] CodeEngine:208 - Generated code: C:\Users\ftesch\Desktop\Interfaceamento_Driver\Relogio\SPI\Inc\stm32f3xx_hal_conf.h
2019-08-26 20:52:44,676 [WARN] IPConfigManager:2562 - IP not found : gpio
2019-08-26 20:52:44,677 [WARN] CodeGenerator:2617 - IP not found : gpio
2019-08-26 20:52:44,695 [INFO] CodeEngine:190 - oldGeneratedFile, C:\Users\ftesch\Desktop\Interfaceamento_Driver\Relogio\SPI\Inc\main.h_save
2019-08-26 20:52:44,806 [INFO] CodeEngine:208 - Generated code: C:\Users\ftesch\Desktop\Interfaceamento_Driver\Relogio\SPI\Inc\main.h
2019-08-26 20:52:44,844 [INFO] CodeEngine:190 - oldGeneratedFile, C:\Users\ftesch\Desktop\Interfaceamento_Driver\Relogio\SPI\Src\main.c_save
2019-08-26 20:52:45,058 [INFO] CodeEngine:208 - Generated code: C:\Users\ftesch\Desktop\Interfaceamento_Driver\Relogio\SPI\Src\main.c
2019-08-26 20:52:46,604 [INFO] ProjectBuilder:1570 - Time for Copy HAL[1] : 735mS.
2019-08-26 20:52:46,607 [INFO] ProjectBuilder:2138 - Project Generator version: 3.4.0
2019-08-26 20:52:46,862 [INFO] ConfigFileManager:879 - The Die is : DIE438
2019-08-26 20:52:46,866 [INFO] LogOutputStream:76 - [STDOUT_REDIRECT] configName ==Arm Cortex-M4
2019-08-26 20:52:47,029 [INFO] LogOutputStream:76 - [STDOUT_REDIRECT] memory ==name="RAM" access="xrw" start="0x20000000" size="12"
2019-08-26 20:52:47,030 [INFO] LogOutputStream:76 - [STDOUT_REDIRECT] memory ==name="CCMRAM" access="rw" start="0x10000000" size="4"
2019-08-26 20:52:47,032 [INFO] LogOutputStream:76 - [STDOUT_REDIRECT] memory ==name="FLASH" access="rx" start="0x8000000" size="64"
2019-08-26 20:52:47,463 [INFO] LogOutputStream:76 - [STDOUT_REDIRECT] namefile= STM32CubeIDE
2019-08-26 20:52:47,464 [INFO] LogOutputStream:76 - [STDOUT_REDIRECT] method name===============update
2019-08-26 20:52:48,504 [INFO] ProjectBuilder:2232 - Time for Generating toolchain IDE Files: 1897mS.
2019-08-26 20:52:48,510 [INFO] ProjectBuilder:1461 - Time for Copy CMSIS : 5mS.
2019-08-26 20:52:48,516 [INFO] ProjectBuilder:1461 - Time for Copy CMSIS : 1mS.
2019-08-26 20:54:21,215 [INFO] BlockDiagram:1818 - stop enableDisableButtons
2019-08-26 21:05:37,956 [INFO] MainUpdater:2040 - connection check result : 10
2019-08-26 21:05:37,958 [INFO] LogOutputStream:76 - [STDOUT_REDIRECT] Successfull proxy connection.
2019-08-26 21:05:38,023 [INFO] MicroXplorer:371 - Change Database Path : 
2019-08-26 21:05:38,024 [INFO] MicroXplorer:401 - Change Database Version : DB.5.0.30
2019-08-26 21:05:38,027 [INFO] PinOutPanel:1367 - setPackage(No Configuration,No Configuration)
2019-08-26 21:05:38,029 [INFO] UtilMem:74 - Begin LoadConfig() Used Memory: 523747592 Bytes (697303040)
2019-08-26 21:05:38,029 [INFO] MicroXplorer:371 - Change Database Path : 
2019-08-26 21:05:38,030 [INFO] MicroXplorer:401 - Change Database Version : DB.5.0.30
2019-08-26 21:05:38,030 [INFO] OpenFileManager:269 - Change cursor
2019-08-26 21:05:38,041 [INFO] RulesReader:52 - Compatibility file has been processed (156 Rules)
2019-08-26 21:06:01,741 [INFO] ImportTextPane:162 - (OptionalMessage_ERROR) IP (RCC) : Parameter (FLatency) has Id (AdvancedSettings) currently not set
2019-08-26 21:06:01,742 [INFO] ImportTextPane:162 - (OptionalMessage_ERROR) IP (RCC) : Invalid parameter (FamilyName)
2019-08-26 21:06:01,742 [INFO] ImportTextPane:162 - (OptionalMessage_ERROR) IP (RCC) : Invalid parameter (TIM2Freq_Value)
2019-08-26 21:06:02,482 [INFO] UtilMem:74 - End LoadConfig() Used Memory: 346390128 Bytes (697303040)
2019-08-26 21:06:02,601 [INFO] PinOutPanel:1367 - setPackage(No Configuration,No Configuration)
2019-08-26 21:06:02,602 [INFO] PinOutPanel:1367 - setPackage(STM32F334R8Tx,LQFP64)
2019-08-26 21:06:02,956 [INFO] UtilMem:74 - Before build in PCC Used Memory: 432146904 Bytes (697303040)
2019-08-26 21:06:03,064 [INFO] SharedServices:71 - Folder for power plug-in: C:/Users/ftesch/.stm32cubemx/plugins/power
2019-08-26 21:06:03,064 [INFO] UtilMem:74 - After build in PCC Used Memory: 440535512 Bytes (697303040)
2019-08-26 21:06:03,072 [INFO] BlockDiagram:1818 - stop enableDisableButtons
2019-08-26 21:06:03,072 [INFO] IPUIPlugin:63 - create IPUIPlugin
2019-08-26 21:06:03,073 [INFO] IPUIPlugin:63 - create IPUIPlugin
2019-08-26 21:06:03,073 [INFO] IPUIPlugin:63 - create IPUIPlugin
2019-08-26 21:06:03,073 [INFO] IPUIPlugin:63 - create IPUIPlugin
2019-08-26 21:06:03,073 [INFO] IPUIPlugin:63 - create IPUIPlugin
2019-08-26 21:06:03,073 [INFO] IPUIPlugin:63 - create IPUIPlugin
2019-08-26 21:06:03,074 [INFO] IPUIPlugin:63 - create IPUIPlugin
2019-08-26 21:06:03,074 [INFO] IPUIPlugin:63 - create IPUIPlugin
2019-08-26 21:06:03,074 [INFO] IPUIPlugin:63 - create IPUIPlugin
2019-08-26 21:06:03,074 [INFO] IPUIPlugin:63 - create IPUIPlugin
2019-08-26 21:06:03,075 [INFO] IPUIPlugin:63 - create IPUIPlugin
2019-08-26 21:06:03,075 [INFO] IPUIPlugin:63 - create IPUIPlugin
2019-08-26 21:06:03,075 [INFO] IPUIPlugin:63 - create IPUIPlugin
2019-08-26 21:06:03,075 [INFO] IPUIPlugin:63 - create IPUIPlugin
2019-08-26 21:06:03,076 [INFO] IPUIPlugin:63 - create IPUIPlugin
2019-08-26 21:06:03,076 [INFO] IPUIPlugin:63 - create IPUIPlugin
2019-08-26 21:06:03,077 [INFO] IPUIPlugin:63 - create IPUIPlugin
2019-08-26 21:06:03,077 [INFO] IPUIPlugin:63 - create IPUIPlugin
2019-08-26 21:06:03,077 [INFO] IPUIPlugin:63 - create IPUIPlugin
2019-08-26 21:06:03,077 [INFO] IPUIPlugin:63 - create IPUIPlugin
2019-08-26 21:06:03,078 [INFO] IPUIPlugin:63 - create IPUIPlugin
2019-08-26 21:06:03,078 [INFO] IPUIPlugin:63 - create IPUIPlugin
2019-08-26 21:06:03,078 [INFO] IPUIPlugin:63 - create IPUIPlugin
2019-08-26 21:06:03,078 [INFO] IPUIPlugin:63 - create IPUIPlugin
2019-08-26 21:06:03,079 [INFO] IPUIPlugin:63 - create IPUIPlugin
2019-08-26 21:06:03,079 [INFO] IPUIPlugin:63 - create IPUIPlugin
2019-08-26 21:06:03,079 [INFO] IPUIPlugin:63 - create IPUIPlugin
2019-08-26 21:06:03,079 [INFO] IPUIPlugin:63 - create IPUIPlugin
2019-08-26 21:06:03,080 [INFO] IPUIPlugin:63 - create IPUIPlugin
2019-08-26 21:06:03,080 [INFO] IPUIPlugin:63 - create IPUIPlugin
2019-08-26 21:06:03,081 [INFO] IPUIPlugin:63 - create IPUIPlugin
2019-08-26 21:06:03,081 [INFO] IPUIPlugin:63 - create IPUIPlugin
2019-08-26 21:06:03,081 [INFO] IPUIPlugin:63 - create IPUIPlugin
2019-08-26 21:06:03,081 [INFO] IPUIPlugin:63 - create IPUIPlugin
2019-08-26 21:06:03,081 [INFO] IPUIPlugin:63 - create IPUIPlugin
2019-08-26 21:06:03,081 [INFO] IPUIPlugin:63 - create IPUIPlugin
2019-08-26 21:06:03,082 [INFO] IPUIPlugin:63 - create IPUIPlugin
2019-08-26 21:06:03,085 [INFO] BlockDiagram:1818 - stop enableDisableButtons
2019-08-26 21:06:03,094 [INFO] LogOutputStream:76 - [STDOUT_REDIRECT] method name===============isUnderRootDefaultMode
2019-08-26 21:06:03,096 [INFO] LogOutputStream:76 - [STDOUT_REDIRECT] method name===============isUnderRootDefaultMode
2019-08-26 21:06:03,097 [INFO] LogOutputStream:76 - [STDOUT_REDIRECT] method name===============isUnderRootDefaultMode
2019-08-26 21:06:03,099 [INFO] LogOutputStream:76 - [STDOUT_REDIRECT] method name===============isRootSelectionSupported
2019-08-26 21:06:03,100 [INFO] LogOutputStream:76 - [STDOUT_REDIRECT] method name===============isRootSelectionSupported
2019-08-26 21:06:03,102 [INFO] LogOutputStream:76 - [STDOUT_REDIRECT] method name===============isUnderRootDefaultMode
2019-08-26 21:06:03,114 [INFO] OpenFileManager:289 - Restore cursor
2019-08-26 21:06:03,120 [INFO] LogOutputStream:76 - [STDOUT_REDIRECT] method name===============isUnderRootDefaultMode
2019-08-26 21:06:03,121 [INFO] LogOutputStream:76 - [STDOUT_REDIRECT] method name===============isUnderRootDefaultMode
2019-08-26 21:06:03,123 [INFO] LogOutputStream:76 - [STDOUT_REDIRECT] method name===============isUnderRootDefaultMode
2019-08-26 21:06:03,125 [INFO] LogOutputStream:76 - [STDOUT_REDIRECT] method name===============isRootSelectionSupported
2019-08-26 21:06:03,126 [INFO] LogOutputStream:76 - [STDOUT_REDIRECT] method name===============isRootSelectionSupported
2019-08-26 21:06:03,127 [INFO] LogOutputStream:76 - [STDOUT_REDIRECT] method name===============isUnderRootDefaultMode
2019-08-26 21:06:03,202 [INFO] BlockDiagram:1818 - stop enableDisableButtons
2019-08-26 21:06:03,208 [INFO] LogOutputStream:76 - [STDOUT_REDIRECT] method name===============isUnderRootDefaultMode
2019-08-26 21:06:03,210 [INFO] LogOutputStream:76 - [STDOUT_REDIRECT] method name===============isUnderRootDefaultMode
2019-08-26 21:06:03,211 [INFO] LogOutputStream:76 - [STDOUT_REDIRECT] method name===============isUnderRootDefaultMode
2019-08-26 21:06:03,212 [INFO] LogOutputStream:76 - [STDOUT_REDIRECT] method name===============isRootSelectionSupported
2019-08-26 21:06:03,214 [INFO] LogOutputStream:76 - [STDOUT_REDIRECT] method name===============isRootSelectionSupported
2019-08-26 21:06:03,215 [INFO] LogOutputStream:76 - [STDOUT_REDIRECT] method name===============isUnderRootDefaultMode
2019-08-26 21:06:03,228 [INFO] BlockDiagram:1818 - stop enableDisableButtons
2019-08-26 21:14:49,926 [INFO] BlockDiagram:1818 - stop enableDisableButtons
2019-08-26 21:17:22,185 [INFO] MainUpdater:2040 - connection check result : 10
2019-08-26 21:17:22,188 [INFO] LogOutputStream:76 - [STDOUT_REDIRECT] Successfull proxy connection.
2019-08-26 21:17:22,253 [INFO] MicroXplorer:371 - Change Database Path : 
2019-08-26 21:17:22,253 [INFO] MicroXplorer:401 - Change Database Version : DB.5.0.30
2019-08-26 21:17:22,255 [INFO] PinOutPanel:1367 - setPackage(No Configuration,No Configuration)
2019-08-26 21:17:22,259 [INFO] UtilMem:74 - Begin LoadConfig() Used Memory: 487440360 Bytes (697303040)
2019-08-26 21:17:22,259 [INFO] MicroXplorer:371 - Change Database Path : 
2019-08-26 21:17:22,259 [INFO] MicroXplorer:401 - Change Database Version : DB.5.0.30
2019-08-26 21:17:22,259 [INFO] OpenFileManager:269 - Change cursor
2019-08-26 21:17:27,463 [INFO] ImportTextPane:162 - (OptionalMessage_ERROR) IP (RCC) : Parameter (FLatency) has Id (AdvancedSettings) currently not set
2019-08-26 21:17:27,463 [INFO] ImportTextPane:162 - (OptionalMessage_ERROR) IP (RCC) : Invalid parameter (FamilyName)
2019-08-26 21:17:27,464 [INFO] ImportTextPane:162 - (OptionalMessage_ERROR) IP (RCC) : Invalid parameter (TIM2Freq_Value)
2019-08-26 21:17:28,256 [INFO] UtilMem:74 - End LoadConfig() Used Memory: 473283064 Bytes (697303040)
2019-08-26 21:17:28,349 [INFO] PinOutPanel:1367 - setPackage(No Configuration,No Configuration)
2019-08-26 21:17:28,349 [INFO] PinOutPanel:1367 - setPackage(STM32F334R8Tx,LQFP64)
2019-08-26 21:17:28,697 [INFO] UtilMem:74 - Before build in PCC Used Memory: 559039840 Bytes (697303040)
2019-08-26 21:17:28,787 [INFO] SharedServices:71 - Folder for power plug-in: C:/Users/ftesch/.stm32cubemx/plugins/power
2019-08-26 21:17:28,788 [INFO] UtilMem:74 - After build in PCC Used Memory: 567428448 Bytes (697303040)
2019-08-26 21:17:28,794 [INFO] BlockDiagram:1818 - stop enableDisableButtons
2019-08-26 21:17:28,794 [INFO] IPUIPlugin:63 - create IPUIPlugin
2019-08-26 21:17:28,794 [INFO] IPUIPlugin:63 - create IPUIPlugin
2019-08-26 21:17:28,794 [INFO] IPUIPlugin:63 - create IPUIPlugin
2019-08-26 21:17:28,795 [INFO] IPUIPlugin:63 - create IPUIPlugin
2019-08-26 21:17:28,795 [INFO] IPUIPlugin:63 - create IPUIPlugin
2019-08-26 21:17:28,795 [INFO] IPUIPlugin:63 - create IPUIPlugin
2019-08-26 21:17:28,795 [INFO] IPUIPlugin:63 - create IPUIPlugin
2019-08-26 21:17:28,795 [INFO] IPUIPlugin:63 - create IPUIPlugin
2019-08-26 21:17:28,796 [INFO] IPUIPlugin:63 - create IPUIPlugin
2019-08-26 21:17:28,796 [INFO] IPUIPlugin:63 - create IPUIPlugin
2019-08-26 21:17:28,796 [INFO] IPUIPlugin:63 - create IPUIPlugin
2019-08-26 21:17:28,796 [INFO] IPUIPlugin:63 - create IPUIPlugin
2019-08-26 21:17:28,796 [INFO] IPUIPlugin:63 - create IPUIPlugin
2019-08-26 21:17:28,797 [INFO] IPUIPlugin:63 - create IPUIPlugin
2019-08-26 21:17:28,797 [INFO] IPUIPlugin:63 - create IPUIPlugin
2019-08-26 21:17:28,797 [INFO] IPUIPlugin:63 - create IPUIPlugin
2019-08-26 21:17:28,797 [INFO] IPUIPlugin:63 - create IPUIPlugin
2019-08-26 21:17:28,798 [INFO] IPUIPlugin:63 - create IPUIPlugin
2019-08-26 21:17:28,798 [INFO] IPUIPlugin:63 - create IPUIPlugin
2019-08-26 21:17:28,798 [INFO] IPUIPlugin:63 - create IPUIPlugin
2019-08-26 21:17:28,798 [INFO] IPUIPlugin:63 - create IPUIPlugin
2019-08-26 21:17:28,798 [INFO] IPUIPlugin:63 - create IPUIPlugin
2019-08-26 21:17:28,799 [INFO] IPUIPlugin:63 - create IPUIPlugin
2019-08-26 21:17:28,799 [INFO] IPUIPlugin:63 - create IPUIPlugin
2019-08-26 21:17:28,799 [INFO] IPUIPlugin:63 - create IPUIPlugin
2019-08-26 21:17:28,799 [INFO] IPUIPlugin:63 - create IPUIPlugin
2019-08-26 21:17:28,800 [INFO] IPUIPlugin:63 - create IPUIPlugin
2019-08-26 21:17:28,800 [INFO] IPUIPlugin:63 - create IPUIPlugin
2019-08-26 21:17:28,800 [INFO] IPUIPlugin:63 - create IPUIPlugin
2019-08-26 21:17:28,800 [INFO] IPUIPlugin:63 - create IPUIPlugin
2019-08-26 21:17:28,800 [INFO] IPUIPlugin:63 - create IPUIPlugin
2019-08-26 21:17:28,801 [INFO] IPUIPlugin:63 - create IPUIPlugin
2019-08-26 21:17:28,801 [INFO] IPUIPlugin:63 - create IPUIPlugin
2019-08-26 21:17:28,801 [INFO] IPUIPlugin:63 - create IPUIPlugin
2019-08-26 21:17:28,801 [INFO] IPUIPlugin:63 - create IPUIPlugin
2019-08-26 21:17:28,802 [INFO] IPUIPlugin:63 - create IPUIPlugin
2019-08-26 21:17:28,802 [INFO] IPUIPlugin:63 - create IPUIPlugin
2019-08-26 21:17:28,806 [INFO] BlockDiagram:1818 - stop enableDisableButtons
2019-08-26 21:17:28,816 [INFO] LogOutputStream:76 - [STDOUT_REDIRECT] method name===============isUnderRootDefaultMode
2019-08-26 21:17:28,819 [INFO] LogOutputStream:76 - [STDOUT_REDIRECT] method name===============isUnderRootDefaultMode
2019-08-26 21:17:28,821 [INFO] LogOutputStream:76 - [STDOUT_REDIRECT] method name===============isUnderRootDefaultMode
2019-08-26 21:17:28,822 [INFO] LogOutputStream:76 - [STDOUT_REDIRECT] method name===============isRootSelectionSupported
2019-08-26 21:17:28,824 [INFO] LogOutputStream:76 - [STDOUT_REDIRECT] method name===============isRootSelectionSupported
2019-08-26 21:17:28,826 [INFO] LogOutputStream:76 - [STDOUT_REDIRECT] method name===============isUnderRootDefaultMode
2019-08-26 21:17:28,837 [INFO] OpenFileManager:289 - Restore cursor
2019-08-26 21:17:28,844 [INFO] LogOutputStream:76 - [STDOUT_REDIRECT] method name===============isUnderRootDefaultMode
2019-08-26 21:17:28,845 [INFO] LogOutputStream:76 - [STDOUT_REDIRECT] method name===============isUnderRootDefaultMode
2019-08-26 21:17:28,847 [INFO] LogOutputStream:76 - [STDOUT_REDIRECT] method name===============isUnderRootDefaultMode
2019-08-26 21:17:28,848 [INFO] LogOutputStream:76 - [STDOUT_REDIRECT] method name===============isRootSelectionSupported
2019-08-26 21:17:28,849 [INFO] LogOutputStream:76 - [STDOUT_REDIRECT] method name===============isRootSelectionSupported
2019-08-26 21:17:28,851 [INFO] LogOutputStream:76 - [STDOUT_REDIRECT] method name===============isUnderRootDefaultMode
2019-08-26 21:17:28,938 [INFO] BlockDiagram:1818 - stop enableDisableButtons
2019-08-26 21:17:28,946 [INFO] LogOutputStream:76 - [STDOUT_REDIRECT] method name===============isUnderRootDefaultMode
2019-08-26 21:17:28,947 [INFO] LogOutputStream:76 - [STDOUT_REDIRECT] method name===============isUnderRootDefaultMode
2019-08-26 21:17:28,949 [INFO] LogOutputStream:76 - [STDOUT_REDIRECT] method name===============isUnderRootDefaultMode
2019-08-26 21:17:28,950 [INFO] LogOutputStream:76 - [STDOUT_REDIRECT] method name===============isRootSelectionSupported
2019-08-26 21:17:28,951 [INFO] LogOutputStream:76 - [STDOUT_REDIRECT] method name===============isRootSelectionSupported
2019-08-26 21:17:28,953 [INFO] LogOutputStream:76 - [STDOUT_REDIRECT] method name===============isUnderRootDefaultMode
2019-08-26 21:17:28,966 [INFO] BlockDiagram:1818 - stop enableDisableButtons
2019-08-26 21:17:44,397 [INFO] BlockDiagram:1818 - stop enableDisableButtons
2019-08-26 21:17:44,963 [INFO] BlockDiagram:1818 - stop enableDisableButtons
2019-08-26 21:17:44,971 [INFO] Gpio:238 - dependency for GPIO [RCC, SPI1, SYS, USART2]
2019-08-26 21:18:10,798 [INFO] UtilMem:74 - End SaveConfig() Used Memory: 543456240 Bytes (697303040)
2019-08-26 21:18:10,802 [INFO] LogOutputStream:76 - [STDOUT_REDIRECT] method name===============isUnderRootDefaultMode
2019-08-26 21:18:10,805 [INFO] LogOutputStream:76 - [STDOUT_REDIRECT] method name===============isUnderRootDefaultMode
2019-08-26 21:18:10,807 [INFO] LogOutputStream:76 - [STDOUT_REDIRECT] method name===============isUnderRootDefaultMode
2019-08-26 21:18:10,809 [INFO] LogOutputStream:76 - [STDOUT_REDIRECT] method name===============isRootSelectionSupported
2019-08-26 21:18:10,812 [INFO] LogOutputStream:76 - [STDOUT_REDIRECT] method name===============isRootSelectionSupported
2019-08-26 21:18:10,814 [INFO] LogOutputStream:76 - [STDOUT_REDIRECT] method name===============isUnderRootDefaultMode
2019-08-26 21:18:10,972 [INFO] BlockDiagram:1862 - set Specific Code input for plugin: SPI
2019-08-26 21:18:10,973 [INFO] BlockDiagram:1862 - set Specific Code input for plugin: NVIC
2019-08-26 21:18:10,973 [INFO] BlockDiagram:1862 - set Specific Code input for plugin: USART
2019-08-26 21:18:10,973 [INFO] BlockDiagram:1862 - set Specific Code input for plugin: SYS
2019-08-26 21:18:10,973 [INFO] BlockDiagram:1862 - set Specific Code input for plugin: RCC
2019-08-26 21:18:10,979 [INFO] CodeGenerator:583 - code generatio: config db path: C:\ST\STM32CubeIDE_1.0.2\STM32CubeIDE\plugins\com.st.stm32cube.common.mx_5.3.0.201907110903\\db\
2019-08-26 21:18:11,231 [INFO] CodeEngine:190 - oldGeneratedFile, C:\Users\ftesch\Desktop\Interfaceamento_Driver\Relogio\SPI\MXTmpFiles\license.tmp_save
2019-08-26 21:18:11,303 [INFO] CodeEngine:208 - Generated code: C:\Users\ftesch\Desktop\Interfaceamento_Driver\Relogio\SPI\MXTmpFiles\license.tmp
2019-08-26 21:18:11,368 [INFO] CodeEngine:190 - oldGeneratedFile, C:\Users\ftesch\Desktop\Interfaceamento_Driver\Relogio\SPI\MXTmpFiles\gpio.tmp_save
2019-08-26 21:18:11,447 [INFO] CodeEngine:208 - Generated code: C:\Users\ftesch\Desktop\Interfaceamento_Driver\Relogio\SPI\MXTmpFiles\gpio.tmp
2019-08-26 21:18:11,533 [INFO] LogOutputStream:76 - [STDOUT_REDIRECT] Command line
2019-08-26 21:18:11,534 [INFO] LogOutputStream:76 - [STDOUT_REDIRECT] Debug : prepare data for SPI
2019-08-26 21:18:11,534 [INFO] LogOutputStream:76 - [STDOUT_REDIRECT] Command line test
2019-08-26 21:18:11,536 [INFO] LogOutputStream:76 - [STDOUT_REDIRECT] Command line
2019-08-26 21:18:11,537 [INFO] LogOutputStream:76 - [STDOUT_REDIRECT] Debug : prepare data for SYS
2019-08-26 21:18:11,538 [INFO] LogOutputStream:76 - [STDOUT_REDIRECT] Command line test
2019-08-26 21:18:11,539 [INFO] LogOutputStream:76 - [STDOUT_REDIRECT] Command line
2019-08-26 21:18:11,540 [INFO] LogOutputStream:76 - [STDOUT_REDIRECT] Debug : prepare data for USART
2019-08-26 21:18:11,541 [INFO] LogOutputStream:76 - [STDOUT_REDIRECT] Command line test
2019-08-26 21:18:11,543 [INFO] LogOutputStream:76 - [STDOUT_REDIRECT] Debug : prepare data for NVIC
2019-08-26 21:18:11,543 [INFO] LogOutputStream:76 - [STDOUT_REDIRECT] Command line test
2019-08-26 21:18:11,562 [INFO] CodeEngine:190 - oldGeneratedFile, C:\Users\ftesch\Desktop\Interfaceamento_Driver\Relogio\SPI\Src\stm32f3xx_it.c_save
2019-08-26 21:18:11,684 [INFO] CodeEngine:208 - Generated code: C:\Users\ftesch\Desktop\Interfaceamento_Driver\Relogio\SPI\Src\stm32f3xx_it.c
2019-08-26 21:18:11,713 [INFO] CodeEngine:190 - oldGeneratedFile, C:\Users\ftesch\Desktop\Interfaceamento_Driver\Relogio\SPI\Inc\stm32f3xx_it.h_save
2019-08-26 21:18:11,941 [INFO] CodeEngine:208 - Generated code: C:\Users\ftesch\Desktop\Interfaceamento_Driver\Relogio\SPI\Inc\stm32f3xx_it.h
2019-08-26 21:18:11,979 [INFO] CodeEngine:190 - oldGeneratedFile, C:\Users\ftesch\Desktop\Interfaceamento_Driver\Relogio\SPI\Src\stm32f3xx_hal_msp.c_save
2019-08-26 21:18:12,145 [INFO] CodeEngine:208 - Generated code: C:\Users\ftesch\Desktop\Interfaceamento_Driver\Relogio\SPI\Src\stm32f3xx_hal_msp.c
2019-08-26 21:18:12,162 [INFO] CodeEngine:190 - oldGeneratedFile, C:\Users\ftesch\Desktop\Interfaceamento_Driver\Relogio\SPI\MXTmpFiles\system.tmp_save
2019-08-26 21:18:12,280 [INFO] CodeEngine:208 - Generated code: C:\Users\ftesch\Desktop\Interfaceamento_Driver\Relogio\SPI\MXTmpFiles\system.tmp
2019-08-26 21:18:12,316 [INFO] CodeEngine:190 - oldGeneratedFile, C:\Users\ftesch\Desktop\Interfaceamento_Driver\Relogio\SPI\Inc\stm32f3xx_hal_conf.h_save
2019-08-26 21:18:12,432 [INFO] CodeEngine:208 - Generated code: C:\Users\ftesch\Desktop\Interfaceamento_Driver\Relogio\SPI\Inc\stm32f3xx_hal_conf.h
2019-08-26 21:18:12,457 [WARN] IPConfigManager:2562 - IP not found : gpio
2019-08-26 21:18:12,459 [WARN] CodeGenerator:2617 - IP not found : gpio
2019-08-26 21:18:12,478 [INFO] CodeEngine:190 - oldGeneratedFile, C:\Users\ftesch\Desktop\Interfaceamento_Driver\Relogio\SPI\Inc\main.h_save
2019-08-26 21:18:12,590 [INFO] CodeEngine:208 - Generated code: C:\Users\ftesch\Desktop\Interfaceamento_Driver\Relogio\SPI\Inc\main.h
2019-08-26 21:18:12,624 [INFO] CodeEngine:190 - oldGeneratedFile, C:\Users\ftesch\Desktop\Interfaceamento_Driver\Relogio\SPI\Src\main.c_save
2019-08-26 21:18:12,845 [INFO] CodeEngine:208 - Generated code: C:\Users\ftesch\Desktop\Interfaceamento_Driver\Relogio\SPI\Src\main.c
2019-08-26 21:18:14,169 [INFO] ProjectBuilder:1570 - Time for Copy HAL[1] : 591mS.
2019-08-26 21:18:14,172 [INFO] ProjectBuilder:2138 - Project Generator version: 3.4.0
2019-08-26 21:18:14,664 [INFO] ConfigFileManager:879 - The Die is : DIE438
2019-08-26 21:18:14,671 [INFO] LogOutputStream:76 - [STDOUT_REDIRECT] configName ==Arm Cortex-M4
2019-08-26 21:18:15,028 [INFO] LogOutputStream:76 - [STDOUT_REDIRECT] memory ==name="RAM" access="xrw" start="0x20000000" size="12"
2019-08-26 21:18:15,030 [INFO] LogOutputStream:76 - [STDOUT_REDIRECT] memory ==name="CCMRAM" access="rw" start="0x10000000" size="4"
2019-08-26 21:18:15,032 [INFO] LogOutputStream:76 - [STDOUT_REDIRECT] memory ==name="FLASH" access="rx" start="0x8000000" size="64"
2019-08-26 21:18:15,355 [INFO] LogOutputStream:76 - [STDOUT_REDIRECT] namefile= STM32CubeIDE
2019-08-26 21:18:15,358 [INFO] LogOutputStream:76 - [STDOUT_REDIRECT] method name===============generate
2019-08-26 21:18:22,538 [INFO] ProjectBuilder:2232 - Time for Generating toolchain IDE Files: 8366mS.
2019-08-26 21:18:22,543 [INFO] ProjectBuilder:1461 - Time for Copy CMSIS : 4mS.
2019-08-26 21:18:22,549 [INFO] ProjectBuilder:1461 - Time for Copy CMSIS : 0mS.
2019-08-26 21:26:30,640 [INFO] BlockDiagram:1818 - stop enableDisableButtons
