2019-08-19 19:41:07,923 [INFO] Activator:176 - 


2019-08-19 19:41:07,940 [INFO] Activator:177 - !SESSION log4j initialized
2019-08-19 21:03:50,714 [INFO] Activator:176 - 


2019-08-19 21:03:50,718 [INFO] Activator:177 - !SESSION log4j initialized
2019-08-19 21:08:27,456 [ERROR] ApiDbMcu:1398 - Can't use Application install path:
2019-08-19 21:08:29,730 [WARN] RulesReader:54 - Compatibility file://mcu/compatibility.xml not found
2019-08-19 21:14:11,686 [INFO] ApplicationProperties:181 - Using Application install path: D:\STM32CubeIDE_1.0.1\STM32CubeIDE\plugins\com.st.stm32cube.common.mx_1.0.0.201906050926
2019-08-19 21:14:11,750 [INFO] DbMcusXml:68 - Set database path to: D:\STM32CubeIDE_1.0.1\STM32CubeIDE\plugins\com.st.stm32cube.common.mx_1.0.0.201906050926\\db\/mcu/
2019-08-19 21:14:11,765 [INFO] DbBoardsPdsc:54 - Set plugin database path to: D:\STM32CubeIDE_1.0.1\STM32CubeIDE\plugins\com.st.stm32cube.common.mx_1.0.0.201906050926\\db\/plugins/boardmanager/
2019-08-19 21:14:11,765 [INFO] DbMcus:262 - Set plugin images path to: D:\STM32CubeIDE_1.0.1\STM32CubeIDE\plugins\com.st.stm32cube.common.mx_1.0.0.201906050926\\db\/plugins/mcufinder/images/
2019-08-19 21:14:11,769 [INFO] DbBoards:225 - Set plugin images path to: D:\STM32CubeIDE_1.0.1\STM32CubeIDE\plugins\com.st.stm32cube.common.mx_1.0.0.201906050926\\db\/plugins/mcufinder/images/
2019-08-19 21:14:11,779 [INFO] APIGFXSelector:72 - Set database path to: D:\STM32CubeIDE_1.0.1\STM32CubeIDE\plugins\com.st.stm32cube.common.mx_1.0.0.201906050926\\db\/plugins/mcufinder/mcu/
2019-08-19 21:14:11,878 [INFO] DbMcusAds:72 - Set database path to: C:\Users\felip\.stmcufinder\plugins\mcufinder//mcu/
2019-08-19 21:14:11,882 [INFO] DbMcusDocs:90 - Set database path to: C:\Users\felip\.stmcufinder\plugins\mcufinder//mcu/
2019-08-19 21:14:11,889 [INFO] DbMcusJson:59 - Set database path to: C:\Users\felip\.stmcufinder\plugins\mcufinder//mcu/
2019-08-19 21:14:11,893 [INFO] DbBoardsDocs:82 - Set database path to: C:\Users\felip\.stmcufinder\plugins\mcufinder//mcu/
2019-08-19 21:14:11,897 [INFO] DbBoardsJson:51 - Set database path to: C:\Users\felip\.stmcufinder\plugins\mcufinder//mcu/
2019-08-19 21:14:11,933 [INFO] CrossReferenceDbSqlite:197 - Set database path to: C:\Users\felip\.stmcufinder\plugins\mcufinder//mcu/cs/
2019-08-19 21:14:13,453 [INFO] MicroXplorer:521 - Detected Java Version = 1.8.0_202
2019-08-19 21:14:13,454 [INFO] DbMcusXml:68 - Set database path to: D:\STM32CubeIDE_1.0.1\STM32CubeIDE\plugins\com.st.stm32cube.common.mx_1.0.0.201906050926\\db\/mcu/
2019-08-19 21:14:13,456 [INFO] DbBoardsPdsc:54 - Set plugin database path to: D:\STM32CubeIDE_1.0.1\STM32CubeIDE\plugins\com.st.stm32cube.common.mx_1.0.0.201906050926\\db\/plugins/boardmanager/
2019-08-19 21:14:13,456 [INFO] DbMcus:262 - Set plugin images path to: D:\STM32CubeIDE_1.0.1\STM32CubeIDE\plugins\com.st.stm32cube.common.mx_1.0.0.201906050926\\db\/plugins/mcufinder/images/
2019-08-19 21:14:13,456 [INFO] DbBoards:225 - Set plugin images path to: D:\STM32CubeIDE_1.0.1\STM32CubeIDE\plugins\com.st.stm32cube.common.mx_1.0.0.201906050926\\db\/plugins/mcufinder/images/
2019-08-19 21:14:13,458 [INFO] APIGFXSelector:72 - Set database path to: D:\STM32CubeIDE_1.0.1\STM32CubeIDE\plugins\com.st.stm32cube.common.mx_1.0.0.201906050926\\db\/plugins/mcufinder/mcu/
2019-08-19 21:14:13,460 [WARN] DbFile:31 - Overriding database path with different value: C:\Users\felip\.stmcufinder\plugins\mcufinder/ => C:\Users\felip\.stmcufinder\plugins\mcufinder
2019-08-19 21:14:13,461 [INFO] DbMcusAds:72 - Set database path to: C:\Users\felip\.stmcufinder\plugins\mcufinder//mcu/
2019-08-19 21:14:13,461 [WARN] DbFile:31 - Overriding database path with different value: C:\Users\felip\.stmcufinder\plugins\mcufinder/ => C:\Users\felip\.stmcufinder\plugins\mcufinder
2019-08-19 21:14:13,461 [INFO] DbMcusDocs:90 - Set database path to: C:\Users\felip\.stmcufinder\plugins\mcufinder//mcu/
2019-08-19 21:14:13,461 [WARN] DbFile:31 - Overriding database path with different value: C:\Users\felip\.stmcufinder\plugins\mcufinder/ => C:\Users\felip\.stmcufinder\plugins\mcufinder
2019-08-19 21:14:13,461 [INFO] DbMcusJson:59 - Set database path to: C:\Users\felip\.stmcufinder\plugins\mcufinder//mcu/
2019-08-19 21:14:13,461 [WARN] DbFile:31 - Overriding database path with different value: C:\Users\felip\.stmcufinder\plugins\mcufinder/ => C:\Users\felip\.stmcufinder\plugins\mcufinder
2019-08-19 21:14:13,461 [INFO] DbBoardsDocs:82 - Set database path to: C:\Users\felip\.stmcufinder\plugins\mcufinder//mcu/
2019-08-19 21:14:13,464 [WARN] DbFile:31 - Overriding database path with different value: C:\Users\felip\.stmcufinder\plugins\mcufinder/ => C:\Users\felip\.stmcufinder\plugins\mcufinder
2019-08-19 21:14:13,464 [INFO] DbBoardsJson:51 - Set database path to: C:\Users\felip\.stmcufinder\plugins\mcufinder//mcu/
2019-08-19 21:14:13,465 [WARN] DbFile:31 - Overriding database path with different value: C:\Users\felip\.stmcufinder\plugins\mcufinder/ => C:\Users\felip\.stmcufinder\plugins\mcufinder
2019-08-19 21:14:13,465 [WARN] DbFile:31 - Overriding database path with different value: C:\Users\felip\.stmcufinder\plugins\mcufinder/ => C:\Users\felip\.stmcufinder\plugins\mcufinder
2019-08-19 21:14:13,466 [INFO] CrossReferenceDbSqlite:197 - Set database path to: C:\Users\felip\.stmcufinder\plugins\mcufinder//mcu/cs/
2019-08-19 21:14:13,760 [INFO] MainPanel:211 - HeapMemory: 289406976
2019-08-19 21:14:14,117 [INFO] DbMcusXml:68 - Set database path to: D:\STM32CubeIDE_1.0.1\STM32CubeIDE\plugins\com.st.stm32cube.common.mx_1.0.0.201906050926\\db\/mcu/
2019-08-19 21:14:14,118 [INFO] DbBoardsPdsc:54 - Set plugin database path to: D:\STM32CubeIDE_1.0.1\STM32CubeIDE\plugins\com.st.stm32cube.common.mx_1.0.0.201906050926\\db\/plugins/boardmanager/
2019-08-19 21:14:14,118 [INFO] DbMcus:262 - Set plugin images path to: D:\STM32CubeIDE_1.0.1\STM32CubeIDE\plugins\com.st.stm32cube.common.mx_1.0.0.201906050926\\db\/plugins/mcufinder/images/
2019-08-19 21:14:14,119 [INFO] DbBoards:225 - Set plugin images path to: D:\STM32CubeIDE_1.0.1\STM32CubeIDE\plugins\com.st.stm32cube.common.mx_1.0.0.201906050926\\db\/plugins/mcufinder/images/
2019-08-19 21:14:14,120 [INFO] APIGFXSelector:72 - Set database path to: D:\STM32CubeIDE_1.0.1\STM32CubeIDE\plugins\com.st.stm32cube.common.mx_1.0.0.201906050926\\db\/plugins/mcufinder/mcu/
2019-08-19 21:14:14,120 [WARN] DbFile:31 - Overriding database path with different value: C:\Users\felip\.stmcufinder\plugins\mcufinder/ => C:\Users\felip\.stmcufinder\plugins\mcufinder
2019-08-19 21:14:14,120 [INFO] DbMcusAds:72 - Set database path to: C:\Users\felip\.stmcufinder\plugins\mcufinder//mcu/
2019-08-19 21:14:14,124 [WARN] DbFile:31 - Overriding database path with different value: C:\Users\felip\.stmcufinder\plugins\mcufinder/ => C:\Users\felip\.stmcufinder\plugins\mcufinder
2019-08-19 21:14:14,125 [INFO] DbMcusDocs:90 - Set database path to: C:\Users\felip\.stmcufinder\plugins\mcufinder//mcu/
2019-08-19 21:14:14,126 [WARN] DbFile:31 - Overriding database path with different value: C:\Users\felip\.stmcufinder\plugins\mcufinder/ => C:\Users\felip\.stmcufinder\plugins\mcufinder
2019-08-19 21:14:14,126 [INFO] DbMcusJson:59 - Set database path to: C:\Users\felip\.stmcufinder\plugins\mcufinder//mcu/
2019-08-19 21:14:14,127 [WARN] DbFile:31 - Overriding database path with different value: C:\Users\felip\.stmcufinder\plugins\mcufinder/ => C:\Users\felip\.stmcufinder\plugins\mcufinder
2019-08-19 21:14:14,127 [INFO] DbBoardsDocs:82 - Set database path to: C:\Users\felip\.stmcufinder\plugins\mcufinder//mcu/
2019-08-19 21:14:14,128 [WARN] DbFile:31 - Overriding database path with different value: C:\Users\felip\.stmcufinder\plugins\mcufinder/ => C:\Users\felip\.stmcufinder\plugins\mcufinder
2019-08-19 21:14:14,128 [INFO] DbBoardsJson:51 - Set database path to: C:\Users\felip\.stmcufinder\plugins\mcufinder//mcu/
2019-08-19 21:14:14,129 [WARN] DbFile:31 - Overriding database path with different value: C:\Users\felip\.stmcufinder\plugins\mcufinder/ => C:\Users\felip\.stmcufinder\plugins\mcufinder
2019-08-19 21:14:14,129 [WARN] DbFile:31 - Overriding database path with different value: C:\Users\felip\.stmcufinder\plugins\mcufinder/ => C:\Users\felip\.stmcufinder\plugins\mcufinder
2019-08-19 21:14:14,130 [INFO] CrossReferenceDbSqlite:197 - Set database path to: C:\Users\felip\.stmcufinder\plugins\mcufinder//mcu/cs/
2019-08-19 21:14:14,208 [INFO] ApplicationProperties:181 - Using Application install path: D:\STM32CubeIDE_1.0.1\STM32CubeIDE\plugins\com.st.stm32cube.common.mx_1.0.0.201906050926
2019-08-19 21:14:14,212 [INFO] PluginManage:178 - Search for loadable plugins [exclusion list=]
2019-08-19 21:14:14,223 [INFO] PluginManage:292 - Check plugin analytics
2019-08-19 21:14:14,286 [INFO] PluginManage:342 - Loaded plugin analytics (category:tool,tabindex:-1)
2019-08-19 21:14:14,286 [INFO] PluginManage:292 - Check plugin clock
2019-08-19 21:14:14,333 [INFO] PluginManage:342 - Loaded plugin clock (category:base,tabindex:2)
2019-08-19 21:14:14,335 [INFO] PluginManage:292 - Check plugin ddr
2019-08-19 21:14:14,365 [INFO] PluginManage:342 - Loaded plugin ddr (category:tool,tabindex:6)
2019-08-19 21:14:14,365 [INFO] PluginManage:292 - Check plugin filemanager
2019-08-19 21:14:14,839 [INFO] PluginManage:342 - Loaded plugin filemanager (category:base,tabindex:10)
2019-08-19 21:14:14,845 [INFO] PluginManage:292 - Check plugin ipmanager
2019-08-19 21:14:14,864 [INFO] PluginManage:342 - Loaded plugin ipmanager (category:base,tabindex:5)
2019-08-19 21:14:14,864 [INFO] PluginManage:292 - Check plugin pinoutandconfiguration
2019-08-19 21:14:14,903 [INFO] PluginManage:342 - Loaded plugin pinoutandconfiguration (category:base,tabindex:1)
2019-08-19 21:14:14,903 [INFO] PluginManage:292 - Check plugin pinoutconfig
2019-08-19 21:14:14,955 [INFO] PluginManage:342 - Loaded plugin pinoutconfig (category:base,tabindex:0)
2019-08-19 21:14:14,955 [INFO] PluginManage:292 - Check plugin power
2019-08-19 21:14:14,992 [INFO] PluginManage:342 - Loaded plugin power (category:power,tabindex:4)
2019-08-19 21:14:14,993 [INFO] PluginManage:292 - Check plugin projectmanager
2019-08-19 21:14:15,031 [INFO] PluginManage:342 - Loaded plugin projectmanager (category:projectmanager,tabindex:3)
2019-08-19 21:14:15,033 [INFO] PluginManage:292 - Check plugin thirdparty
2019-08-19 21:14:15,077 [INFO] ThirdPartyDb:293 - Open Third Party DataBase File (C:/Users/felip/.stm32cubemx/plugins/thirdparty/db/thirdparties_db.xml) : 0 ms. number of Sw pack : 0
2019-08-19 21:14:15,097 [INFO] PluginManage:342 - Loaded plugin thirdparty (category:base,tabindex:-1)
2019-08-19 21:14:15,098 [INFO] PluginManage:292 - Check plugin tools
2019-08-19 21:14:15,121 [INFO] PluginManage:342 - Loaded plugin tools (category:base,tabindex:7)
2019-08-19 21:14:15,121 [INFO] PluginManage:292 - Check plugin updater
2019-08-19 21:14:15,162 [INFO] PluginManage:342 - Loaded plugin updater (category:base,tabindex:12)
2019-08-19 21:14:15,162 [INFO] PluginManage:265 - PluginManage : Loaded plugins [12]
2019-08-19 21:14:15,682 [INFO] PinOutPanel:1361 - setPackage(No Configuration,No Configuration)
2019-08-19 21:14:16,066 [INFO] PluginManager:200 - loadIPPluginJar : add adc
2019-08-19 21:14:16,078 [INFO] PluginManager:200 - loadIPPluginJar : add aes
2019-08-19 21:14:16,102 [INFO] PluginManager:200 - loadIPPluginJar : add can
2019-08-19 21:14:16,115 [INFO] PluginManager:200 - loadIPPluginJar : add comp
2019-08-19 21:14:16,130 [INFO] PluginManager:200 - loadIPPluginJar : add cryp
2019-08-19 21:14:16,151 [INFO] PluginManager:200 - loadIPPluginJar : add dfsdm
2019-08-19 21:14:16,180 [INFO] PluginManager:200 - loadIPPluginJar : add dma
2019-08-19 21:14:16,187 [INFO] PluginManager:200 - loadIPPluginJar : add fatfs
2019-08-19 21:14:16,219 [INFO] PluginManager:200 - loadIPPluginJar : add fmc
2019-08-19 21:14:16,253 [INFO] PluginManager:200 - loadIPPluginJar : add freertos
2019-08-19 21:14:16,258 [INFO] PluginManager:200 - loadIPPluginJar : add genericplugin
2019-08-19 21:14:16,284 [INFO] PluginManager:200 - loadIPPluginJar : add gfxmmu
2019-08-19 21:14:16,305 [INFO] PluginManager:200 - loadIPPluginJar : add gfxsimulator
2019-08-19 21:14:16,335 [INFO] PluginManager:200 - loadIPPluginJar : add gic
2019-08-19 21:14:16,360 [INFO] PluginManager:200 - loadIPPluginJar : add gpio
2019-08-19 21:14:16,373 [INFO] PluginManager:200 - loadIPPluginJar : add hash
2019-08-19 21:14:16,395 [INFO] PluginManager:200 - loadIPPluginJar : add i2c
2019-08-19 21:14:16,402 [INFO] PluginManager:200 - loadIPPluginJar : add i2s
2019-08-19 21:14:16,433 [INFO] PluginManager:200 - loadIPPluginJar : add ipddr
2019-08-19 21:14:16,459 [INFO] PluginManager:200 - loadIPPluginJar : add ltdc
2019-08-19 21:14:16,486 [INFO] PluginManager:200 - loadIPPluginJar : add mdma
2019-08-19 21:14:16,502 [INFO] PluginManager:200 - loadIPPluginJar : add nvic
2019-08-19 21:14:16,522 [INFO] PluginManager:200 - loadIPPluginJar : add opamp
2019-08-19 21:14:16,541 [INFO] PluginManager:200 - loadIPPluginJar : add pdm2pcm
2019-08-19 21:14:16,589 [INFO] PluginManager:200 - loadIPPluginJar : add plateformsettings
2019-08-19 21:14:16,606 [INFO] PluginManager:200 - loadIPPluginJar : add quadspi
2019-08-19 21:14:16,640 [INFO] PluginManager:200 - loadIPPluginJar : add resmgrutility
2019-08-19 21:14:16,654 [INFO] PluginManager:200 - loadIPPluginJar : add sai
2019-08-19 21:14:16,665 [INFO] PluginManager:200 - loadIPPluginJar : add spi
2019-08-19 21:14:16,684 [INFO] PluginManager:200 - loadIPPluginJar : add stm32_wpan
2019-08-19 21:14:16,689 [INFO] PluginManager:200 - loadIPPluginJar : add tim
2019-08-19 21:14:16,701 [INFO] PluginManager:200 - loadIPPluginJar : add touchsensing
2019-08-19 21:14:16,740 [INFO] PluginManager:200 - loadIPPluginJar : add tracer_emb
2019-08-19 21:14:16,757 [INFO] PluginManager:200 - loadIPPluginJar : add ts
2019-08-19 21:14:16,764 [INFO] PluginManager:200 - loadIPPluginJar : add tsc
2019-08-19 21:14:16,778 [INFO] PluginManager:200 - loadIPPluginJar : add ucpd
2019-08-19 21:14:16,797 [INFO] PluginManager:200 - loadIPPluginJar : add usart
2019-08-19 21:14:18,100 [FATAL] Updater:277 - Updater called before beeing initialized
2019-08-19 21:14:18,102 [ERROR] IntegrityCheckThread:227 - Cannot obtain thirdParties list 21
2019-08-19 21:14:18,102 [ERROR] IntegrityCheckThread:96 - Unexpected exception IntegrityCheckThread Thread: Updater error
2019-08-19 21:14:18,103 [ERROR] LogOutputStream:66 - [STDERR_REDIRECT] java.lang.Exception: Updater error
2019-08-19 21:14:18,109 [ERROR] LogOutputStream:66 - [STDERR_REDIRECT] 	at com.st.microxplorer.plugins.thirdparty.engine.IntegrityCheckThread.getUpdaterThirdPartyList(IntegrityCheckThread.java:239)
2019-08-19 21:14:18,118 [ERROR] LogOutputStream:66 - [STDERR_REDIRECT] 	at com.st.microxplorer.plugins.thirdparty.engine.IntegrityCheckThread.run(IntegrityCheckThread.java:61)
2019-08-19 21:14:18,120 [INFO] ThirdPartyDb:263 - Close Third Party DataBase File (C:/Users/felip/.stm32cubemx/plugins/thirdparty/db/thirdparties_db.xml)
2019-08-19 21:14:18,389 [FATAL] Updater:277 - Updater called before beeing initialized
2019-08-19 21:14:19,115 [FATAL] Updater:277 - Updater called before beeing initialized
2019-08-19 21:14:19,124 [INFO] PinOutPanel:1361 - setPackage(No Configuration,No Configuration)
2019-08-19 21:14:19,126 [FATAL] Updater:277 - Updater called before beeing initialized
2019-08-19 21:14:19,172 [INFO] Updater:860 - Updater Version found : 5.2.1
2019-08-19 21:14:19,224 [INFO] ApplicationProperties:181 - Using Application install path: D:\STM32CubeIDE_1.0.1\STM32CubeIDE\plugins\com.st.stm32cube.common.mx_1.0.0.201906050926
2019-08-19 21:14:26,183 [WARN] ServerAccessManage:1011 - Warning during Server Connexion :  timeout Read timed out
2019-08-19 21:14:31,716 [WARN] ServerAccessManage:1011 - Warning during Server Connexion :  timeout Read timed out
2019-08-19 21:14:32,528 [INFO] MainUpdater:2032 - connection check result : 10
2019-08-19 21:14:32,530 [INFO] MainUpdater:223 - Updater Check For Update Now.
2019-08-19 21:14:32,530 [INFO] MicroXplorer:401 - Change Database Version : DB.5.0.21
2019-08-19 21:14:32,553 [WARN] CheckServerUpdateThread:167 - Error reading file: updaterThirdParties.xml
2019-08-19 21:14:32,632 [WARN] CheckServerUpdateThread:84 - Open Updater Control File Fail
2019-08-19 21:14:32,644 [INFO] CheckServerUpdateThread:121 - End of CheckServer Thread
2019-08-19 21:14:32,834 [INFO] MainUpdater:2032 - connection check result : 10
2019-08-19 21:14:32,835 [INFO] LogOutputStream:68 - [STDOUT_REDIRECT] Successfull proxy connection.
2019-08-19 21:14:33,882 [INFO] McuFinderGlobals:40 - Set McuFinder mode to 2 (CubeIDE integrated)
2019-08-19 21:14:33,930 [INFO] FinderPluginLoader:85 - Searching for filters in installed packs
2019-08-19 21:14:34,079 [INFO] DbMcusXml:106 - Load MCU database from D:\STM32CubeIDE_1.0.1\STM32CubeIDE\plugins\com.st.stm32cube.common.mx_1.0.0.201906050926\\db\/mcu/families.xml
2019-08-19 21:14:35,173 [INFO] DbMcusJson:87 - JSON generation date=Fri Jul 19 07:04:23 BRT 2019 (1563530663)
2019-08-19 21:14:36,615 [INFO] DbMcus:192 - Found 1486 MCUs (1445 are supported by CubeMX, 1445 are visible in CubeMX)
2019-08-19 21:14:36,620 [INFO] ApiDb:158 - Load user favorites file C:\Users\felip/.stm32cubeide/favorites.mcus.txt: 0 item(s)
2019-08-19 21:14:36,620 [INFO] ApiDb:163 - User favorites MCUs=[]
2019-08-19 21:14:36,620 [INFO] DbMcus:203 - Set 0 / 0 favorites MCUs
2019-08-19 21:14:37,663 [INFO] DbMcusAds:130 - JSON generation date=Wed Feb 20 13:46:15 BRT 2019 (1550681175)
2019-08-19 21:14:37,668 [INFO] LoadUrlFilesThread:147 - End of LoadServerUrlFiles without Thread
2019-08-19 21:14:37,725 [INFO] McuDetailPanel:180 - Set advertising image to C:/Users/felip/STM32Cube/Repository/\PRSTM32MP10219-01-med.jpg
2019-08-19 21:14:40,234 [INFO] ServerAccessManage:347 - Download File mcusDocs.json
2019-08-19 21:14:41,033 [INFO] LoadUrlFilesThread:129 - End of LoadUrlFiles Thread
2019-08-19 21:14:50,175 [INFO] ServerAccessManage:347 - Download File mcusFeaturesAndDescription.json
2019-08-19 21:14:58,164 [INFO] LoadUrlFilesThread:129 - End of LoadUrlFiles Thread
2019-08-19 21:14:58,718 [INFO] ServerAccessManage:347 - Download File mcusAds.json
2019-08-19 21:14:58,749 [INFO] LoadUrlFilesThread:129 - End of LoadUrlFiles Thread
2019-08-19 21:15:01,005 [INFO] ServerAccessManage:347 - Download File boardsDocs.json
2019-08-19 21:15:01,511 [INFO] LoadUrlFilesThread:129 - End of LoadUrlFiles Thread
2019-08-19 21:15:02,502 [INFO] ServerAccessManage:347 - Download File boards.json
2019-08-19 21:15:03,620 [INFO] LoadUrlFilesThread:129 - End of LoadUrlFiles Thread
2019-08-19 21:15:04,501 [INFO] ServerAccessManage:347 - Download File crdb.zip
2019-08-19 21:15:05,812 [INFO] FileExtend:190 - Unzip File : crdb.zip
2019-08-19 21:15:05,815 [INFO] FileExtend:205 - Standard Zip Deflate
2019-08-19 21:15:05,893 [INFO] LoadUrlFilesThread:129 - End of LoadUrlFiles Thread
2019-08-19 21:15:05,901 [INFO] DbMcusDocs:127 - JSON generation date=Fri Jul 19 07:04:23 BRT 2019 (1563530663)
2019-08-19 21:15:06,073 [INFO] DbMcusDocs:59 - Found 531 MCUs documents
2019-08-19 21:15:06,076 [INFO] ApiDb:186 - Save user favorites file C:\Users\felip/.stm32cubeide/favorites.mcus.txt: 0 item(s)
2019-08-19 21:15:06,076 [INFO] ApiDb:191 - User favorites MCUs=[]
2019-08-19 21:15:06,076 [INFO] DbMcusXml:106 - Load MCU database from D:\STM32CubeIDE_1.0.1\STM32CubeIDE\plugins\com.st.stm32cube.common.mx_1.0.0.201906050926\\db\/mcu/families.xml
2019-08-19 21:15:06,604 [INFO] DbMcusJson:87 - JSON generation date=Fri Jul 19 07:04:23 BRT 2019 (1563530663)
2019-08-19 21:15:07,595 [INFO] DbMcus:192 - Found 1486 MCUs (1445 are supported by CubeMX, 1445 are visible in CubeMX)
2019-08-19 21:15:07,595 [INFO] ApiDb:158 - Load user favorites file C:\Users\felip/.stm32cubeide/favorites.mcus.txt: 0 item(s)
2019-08-19 21:15:07,595 [INFO] ApiDb:163 - User favorites MCUs=[]
2019-08-19 21:15:07,595 [INFO] DbMcus:203 - Set 0 / 0 favorites MCUs
2019-08-19 21:15:07,659 [INFO] McuFilterPanel:282 - Update 0 favorites MCUs
2019-08-19 21:15:07,877 [INFO] DbBoardsDocs:119 - JSON generation date=Fri Jul 19 07:04:23 BRT 2019 (1563530663)
2019-08-19 21:15:08,011 [INFO] DbBoardsPdsc:92 - Found 18 items
2019-08-19 21:15:08,019 [INFO] DbBoardsPdsc:92 - Found 9 items
2019-08-19 21:15:08,026 [INFO] DbBoardsPdsc:92 - Found 27 items
2019-08-19 21:15:08,027 [INFO] DbBoardsPdsc:92 - Found 1 items
2019-08-19 21:15:08,037 [INFO] DbBoardsPdsc:92 - Found 35 items
2019-08-19 21:15:08,046 [INFO] DbBoardsPdsc:92 - Found 37 items
2019-08-19 21:15:08,085 [INFO] DbBoardsJson:79 - JSON generation date=Thu Jul 04 11:02:38 BRT 2019 (1562248958)
2019-08-19 21:15:08,093 [INFO] DbBoards:120 - Found 127 boards (126 are supported by CubeMX)
2019-08-19 21:15:08,093 [WARN] DbBoards:145 - board NUCLEO-F303ZE / document id not found: 3602
2019-08-19 21:15:08,094 [WARN] DbBoards:145 - board NUCLEO-F303ZE / document id not found: 3989
2019-08-19 21:15:08,094 [WARN] DbBoards:145 - board NUCLEO-F303ZE / document id not found: 4166
2019-08-19 21:15:08,094 [WARN] DbBoards:149 - board NUCLEO-F303ZE has no document !
2019-08-19 21:15:08,094 [WARN] DbBoards:145 - board NUCLEO-F207ZG / document id not found: 3602
2019-08-19 21:15:08,094 [WARN] DbBoards:145 - board NUCLEO-F207ZG / document id not found: 3989
2019-08-19 21:15:08,094 [WARN] DbBoards:145 - board NUCLEO-F207ZG / document id not found: 4166
2019-08-19 21:15:08,095 [WARN] DbBoards:149 - board NUCLEO-F207ZG has no document !
2019-08-19 21:15:08,095 [WARN] DbBoards:145 - board NUCLEO-F429ZI / document id not found: 3602
2019-08-19 21:15:08,095 [WARN] DbBoards:145 - board NUCLEO-F429ZI / document id not found: 3989
2019-08-19 21:15:08,095 [WARN] DbBoards:145 - board NUCLEO-F429ZI / document id not found: 4166
2019-08-19 21:15:08,095 [WARN] DbBoards:149 - board NUCLEO-F429ZI has no document !
2019-08-19 21:15:08,095 [WARN] DbBoards:145 - board NUCLEO-F446ZE / document id not found: 3602
2019-08-19 21:15:08,095 [WARN] DbBoards:145 - board NUCLEO-F446ZE / document id not found: 3989
2019-08-19 21:15:08,096 [WARN] DbBoards:145 - board NUCLEO-F446ZE / document id not found: 4166
2019-08-19 21:15:08,096 [WARN] DbBoards:149 - board NUCLEO-F446ZE has no document !
2019-08-19 21:15:08,096 [WARN] DbBoards:145 - board NUCLEO-F746ZG / document id not found: 3602
2019-08-19 21:15:08,096 [WARN] DbBoards:145 - board NUCLEO-F746ZG / document id not found: 3989
2019-08-19 21:15:08,096 [WARN] DbBoards:145 - board NUCLEO-F746ZG / document id not found: 4166
2019-08-19 21:15:08,096 [WARN] DbBoards:149 - board NUCLEO-F746ZG has no document !
2019-08-19 21:15:08,096 [WARN] DbBoards:145 - board NUCLEO-F767ZI / document id not found: 3602
2019-08-19 21:15:08,096 [WARN] DbBoards:145 - board NUCLEO-F767ZI / document id not found: 3989
2019-08-19 21:15:08,096 [WARN] DbBoards:145 - board NUCLEO-F767ZI / document id not found: 4166
2019-08-19 21:15:08,096 [WARN] DbBoards:149 - board NUCLEO-F767ZI has no document !
2019-08-19 21:15:08,096 [WARN] DbBoards:145 - board NUCLEO-F412ZG / document id not found: 3602
2019-08-19 21:15:08,096 [WARN] DbBoards:145 - board NUCLEO-F412ZG / document id not found: 3989
2019-08-19 21:15:08,096 [WARN] DbBoards:145 - board NUCLEO-F412ZG / document id not found: 4166
2019-08-19 21:15:08,096 [WARN] DbBoards:149 - board NUCLEO-F412ZG has no document !
2019-08-19 21:15:08,096 [WARN] DbBoards:145 - board NUCLEO-F413ZH / document id not found: 3602
2019-08-19 21:15:08,096 [WARN] DbBoards:145 - board NUCLEO-F413ZH / document id not found: 3989
2019-08-19 21:15:08,096 [WARN] DbBoards:145 - board NUCLEO-F413ZH / document id not found: 4166
2019-08-19 21:15:08,096 [WARN] DbBoards:149 - board NUCLEO-F413ZH has no document !
2019-08-19 21:15:08,096 [WARN] DbBoards:145 - board NUCLEO-L496ZG / document id not found: 3602
2019-08-19 21:15:08,096 [WARN] DbBoards:145 - board NUCLEO-L496ZG / document id not found: 4165
2019-08-19 21:15:08,096 [WARN] DbBoards:145 - board NUCLEO-L496ZG / document id not found: 4166
2019-08-19 21:15:08,096 [WARN] DbBoards:149 - board NUCLEO-L496ZG has no document !
2019-08-19 21:15:08,096 [WARN] DbBoards:145 - board NUCLEO-L496ZG-P / document id not found: 3602
2019-08-19 21:15:08,100 [WARN] DbBoards:145 - board NUCLEO-L496ZG-P / document id not found: 4165
2019-08-19 21:15:08,100 [WARN] DbBoards:145 - board NUCLEO-L496ZG-P / document id not found: 4166
2019-08-19 21:15:08,100 [WARN] DbBoards:149 - board NUCLEO-L496ZG-P has no document !
2019-08-19 21:15:08,100 [WARN] DbBoards:145 - board NUCLEO-L4R5ZI / document id not found: 3602
2019-08-19 21:15:08,100 [WARN] DbBoards:145 - board NUCLEO-L4R5ZI / document id not found: 4165
2019-08-19 21:15:08,100 [WARN] DbBoards:145 - board NUCLEO-L4R5ZI / document id not found: 4166
2019-08-19 21:15:08,100 [WARN] DbBoards:149 - board NUCLEO-L4R5ZI has no document !
2019-08-19 21:15:08,100 [WARN] DbBoards:145 - board NUCLEO-L4R5ZI-P / document id not found: 3602
2019-08-19 21:15:08,100 [WARN] DbBoards:145 - board NUCLEO-L4R5ZI-P / document id not found: 4165
2019-08-19 21:15:08,100 [WARN] DbBoards:145 - board NUCLEO-L4R5ZI-P / document id not found: 4166
2019-08-19 21:15:08,100 [WARN] DbBoards:149 - board NUCLEO-L4R5ZI-P has no document !
2019-08-19 21:15:08,100 [WARN] DbBoards:145 - board NUCLEO-F722ZE / document id not found: 3602
2019-08-19 21:15:08,100 [WARN] DbBoards:145 - board NUCLEO-F722ZE / document id not found: 3989
2019-08-19 21:15:08,100 [WARN] DbBoards:145 - board NUCLEO-F722ZE / document id not found: 4166
2019-08-19 21:15:08,100 [WARN] DbBoards:149 - board NUCLEO-F722ZE has no document !
2019-08-19 21:15:08,100 [WARN] DbBoards:145 - board NUCLEO-H743ZI / document id not found: 3602
2019-08-19 21:15:08,100 [WARN] DbBoards:145 - board NUCLEO-H743ZI / document id not found: 3989
2019-08-19 21:15:08,100 [WARN] DbBoards:145 - board NUCLEO-H743ZI / document id not found: 4166
2019-08-19 21:15:08,100 [WARN] DbBoards:145 - board NUCLEO-H743ZI / document id not found: 4418
2019-08-19 21:15:08,100 [WARN] DbBoards:149 - board NUCLEO-H743ZI has no document !
2019-08-19 21:15:08,100 [WARN] DbBoards:130 - board NUCLEO-H743ZI2 has no document id list !
2019-08-19 21:15:08,104 [WARN] DbBoards:145 - board NUCLEO-H753ZI / document id not found: 4166
2019-08-19 21:15:08,104 [WARN] DbBoards:145 - board NUCLEO-H753ZI / document id not found: 4418
2019-08-19 21:15:08,104 [WARN] DbBoards:149 - board NUCLEO-H753ZI has no document !
2019-08-19 21:15:08,104 [WARN] DbBoards:145 - board NUCLEO-H745ZI-Q / document id not found: 4166
2019-08-19 21:15:08,104 [WARN] DbBoards:145 - board NUCLEO-H745ZI-Q / document id not found: 4419
2019-08-19 21:15:08,104 [WARN] DbBoards:149 - board NUCLEO-H745ZI-Q has no document !
2019-08-19 21:15:08,104 [WARN] DbBoards:145 - board NUCLEO-H755ZI-Q / document id not found: 4166
2019-08-19 21:15:08,104 [WARN] DbBoards:145 - board NUCLEO-H755ZI-Q / document id not found: 4419
2019-08-19 21:15:08,104 [WARN] DbBoards:149 - board NUCLEO-H755ZI-Q has no document !
2019-08-19 21:15:08,104 [WARN] DbBoards:145 - board NUCLEO-F042K6 / document id not found: 3602
2019-08-19 21:15:08,104 [WARN] DbBoards:145 - board NUCLEO-F042K6 / document id not found: 3902
2019-08-19 21:15:08,104 [WARN] DbBoards:145 - board NUCLEO-F042K6 / document id not found: 3972
2019-08-19 21:15:08,104 [WARN] DbBoards:149 - board NUCLEO-F042K6 has no document !
2019-08-19 21:15:08,104 [WARN] DbBoards:145 - board NUCLEO-F031K6 / document id not found: 3602
2019-08-19 21:15:08,104 [WARN] DbBoards:145 - board NUCLEO-F031K6 / document id not found: 3902
2019-08-19 21:15:08,104 [WARN] DbBoards:145 - board NUCLEO-F031K6 / document id not found: 3972
2019-08-19 21:15:08,104 [WARN] DbBoards:149 - board NUCLEO-F031K6 has no document !
2019-08-19 21:15:08,104 [WARN] DbBoards:145 - board NUCLEO-F303K8 / document id not found: 3602
2019-08-19 21:15:08,104 [WARN] DbBoards:145 - board NUCLEO-F303K8 / document id not found: 3902
2019-08-19 21:15:08,108 [WARN] DbBoards:145 - board NUCLEO-F303K8 / document id not found: 3972
2019-08-19 21:15:08,108 [WARN] DbBoards:149 - board NUCLEO-F303K8 has no document !
2019-08-19 21:15:08,108 [WARN] DbBoards:145 - board NUCLEO-L031K6 / document id not found: 3602
2019-08-19 21:15:08,108 [WARN] DbBoards:145 - board NUCLEO-L031K6 / document id not found: 3902
2019-08-19 21:15:08,108 [WARN] DbBoards:145 - board NUCLEO-L031K6 / document id not found: 3972
2019-08-19 21:15:08,108 [WARN] DbBoards:149 - board NUCLEO-L031K6 has no document !
2019-08-19 21:15:08,108 [WARN] DbBoards:145 - board NUCLEO-L011K4 / document id not found: 3602
2019-08-19 21:15:08,108 [WARN] DbBoards:145 - board NUCLEO-L011K4 / document id not found: 3902
2019-08-19 21:15:08,108 [WARN] DbBoards:145 - board NUCLEO-L011K4 / document id not found: 3972
2019-08-19 21:15:08,109 [WARN] DbBoards:149 - board NUCLEO-L011K4 has no document !
2019-08-19 21:15:08,109 [WARN] DbBoards:145 - board NUCLEO-L432KC / document id not found: 3602
2019-08-19 21:15:08,109 [WARN] DbBoards:145 - board NUCLEO-L432KC / document id not found: 3902
2019-08-19 21:15:08,109 [WARN] DbBoards:145 - board NUCLEO-L432KC / document id not found: 3972
2019-08-19 21:15:08,110 [WARN] DbBoards:149 - board NUCLEO-L432KC has no document !
2019-08-19 21:15:08,110 [WARN] DbBoards:145 - board NUCLEO-L412KB / document id not found: 3602
2019-08-19 21:15:08,110 [WARN] DbBoards:145 - board NUCLEO-L412KB / document id not found: 3902
2019-08-19 21:15:08,110 [WARN] DbBoards:145 - board NUCLEO-L412KB / document id not found: 3972
2019-08-19 21:15:08,110 [WARN] DbBoards:149 - board NUCLEO-L412KB has no document !
2019-08-19 21:15:08,111 [WARN] DbBoards:145 - board NUCLEO-G431KB / document id not found: 3902
2019-08-19 21:15:08,111 [WARN] DbBoards:149 - board NUCLEO-G431KB has no document !
2019-08-19 21:15:08,111 [WARN] DbBoards:130 - board NUCLEO-G031K8 has no document id list !
2019-08-19 21:15:08,111 [WARN] DbBoards:145 - board NUCLEO-F030R8 / document id not found: 3598
2019-08-19 21:15:08,111 [WARN] DbBoards:145 - board NUCLEO-F030R8 / document id not found: 3600
2019-08-19 21:15:08,111 [WARN] DbBoards:145 - board NUCLEO-F030R8 / document id not found: 3602
2019-08-19 21:15:08,112 [WARN] DbBoards:149 - board NUCLEO-F030R8 has no document !
2019-08-19 21:15:08,112 [WARN] DbBoards:145 - board NUCLEO-F070RB / document id not found: 3598
2019-08-19 21:15:08,112 [WARN] DbBoards:145 - board NUCLEO-F070RB / document id not found: 3600
2019-08-19 21:15:08,112 [WARN] DbBoards:145 - board NUCLEO-F070RB / document id not found: 3602
2019-08-19 21:15:08,112 [WARN] DbBoards:149 - board NUCLEO-F070RB has no document !
2019-08-19 21:15:08,112 [WARN] DbBoards:145 - board NUCLEO-F072RB / document id not found: 3598
2019-08-19 21:15:08,112 [WARN] DbBoards:145 - board NUCLEO-F072RB / document id not found: 3600
2019-08-19 21:15:08,112 [WARN] DbBoards:145 - board NUCLEO-F072RB / document id not found: 3602
2019-08-19 21:15:08,112 [WARN] DbBoards:149 - board NUCLEO-F072RB has no document !
2019-08-19 21:15:08,113 [WARN] DbBoards:145 - board NUCLEO-F091RC / document id not found: 3598
2019-08-19 21:15:08,113 [WARN] DbBoards:145 - board NUCLEO-F091RC / document id not found: 3600
2019-08-19 21:15:08,113 [WARN] DbBoards:145 - board NUCLEO-F091RC / document id not found: 3602
2019-08-19 21:15:08,113 [WARN] DbBoards:149 - board NUCLEO-F091RC has no document !
2019-08-19 21:15:08,113 [WARN] DbBoards:145 - board NUCLEO-F103RB / document id not found: 3598
2019-08-19 21:15:08,113 [WARN] DbBoards:145 - board NUCLEO-F103RB / document id not found: 3600
2019-08-19 21:15:08,113 [WARN] DbBoards:145 - board NUCLEO-F103RB / document id not found: 3602
2019-08-19 21:15:08,113 [WARN] DbBoards:149 - board NUCLEO-F103RB has no document !
2019-08-19 21:15:08,114 [WARN] DbBoards:145 - board NUCLEO-F302R8 / document id not found: 3598
2019-08-19 21:15:08,114 [WARN] DbBoards:145 - board NUCLEO-F302R8 / document id not found: 3600
2019-08-19 21:15:08,114 [WARN] DbBoards:145 - board NUCLEO-F302R8 / document id not found: 3602
2019-08-19 21:15:08,114 [WARN] DbBoards:149 - board NUCLEO-F302R8 has no document !
2019-08-19 21:15:08,114 [WARN] DbBoards:145 - board NUCLEO-F303RE / document id not found: 3598
2019-08-19 21:15:08,114 [WARN] DbBoards:145 - board NUCLEO-F303RE / document id not found: 3600
2019-08-19 21:15:08,114 [WARN] DbBoards:145 - board NUCLEO-F303RE / document id not found: 3602
2019-08-19 21:15:08,114 [WARN] DbBoards:149 - board NUCLEO-F303RE has no document !
2019-08-19 21:15:08,114 [WARN] DbBoards:145 - board NUCLEO-F334R8 / document id not found: 3598
2019-08-19 21:15:08,115 [WARN] DbBoards:145 - board NUCLEO-F334R8 / document id not found: 3600
2019-08-19 21:15:08,115 [WARN] DbBoards:145 - board NUCLEO-F334R8 / document id not found: 3602
2019-08-19 21:15:08,115 [WARN] DbBoards:149 - board NUCLEO-F334R8 has no document !
2019-08-19 21:15:08,115 [WARN] DbBoards:145 - board NUCLEO-F401RE / document id not found: 3598
2019-08-19 21:15:08,115 [WARN] DbBoards:145 - board NUCLEO-F401RE / document id not found: 3600
2019-08-19 21:15:08,115 [WARN] DbBoards:145 - board NUCLEO-F401RE / document id not found: 3602
2019-08-19 21:15:08,115 [WARN] DbBoards:149 - board NUCLEO-F401RE has no document !
2019-08-19 21:15:08,115 [WARN] DbBoards:145 - board NUCLEO-F411RE / document id not found: 3598
2019-08-19 21:15:08,117 [WARN] DbBoards:145 - board NUCLEO-F411RE / document id not found: 3600
2019-08-19 21:15:08,117 [WARN] DbBoards:145 - board NUCLEO-F411RE / document id not found: 3602
2019-08-19 21:15:08,117 [WARN] DbBoards:149 - board NUCLEO-F411RE has no document !
2019-08-19 21:15:08,117 [WARN] DbBoards:145 - board NUCLEO-L053R8 / document id not found: 3598
2019-08-19 21:15:08,117 [WARN] DbBoards:145 - board NUCLEO-L053R8 / document id not found: 3600
2019-08-19 21:15:08,118 [WARN] DbBoards:145 - board NUCLEO-L053R8 / document id not found: 3602
2019-08-19 21:15:08,118 [WARN] DbBoards:149 - board NUCLEO-L053R8 has no document !
2019-08-19 21:15:08,118 [WARN] DbBoards:145 - board NUCLEO-L152RE / document id not found: 3598
2019-08-19 21:15:08,118 [WARN] DbBoards:145 - board NUCLEO-L152RE / document id not found: 3600
2019-08-19 21:15:08,118 [WARN] DbBoards:145 - board NUCLEO-L152RE / document id not found: 3602
2019-08-19 21:15:08,118 [WARN] DbBoards:149 - board NUCLEO-L152RE has no document !
2019-08-19 21:15:08,119 [WARN] DbBoards:145 - board NUCLEO-F446RE / document id not found: 3598
2019-08-19 21:15:08,119 [WARN] DbBoards:145 - board NUCLEO-F446RE / document id not found: 3600
2019-08-19 21:15:08,119 [WARN] DbBoards:145 - board NUCLEO-F446RE / document id not found: 3602
2019-08-19 21:15:08,119 [WARN] DbBoards:149 - board NUCLEO-F446RE has no document !
2019-08-19 21:15:08,119 [WARN] DbBoards:145 - board NUCLEO-L476RG / document id not found: 3598
2019-08-19 21:15:08,119 [WARN] DbBoards:145 - board NUCLEO-L476RG / document id not found: 3600
2019-08-19 21:15:08,120 [WARN] DbBoards:145 - board NUCLEO-L476RG / document id not found: 3602
2019-08-19 21:15:08,120 [WARN] DbBoards:149 - board NUCLEO-L476RG has no document !
2019-08-19 21:15:08,120 [WARN] DbBoards:145 - board NUCLEO-F410RB / document id not found: 3598
2019-08-19 21:15:08,120 [WARN] DbBoards:145 - board NUCLEO-F410RB / document id not found: 3600
2019-08-19 21:15:08,120 [WARN] DbBoards:145 - board NUCLEO-F410RB / document id not found: 3602
2019-08-19 21:15:08,120 [WARN] DbBoards:149 - board NUCLEO-F410RB has no document !
2019-08-19 21:15:08,121 [WARN] DbBoards:145 - board NUCLEO-L073RZ / document id not found: 3598
2019-08-19 21:15:08,121 [WARN] DbBoards:145 - board NUCLEO-L073RZ / document id not found: 3600
2019-08-19 21:15:08,121 [WARN] DbBoards:145 - board NUCLEO-L073RZ / document id not found: 3602
2019-08-19 21:15:08,121 [WARN] DbBoards:149 - board NUCLEO-L073RZ has no document !
2019-08-19 21:15:08,121 [WARN] DbBoards:145 - board NUCLEO-L010RB / document id not found: 3598
2019-08-19 21:15:08,121 [WARN] DbBoards:145 - board NUCLEO-L010RB / document id not found: 3600
2019-08-19 21:15:08,121 [WARN] DbBoards:145 - board NUCLEO-L010RB / document id not found: 3602
2019-08-19 21:15:08,121 [WARN] DbBoards:149 - board NUCLEO-L010RB has no document !
2019-08-19 21:15:08,121 [WARN] DbBoards:145 - board NUCLEO-L452RE / document id not found: 3598
2019-08-19 21:15:08,121 [WARN] DbBoards:145 - board NUCLEO-L452RE / document id not found: 3600
2019-08-19 21:15:08,121 [WARN] DbBoards:145 - board NUCLEO-L452RE / document id not found: 3602
2019-08-19 21:15:08,121 [WARN] DbBoards:149 - board NUCLEO-L452RE has no document !
2019-08-19 21:15:08,121 [WARN] DbBoards:145 - board NUCLEO-L452RE-P / document id not found: 3600
2019-08-19 21:15:08,121 [WARN] DbBoards:145 - board NUCLEO-L452RE-P / document id not found: 3602
2019-08-19 21:15:08,121 [WARN] DbBoards:145 - board NUCLEO-L452RE-P / document id not found: 4216
2019-08-19 21:15:08,121 [WARN] DbBoards:149 - board NUCLEO-L452RE-P has no document !
2019-08-19 21:15:08,121 [WARN] DbBoards:145 - board NUCLEO-L433RC-P / document id not found: 3600
2019-08-19 21:15:08,121 [WARN] DbBoards:145 - board NUCLEO-L433RC-P / document id not found: 3602
2019-08-19 21:15:08,121 [WARN] DbBoards:145 - board NUCLEO-L433RC-P / document id not found: 4216
2019-08-19 21:15:08,121 [WARN] DbBoards:149 - board NUCLEO-L433RC-P has no document !
2019-08-19 21:15:08,121 [WARN] DbBoards:145 - board NUCLEO-L412RB-P / document id not found: 3600
2019-08-19 21:15:08,121 [WARN] DbBoards:145 - board NUCLEO-L412RB-P / document id not found: 3602
2019-08-19 21:15:08,121 [WARN] DbBoards:145 - board NUCLEO-L412RB-P / document id not found: 4216
2019-08-19 21:15:08,121 [WARN] DbBoards:149 - board NUCLEO-L412RB-P has no document !
2019-08-19 21:15:08,121 [WARN] DbBoards:145 - board NUCLEO-G071RB / document id not found: 3600
2019-08-19 21:15:08,125 [WARN] DbBoards:145 - board NUCLEO-G071RB / document id not found: 3602
2019-08-19 21:15:08,125 [WARN] DbBoards:145 - board NUCLEO-G071RB / document id not found: 4338
2019-08-19 21:15:08,125 [WARN] DbBoards:149 - board NUCLEO-G071RB has no document !
2019-08-19 21:15:08,125 [WARN] DbBoards:145 - board NUCLEO-G070RB / document id not found: 3600
2019-08-19 21:15:08,125 [WARN] DbBoards:145 - board NUCLEO-G070RB / document id not found: 3602
2019-08-19 21:15:08,125 [WARN] DbBoards:145 - board NUCLEO-G070RB / document id not found: 4338
2019-08-19 21:15:08,125 [WARN] DbBoards:149 - board NUCLEO-G070RB has no document !
2019-08-19 21:15:08,125 [WARN] DbBoards:130 - board P-NUCLEO-WB55-Nucleo has no document id list !
2019-08-19 21:15:08,125 [WARN] DbBoards:130 - board P-NUCLEO-WB55-USBDongle has no document id list !
2019-08-19 21:15:08,125 [WARN] DbBoards:145 - board NUCLEO-G431RB / document id not found: 3600
2019-08-19 21:15:08,125 [WARN] DbBoards:145 - board NUCLEO-G431RB / document id not found: 4430
2019-08-19 21:15:08,125 [WARN] DbBoards:149 - board NUCLEO-G431RB has no document !
2019-08-19 21:15:08,125 [WARN] DbBoards:145 - board NUCLEO-G474RE / document id not found: 3600
2019-08-19 21:15:08,125 [WARN] DbBoards:145 - board NUCLEO-G474RE / document id not found: 4430
2019-08-19 21:15:08,125 [WARN] DbBoards:149 - board NUCLEO-G474RE has no document !
2019-08-19 21:15:08,125 [WARN] DbBoards:130 - board P-NUCLEO-WB55 has no document id list !
2019-08-19 21:15:08,125 [WARN] DbBoards:145 - board STM32F0DISCOVERY / document id not found: 3294
2019-08-19 21:15:08,125 [WARN] DbBoards:145 - board STM32F0DISCOVERY / document id not found: 3402
2019-08-19 21:15:08,125 [WARN] DbBoards:145 - board STM32F0DISCOVERY / document id not found: 3405
2019-08-19 21:15:08,125 [WARN] DbBoards:145 - board STM32F0DISCOVERY / document id not found: 3407
2019-08-19 21:15:08,125 [WARN] DbBoards:145 - board STM32F0DISCOVERY / document id not found: 4079
2019-08-19 21:15:08,125 [WARN] DbBoards:149 - board STM32F0DISCOVERY has no document !
2019-08-19 21:15:08,125 [WARN] DbBoards:145 - board STM32F0308-DISCO / document id not found: 3522
2019-08-19 21:15:08,125 [WARN] DbBoards:145 - board STM32F0308-DISCO / document id not found: 3523
2019-08-19 21:15:08,125 [WARN] DbBoards:145 - board STM32F0308-DISCO / document id not found: 3550
2019-08-19 21:15:08,129 [WARN] DbBoards:145 - board STM32F0308-DISCO / document id not found: 4079
2019-08-19 21:15:08,129 [WARN] DbBoards:149 - board STM32F0308-DISCO has no document !
2019-08-19 21:15:08,129 [WARN] DbBoards:145 - board STM32F072B-DISCO / document id not found: 3562
2019-08-19 21:15:08,129 [WARN] DbBoards:145 - board STM32F072B-DISCO / document id not found: 3563
2019-08-19 21:15:08,129 [WARN] DbBoards:145 - board STM32F072B-DISCO / document id not found: 3584
2019-08-19 21:15:08,129 [WARN] DbBoards:145 - board STM32F072B-DISCO / document id not found: 4079
2019-08-19 21:15:08,129 [WARN] DbBoards:149 - board STM32F072B-DISCO has no document !
2019-08-19 21:15:08,129 [WARN] DbBoards:145 - board STM32F3DISCOVERY / document id not found: 3435
2019-08-19 21:15:08,129 [WARN] DbBoards:145 - board STM32F3DISCOVERY / document id not found: 3445
2019-08-19 21:15:08,129 [WARN] DbBoards:145 - board STM32F3DISCOVERY / document id not found: 3446
2019-08-19 21:15:08,129 [WARN] DbBoards:145 - board STM32F3DISCOVERY / document id not found: 3448
2019-08-19 21:15:08,129 [WARN] DbBoards:145 - board STM32F3DISCOVERY / document id not found: 4079
2019-08-19 21:15:08,129 [WARN] DbBoards:149 - board STM32F3DISCOVERY has no document !
2019-08-19 21:15:08,129 [WARN] DbBoards:145 - board STM32F3348-DISCO / document id not found: 3611
2019-08-19 21:15:08,129 [WARN] DbBoards:145 - board STM32F3348-DISCO / document id not found: 3621
2019-08-19 21:15:08,129 [WARN] DbBoards:145 - board STM32F3348-DISCO / document id not found: 3622
2019-08-19 21:15:08,129 [WARN] DbBoards:145 - board STM32F3348-DISCO / document id not found: 3627
2019-08-19 21:15:08,129 [WARN] DbBoards:145 - board STM32F3348-DISCO / document id not found: 3662
2019-08-19 21:15:08,129 [WARN] DbBoards:145 - board STM32F3348-DISCO / document id not found: 3682
2019-08-19 21:15:08,129 [WARN] DbBoards:145 - board STM32F3348-DISCO / document id not found: 4079
2019-08-19 21:15:08,129 [WARN] DbBoards:149 - board STM32F3348-DISCO has no document !
2019-08-19 21:15:08,129 [WARN] DbBoards:130 - board STM32F401C-DISCO has no document id list !
2019-08-19 21:15:08,129 [WARN] DbBoards:145 - board STM32F411E-DISCO / document id not found: 3725
2019-08-19 21:15:08,129 [WARN] DbBoards:145 - board STM32F411E-DISCO / document id not found: 3731
2019-08-19 21:15:08,133 [WARN] DbBoards:145 - board STM32F411E-DISCO / document id not found: 3799
2019-08-19 21:15:08,133 [WARN] DbBoards:145 - board STM32F411E-DISCO / document id not found: 4079
2019-08-19 21:15:08,133 [WARN] DbBoards:149 - board STM32F411E-DISCO has no document !
2019-08-19 21:15:08,133 [WARN] DbBoards:145 - board STM32F407G-DISC1 / document id not found: 3294
2019-08-19 21:15:08,133 [WARN] DbBoards:145 - board STM32F407G-DISC1 / document id not found: 3350
2019-08-19 21:15:08,133 [WARN] DbBoards:145 - board STM32F407G-DISC1 / document id not found: 3354
2019-08-19 21:15:08,134 [WARN] DbBoards:145 - board STM32F407G-DISC1 / document id not found: 3360
2019-08-19 21:15:08,134 [WARN] DbBoards:145 - board STM32F407G-DISC1 / document id not found: 3367
2019-08-19 21:15:08,134 [WARN] DbBoards:145 - board STM32F407G-DISC1 / document id not found: 3368
2019-08-19 21:15:08,134 [WARN] DbBoards:145 - board STM32F407G-DISC1 / document id not found: 4079
2019-08-19 21:15:08,134 [WARN] DbBoards:149 - board STM32F407G-DISC1 has no document !
2019-08-19 21:15:08,134 [WARN] DbBoards:145 - board STM32F429I-DISC1 / document id not found: 3360
2019-08-19 21:15:08,135 [WARN] DbBoards:145 - board STM32F429I-DISC1 / document id not found: 3533
2019-08-19 21:15:08,135 [WARN] DbBoards:145 - board STM32F429I-DISC1 / document id not found: 3540
2019-08-19 21:15:08,135 [WARN] DbBoards:145 - board STM32F429I-DISC1 / document id not found: 3556
2019-08-19 21:15:08,135 [WARN] DbBoards:145 - board STM32F429I-DISC1 / document id not found: 4079
2019-08-19 21:15:08,135 [WARN] DbBoards:149 - board STM32F429I-DISC1 has no document !
2019-08-19 21:15:08,135 [WARN] DbBoards:145 - board STM32F469I-DISCO / document id not found: 3907
2019-08-19 21:15:08,135 [WARN] DbBoards:145 - board STM32F469I-DISCO / document id not found: 3908
2019-08-19 21:15:08,135 [WARN] DbBoards:145 - board STM32F469I-DISCO / document id not found: 3976
2019-08-19 21:15:08,135 [WARN] DbBoards:145 - board STM32F469I-DISCO / document id not found: 4079
2019-08-19 21:15:08,135 [WARN] DbBoards:149 - board STM32F469I-DISCO has no document !
2019-08-19 21:15:08,135 [WARN] DbBoards:145 - board STM32F746G-DISCO / document id not found: 3807
2019-08-19 21:15:08,135 [WARN] DbBoards:145 - board STM32F746G-DISCO / document id not found: 3815
2019-08-19 21:15:08,137 [WARN] DbBoards:145 - board STM32F746G-DISCO / document id not found: 3983
2019-08-19 21:15:08,137 [WARN] DbBoards:145 - board STM32F746G-DISCO / document id not found: 4079
2019-08-19 21:15:08,137 [WARN] DbBoards:149 - board STM32F746G-DISCO has no document !
2019-08-19 21:15:08,137 [WARN] DbBoards:145 - board STM32F769I-DISCO / document id not found: 4053
2019-08-19 21:15:08,137 [WARN] DbBoards:145 - board STM32F769I-DISCO / document id not found: 4061
2019-08-19 21:15:08,138 [WARN] DbBoards:145 - board STM32F769I-DISCO / document id not found: 4079
2019-08-19 21:15:08,138 [WARN] DbBoards:149 - board STM32F769I-DISCO has no document !
2019-08-19 21:15:08,138 [WARN] DbBoards:130 - board STM32F769I-DISC1 has no document id list !
2019-08-19 21:15:08,138 [WARN] DbBoards:145 - board STM32F723E-DISCO / document id not found: 4079
2019-08-19 21:15:08,138 [WARN] DbBoards:145 - board STM32F723E-DISCO / document id not found: 4153
2019-08-19 21:15:08,139 [WARN] DbBoards:145 - board STM32F723E-DISCO / document id not found: 4154
2019-08-19 21:15:08,139 [WARN] DbBoards:149 - board STM32F723E-DISCO has no document !
2019-08-19 21:15:08,139 [WARN] DbBoards:130 - board STM32F7308-DISCO has no document id list !
2019-08-19 21:15:08,139 [WARN] DbBoards:145 - board STM32F7508-DK / document id not found: 4079
2019-08-19 21:15:08,139 [WARN] DbBoards:145 - board STM32F7508-DK / document id not found: 4349
2019-08-19 21:15:08,140 [WARN] DbBoards:145 - board STM32F7508-DK / document id not found: 4350
2019-08-19 21:15:08,140 [WARN] DbBoards:149 - board STM32F7508-DK has no document !
2019-08-19 21:15:08,140 [WARN] DbBoards:145 - board STM32L0538-DISCO / document id not found: 3681
2019-08-19 21:15:08,140 [WARN] DbBoards:145 - board STM32L0538-DISCO / document id not found: 3696
2019-08-19 21:15:08,140 [WARN] DbBoards:145 - board STM32L0538-DISCO / document id not found: 3697
2019-08-19 21:15:08,140 [WARN] DbBoards:145 - board STM32L0538-DISCO / document id not found: 4079
2019-08-19 21:15:08,140 [WARN] DbBoards:149 - board STM32L0538-DISCO has no document !
2019-08-19 21:15:08,140 [WARN] DbBoards:145 - board STM32L100C-DISCO / document id not found: 3520
2019-08-19 21:15:08,140 [WARN] DbBoards:145 - board STM32L100C-DISCO / document id not found: 3521
2019-08-19 21:15:08,168 [WARN] DbBoards:145 - board STM32L100C-DISCO / document id not found: 4079
2019-08-19 21:15:08,169 [WARN] DbBoards:149 - board STM32L100C-DISCO has no document !
2019-08-19 21:15:08,170 [WARN] DbBoards:130 - board STM32L-DISCOVERY has no document id list !
2019-08-19 21:15:08,170 [WARN] DbBoards:145 - board STM32L152C-DISCO / document id not found: 3307
2019-08-19 21:15:08,170 [WARN] DbBoards:145 - board STM32L152C-DISCO / document id not found: 3309
2019-08-19 21:15:08,171 [WARN] DbBoards:145 - board STM32L152C-DISCO / document id not found: 3333
2019-08-19 21:15:08,172 [WARN] DbBoards:145 - board STM32L152C-DISCO / document id not found: 4079
2019-08-19 21:15:08,172 [WARN] DbBoards:149 - board STM32L152C-DISCO has no document !
2019-08-19 21:15:08,172 [WARN] DbBoards:145 - board STM32L476G-DISCO / document id not found: 3827
2019-08-19 21:15:08,172 [WARN] DbBoards:145 - board STM32L476G-DISCO / document id not found: 3828
2019-08-19 21:15:08,173 [WARN] DbBoards:145 - board STM32L476G-DISCO / document id not found: 3847
2019-08-19 21:15:08,173 [WARN] DbBoards:145 - board STM32L476G-DISCO / document id not found: 4079
2019-08-19 21:15:08,173 [WARN] DbBoards:149 - board STM32L476G-DISCO has no document !
2019-08-19 21:15:08,173 [WARN] DbBoards:145 - board STM32F412G-DISCO / document id not found: 4079
2019-08-19 21:15:08,173 [WARN] DbBoards:145 - board STM32F412G-DISCO / document id not found: 4107
2019-08-19 21:15:08,173 [WARN] DbBoards:145 - board STM32F412G-DISCO / document id not found: 4108
2019-08-19 21:15:08,173 [WARN] DbBoards:149 - board STM32F412G-DISCO has no document !
2019-08-19 21:15:08,173 [WARN] DbBoards:145 - board STM32F413H-DISCO / document id not found: 4079
2019-08-19 21:15:08,173 [WARN] DbBoards:145 - board STM32F413H-DISCO / document id not found: 4147
2019-08-19 21:15:08,173 [WARN] DbBoards:145 - board STM32F413H-DISCO / document id not found: 4192
2019-08-19 21:15:08,173 [WARN] DbBoards:149 - board STM32F413H-DISCO has no document !
2019-08-19 21:15:08,173 [WARN] DbBoards:145 - board STM32VLDISCOVERY / document id not found: 3149
2019-08-19 21:15:08,173 [WARN] DbBoards:145 - board STM32VLDISCOVERY / document id not found: 3165
2019-08-19 21:15:08,173 [WARN] DbBoards:145 - board STM32VLDISCOVERY / document id not found: 3197
2019-08-19 21:15:08,173 [WARN] DbBoards:145 - board STM32VLDISCOVERY / document id not found: 3199
2019-08-19 21:15:08,173 [WARN] DbBoards:145 - board STM32VLDISCOVERY / document id not found: 3200
2019-08-19 21:15:08,173 [WARN] DbBoards:145 - board STM32VLDISCOVERY / document id not found: 4079
2019-08-19 21:15:08,177 [WARN] DbBoards:149 - board STM32VLDISCOVERY has no document !
2019-08-19 21:15:08,177 [WARN] DbBoards:145 - board STM32L496G-DISCO / document id not found: 4079
2019-08-19 21:15:08,177 [WARN] DbBoards:145 - board STM32L496G-DISCO / document id not found: 4155
2019-08-19 21:15:08,177 [WARN] DbBoards:145 - board STM32L496G-DISCO / document id not found: 4156
2019-08-19 21:15:08,177 [WARN] DbBoards:149 - board STM32L496G-DISCO has no document !
2019-08-19 21:15:08,177 [WARN] DbBoards:145 - board B-L475E-IOT01A1 / document id not found: 4079
2019-08-19 21:15:08,177 [WARN] DbBoards:145 - board B-L475E-IOT01A1 / document id not found: 4160
2019-08-19 21:15:08,177 [WARN] DbBoards:145 - board B-L475E-IOT01A1 / document id not found: 4200
2019-08-19 21:15:08,178 [WARN] DbBoards:149 - board B-L475E-IOT01A1 has no document !
2019-08-19 21:15:08,178 [WARN] DbBoards:145 - board STM32G071B-DISCO / document id not found: 4079
2019-08-19 21:15:08,178 [WARN] DbBoards:145 - board STM32G071B-DISCO / document id not found: 4389
2019-08-19 21:15:08,178 [WARN] DbBoards:145 - board STM32G071B-DISCO / document id not found: 4393
2019-08-19 21:15:08,178 [WARN] DbBoards:145 - board STM32G071B-DISCO / document id not found: 4441
2019-08-19 21:15:08,178 [WARN] DbBoards:149 - board STM32G071B-DISCO has no document !
2019-08-19 21:15:08,178 [WARN] DbBoards:130 - board STM32G0316-DISCO has no document id list !
2019-08-19 21:15:08,178 [WARN] DbBoards:145 - board STM32H747I-DISCO / document id not found: 4364
2019-08-19 21:15:08,178 [WARN] DbBoards:145 - board STM32H747I-DISCO / document id not found: 4365
2019-08-19 21:15:08,178 [WARN] DbBoards:149 - board STM32H747I-DISCO has no document !
2019-08-19 21:15:08,178 [WARN] DbBoards:130 - board STM32H747I-DISC1 has no document id list !
2019-08-19 21:15:08,178 [WARN] DbBoards:145 - board STM32H745I-DISCO / document id not found: 4395
2019-08-19 21:15:08,178 [WARN] DbBoards:145 - board STM32H745I-DISCO / document id not found: 4396
2019-08-19 21:15:08,179 [WARN] DbBoards:149 - board STM32H745I-DISCO has no document !
2019-08-19 21:15:08,179 [WARN] DbBoards:145 - board STM32H750B-DK / document id not found: 4395
2019-08-19 21:15:08,179 [WARN] DbBoards:145 - board STM32H750B-DK / document id not found: 4396
2019-08-19 21:15:08,179 [WARN] DbBoards:149 - board STM32H750B-DK has no document !
2019-08-19 21:15:08,180 [WARN] DbBoards:145 - board STM32L4R9I-DISCO / document id not found: 4079
2019-08-19 21:15:08,180 [WARN] DbBoards:145 - board STM32L4R9I-DISCO / document id not found: 4208
2019-08-19 21:15:08,180 [WARN] DbBoards:145 - board STM32L4R9I-DISCO / document id not found: 4244
2019-08-19 21:15:08,180 [WARN] DbBoards:149 - board STM32L4R9I-DISCO has no document !
2019-08-19 21:15:08,180 [WARN] DbBoards:145 - board B-L072Z-LRWAN1 / document id not found: 4079
2019-08-19 21:15:08,180 [WARN] DbBoards:145 - board B-L072Z-LRWAN1 / document id not found: 4157
2019-08-19 21:15:08,181 [WARN] DbBoards:145 - board B-L072Z-LRWAN1 / document id not found: 4158
2019-08-19 21:15:08,181 [WARN] DbBoards:145 - board B-L072Z-LRWAN1 / document id not found: 4159
2019-08-19 21:15:08,181 [WARN] DbBoards:149 - board B-L072Z-LRWAN1 has no document !
2019-08-19 21:15:08,181 [WARN] DbBoards:145 - board STM32MP157C-DK2 / document id not found: 4400
2019-08-19 21:15:08,181 [WARN] DbBoards:145 - board STM32MP157C-DK2 / document id not found: 4436
2019-08-19 21:15:08,181 [WARN] DbBoards:149 - board STM32MP157C-DK2 has no document !
2019-08-19 21:15:08,181 [WARN] DbBoards:145 - board STM32072B-EVAL / document id not found: 3578
2019-08-19 21:15:08,181 [WARN] DbBoards:145 - board STM32072B-EVAL / document id not found: 3579
2019-08-19 21:15:08,183 [WARN] DbBoards:149 - board STM32072B-EVAL has no document !
2019-08-19 21:15:08,183 [WARN] DbBoards:145 - board STM32091C-EVAL / document id not found: 3706
2019-08-19 21:15:08,183 [WARN] DbBoards:145 - board STM32091C-EVAL / document id not found: 3715
2019-08-19 21:15:08,183 [WARN] DbBoards:149 - board STM32091C-EVAL has no document !
2019-08-19 21:15:08,183 [WARN] DbBoards:145 - board STM3210C-EVAL / document id not found: 3049
2019-08-19 21:15:08,183 [WARN] DbBoards:145 - board STM3210C-EVAL / document id not found: 3182
2019-08-19 21:15:08,184 [WARN] DbBoards:149 - board STM3210C-EVAL has no document !
2019-08-19 21:15:08,184 [WARN] DbBoards:145 - board STM3210E-EVAL / document id not found: 2997
2019-08-19 21:15:08,184 [WARN] DbBoards:145 - board STM3210E-EVAL / document id not found: 3028
2019-08-19 21:15:08,184 [WARN] DbBoards:145 - board STM3210E-EVAL / document id not found: 3105
2019-08-19 21:15:08,184 [WARN] DbBoards:145 - board STM3210E-EVAL / document id not found: 3173
2019-08-19 21:15:08,185 [WARN] DbBoards:149 - board STM3210E-EVAL has no document !
2019-08-19 21:15:08,185 [WARN] DbBoards:145 - board STM32100E-EVAL / document id not found: 3268
2019-08-19 21:15:08,185 [WARN] DbBoards:145 - board STM32100E-EVAL / document id not found: 3274
2019-08-19 21:15:08,185 [WARN] DbBoards:149 - board STM32100E-EVAL has no document !
2019-08-19 21:15:08,185 [WARN] DbBoards:145 - board STM3220G-EVAL / document id not found: 3275
2019-08-19 21:15:08,186 [WARN] DbBoards:145 - board STM3220G-EVAL / document id not found: 3276
2019-08-19 21:15:08,186 [WARN] DbBoards:149 - board STM3220G-EVAL has no document !
2019-08-19 21:15:08,186 [WARN] DbBoards:145 - board STM3221G-EVAL / document id not found: 3286
2019-08-19 21:15:08,186 [WARN] DbBoards:145 - board STM3221G-EVAL / document id not found: 3298
2019-08-19 21:15:08,186 [WARN] DbBoards:149 - board STM3221G-EVAL has no document !
2019-08-19 21:15:08,186 [WARN] DbBoards:130 - board STM32303C-EVAL has no document id list !
2019-08-19 21:15:08,186 [WARN] DbBoards:145 - board STM32303E-EVAL / document id not found: 3703
2019-08-19 21:15:08,186 [WARN] DbBoards:145 - board STM32303E-EVAL / document id not found: 3705
2019-08-19 21:15:08,186 [WARN] DbBoards:149 - board STM32303E-EVAL has no document !
2019-08-19 21:15:08,186 [WARN] DbBoards:145 - board STM32373C-EVAL / document id not found: 3437
2019-08-19 21:15:08,186 [WARN] DbBoards:145 - board STM32373C-EVAL / document id not found: 3447
2019-08-19 21:15:08,186 [WARN] DbBoards:149 - board STM32373C-EVAL has no document !
2019-08-19 21:15:08,186 [WARN] DbBoards:145 - board STM3240G-EVAL / document id not found: 3344
2019-08-19 21:15:08,186 [WARN] DbBoards:145 - board STM3240G-EVAL / document id not found: 3351
2019-08-19 21:15:08,186 [WARN] DbBoards:149 - board STM3240G-EVAL has no document !
2019-08-19 21:15:08,186 [WARN] DbBoards:145 - board STM3241G-EVAL / document id not found: 3343
2019-08-19 21:15:08,186 [WARN] DbBoards:145 - board STM3241G-EVAL / document id not found: 3352
2019-08-19 21:15:08,186 [WARN] DbBoards:149 - board STM3241G-EVAL has no document !
2019-08-19 21:15:08,186 [WARN] DbBoards:145 - board STM32429I-EVAL1 / document id not found: 3530
2019-08-19 21:15:08,186 [WARN] DbBoards:145 - board STM32429I-EVAL1 / document id not found: 3541
2019-08-19 21:15:08,186 [WARN] DbBoards:149 - board STM32429I-EVAL1 has no document !
2019-08-19 21:15:08,186 [WARN] DbBoards:145 - board STM32439I-EVAL2 / document id not found: 3531
2019-08-19 21:15:08,186 [WARN] DbBoards:145 - board STM32439I-EVAL2 / document id not found: 3542
2019-08-19 21:15:08,186 [WARN] DbBoards:149 - board STM32439I-EVAL2 has no document !
2019-08-19 21:15:08,186 [WARN] DbBoards:130 - board STM32L152D-EVAL has no document id list !
2019-08-19 21:15:08,190 [WARN] DbBoards:145 - board STM32446E-EVAL / document id not found: 3767
2019-08-19 21:15:08,190 [WARN] DbBoards:145 - board STM32446E-EVAL / document id not found: 3772
2019-08-19 21:15:08,190 [WARN] DbBoards:149 - board STM32446E-EVAL has no document !
2019-08-19 21:15:08,190 [WARN] DbBoards:145 - board STM32746G-EVAL2 / document id not found: 3777
2019-08-19 21:15:08,190 [WARN] DbBoards:145 - board STM32746G-EVAL2 / document id not found: 3810
2019-08-19 21:15:08,190 [WARN] DbBoards:149 - board STM32746G-EVAL2 has no document !
2019-08-19 21:15:08,190 [WARN] DbBoards:145 - board STM32756G-EVAL2 / document id not found: 3776
2019-08-19 21:15:08,190 [WARN] DbBoards:145 - board STM32756G-EVAL2 / document id not found: 3811
2019-08-19 21:15:08,190 [WARN] DbBoards:149 - board STM32756G-EVAL2 has no document !
2019-08-19 21:15:08,190 [WARN] DbBoards:145 - board STM32F769I-EVAL / document id not found: 4054
2019-08-19 21:15:08,190 [WARN] DbBoards:145 - board STM32F769I-EVAL / document id not found: 4070
2019-08-19 21:15:08,190 [WARN] DbBoards:149 - board STM32F769I-EVAL has no document !
2019-08-19 21:15:08,190 [WARN] DbBoards:145 - board STM32F779I-EVAL / document id not found: 4055
2019-08-19 21:15:08,190 [WARN] DbBoards:145 - board STM32F779I-EVAL / document id not found: 4062
2019-08-19 21:15:08,190 [WARN] DbBoards:149 - board STM32F779I-EVAL has no document !
2019-08-19 21:15:08,190 [WARN] DbBoards:145 - board STM32L476G-EVAL / document id not found: 3750
2019-08-19 21:15:08,190 [WARN] DbBoards:145 - board STM32L476G-EVAL / document id not found: 3826
2019-08-19 21:15:08,190 [WARN] DbBoards:149 - board STM32L476G-EVAL has no document !
2019-08-19 21:15:08,190 [WARN] DbBoards:145 - board STM32469I-EVAL / document id not found: 3906
2019-08-19 21:15:08,190 [WARN] DbBoards:145 - board STM32469I-EVAL / document id not found: 3909
2019-08-19 21:15:08,190 [WARN] DbBoards:149 - board STM32469I-EVAL has no document !
2019-08-19 21:15:08,190 [WARN] DbBoards:145 - board STM32479I-EVAL / document id not found: 3905
2019-08-19 21:15:08,190 [WARN] DbBoards:145 - board STM32479I-EVAL / document id not found: 3910
2019-08-19 21:15:08,190 [WARN] DbBoards:149 - board STM32479I-EVAL has no document !
2019-08-19 21:15:08,194 [WARN] DbBoards:145 - board STM32L073Z-EVAL / document id not found: 3771
2019-08-19 21:15:08,194 [WARN] DbBoards:145 - board STM32L073Z-EVAL / document id not found: 3999
2019-08-19 21:15:08,194 [WARN] DbBoards:149 - board STM32L073Z-EVAL has no document !
2019-08-19 21:15:08,194 [WARN] DbBoards:145 - board STM32H743I-EVAL / document id not found: 4206
2019-08-19 21:15:08,194 [WARN] DbBoards:145 - board STM32H743I-EVAL / document id not found: 4210
2019-08-19 21:15:08,194 [WARN] DbBoards:149 - board STM32H743I-EVAL has no document !
2019-08-19 21:15:08,194 [WARN] DbBoards:130 - board STM32H743I-EVAL2 has no document id list !
2019-08-19 21:15:08,194 [WARN] DbBoards:145 - board STM32H753I-EVAL / document id not found: 4206
2019-08-19 21:15:08,194 [WARN] DbBoards:145 - board STM32H753I-EVAL / document id not found: 4210
2019-08-19 21:15:08,194 [WARN] DbBoards:149 - board STM32H753I-EVAL has no document !
2019-08-19 21:15:08,194 [WARN] DbBoards:130 - board STM32H753I-EVAL2 has no document id list !
2019-08-19 21:15:08,194 [WARN] DbBoards:145 - board STM32G081B-EVAL / document id not found: 4343
2019-08-19 21:15:08,194 [WARN] DbBoards:145 - board STM32G081B-EVAL / document id not found: 4363
2019-08-19 21:15:08,194 [WARN] DbBoards:149 - board STM32G081B-EVAL has no document !
2019-08-19 21:15:08,194 [WARN] DbBoards:130 - board STM32H747I-EVAL has no document id list !
2019-08-19 21:15:08,194 [WARN] DbBoards:130 - board STM32H757I-EVAL has no document id list !
2019-08-19 21:15:08,194 [WARN] DbBoards:145 - board STM32L4R9I-EVAL / document id not found: 4223
2019-08-19 21:15:08,194 [WARN] DbBoards:145 - board STM32L4R9I-EVAL / document id not found: 4239
2019-08-19 21:15:08,194 [WARN] DbBoards:149 - board STM32L4R9I-EVAL has no document !
2019-08-19 21:15:08,194 [WARN] DbBoards:145 - board STM32MP157C-EV1 / document id not found: 4399
2019-08-19 21:15:08,194 [WARN] DbBoards:145 - board STM32MP157C-EV1 / document id not found: 4437
2019-08-19 21:15:08,194 [WARN] DbBoards:149 - board STM32MP157C-EV1 has no document !
2019-08-19 21:15:08,194 [WARN] DbBoards:145 - board STM32MP157A-EV1 / document id not found: 4399
2019-08-19 21:15:08,194 [WARN] DbBoards:145 - board STM32MP157A-EV1 / document id not found: 4437
2019-08-19 21:15:08,194 [WARN] DbBoards:149 - board STM32MP157A-EV1 has no document !
2019-08-19 21:15:08,194 [WARN] DbBoards:145 - board STM32G474E-EVAL / document id not found: 4397
2019-08-19 21:15:08,194 [WARN] DbBoards:145 - board STM32G474E-EVAL / document id not found: 4432
2019-08-19 21:15:08,194 [WARN] DbBoards:149 - board STM32G474E-EVAL has no document !
2019-08-19 21:15:08,194 [WARN] DbBoards:130 - board STM32G474E-EVAL1 has no document id list !
2019-08-19 21:15:08,194 [WARN] DbBoards:145 - board STM32G484E-EVAL / document id not found: 4397
2019-08-19 21:15:08,194 [WARN] DbBoards:145 - board STM32G484E-EVAL / document id not found: 4432
2019-08-19 21:15:08,194 [WARN] DbBoards:149 - board STM32G484E-EVAL has no document !
2019-08-19 21:15:09,833 [INFO] ApiDb:158 - Load user favorites file C:\Users\felip/.stm32cubeide/favorites.boards.txt: 0 item(s)
2019-08-19 21:15:09,833 [INFO] ApiDb:163 - User favorites Boards=[]
2019-08-19 21:15:09,838 [INFO] DbBoards:202 - Set 0 / 0 favorites Boards
2019-08-19 21:15:09,843 [INFO] DbBoardsDocs:55 - Found 151 boards documents
2019-08-19 21:15:09,843 [INFO] ApiDb:186 - Save user favorites file C:\Users\felip/.stm32cubeide/favorites.boards.txt: 0 item(s)
2019-08-19 21:15:09,843 [INFO] ApiDb:191 - User favorites Boards=[]
2019-08-19 21:15:09,848 [INFO] DbBoardsPdsc:92 - Found 18 items
2019-08-19 21:15:09,851 [INFO] DbBoardsPdsc:92 - Found 9 items
2019-08-19 21:15:09,854 [INFO] DbBoardsPdsc:92 - Found 27 items
2019-08-19 21:15:09,856 [INFO] DbBoardsPdsc:92 - Found 1 items
2019-08-19 21:15:09,861 [INFO] DbBoardsPdsc:92 - Found 35 items
2019-08-19 21:15:09,863 [INFO] DbBoardsPdsc:92 - Found 37 items
2019-08-19 21:15:09,884 [INFO] DbBoardsJson:79 - JSON generation date=Thu Jul 04 11:02:38 BRT 2019 (1562248958)
2019-08-19 21:15:09,894 [INFO] DbBoards:120 - Found 127 boards (126 are supported by CubeMX)
2019-08-19 21:15:09,896 [WARN] DbBoards:130 - board NUCLEO-H743ZI2 has no document id list !
2019-08-19 21:15:09,896 [WARN] DbBoards:130 - board NUCLEO-G031K8 has no document id list !
2019-08-19 21:15:09,896 [WARN] DbBoards:130 - board P-NUCLEO-WB55-Nucleo has no document id list !
2019-08-19 21:15:09,897 [WARN] DbBoards:130 - board P-NUCLEO-WB55-USBDongle has no document id list !
2019-08-19 21:15:09,897 [WARN] DbBoards:130 - board P-NUCLEO-WB55 has no document id list !
2019-08-19 21:15:09,897 [WARN] DbBoards:130 - board STM32F401C-DISCO has no document id list !
2019-08-19 21:15:09,897 [WARN] DbBoards:130 - board STM32F769I-DISC1 has no document id list !
2019-08-19 21:15:09,897 [WARN] DbBoards:130 - board STM32F7308-DISCO has no document id list !
2019-08-19 21:15:09,897 [WARN] DbBoards:130 - board STM32L-DISCOVERY has no document id list !
2019-08-19 21:15:09,897 [WARN] DbBoards:130 - board STM32G0316-DISCO has no document id list !
2019-08-19 21:15:09,897 [WARN] DbBoards:130 - board STM32H747I-DISC1 has no document id list !
2019-08-19 21:15:09,897 [WARN] DbBoards:130 - board STM32303C-EVAL has no document id list !
2019-08-19 21:15:09,897 [WARN] DbBoards:130 - board STM32L152D-EVAL has no document id list !
2019-08-19 21:15:09,897 [WARN] DbBoards:130 - board STM32H743I-EVAL2 has no document id list !
2019-08-19 21:15:09,897 [WARN] DbBoards:130 - board STM32H753I-EVAL2 has no document id list !
2019-08-19 21:15:09,897 [WARN] DbBoards:130 - board STM32H747I-EVAL has no document id list !
2019-08-19 21:15:09,897 [WARN] DbBoards:130 - board STM32H757I-EVAL has no document id list !
2019-08-19 21:15:09,897 [WARN] DbBoards:130 - board STM32G474E-EVAL1 has no document id list !
2019-08-19 21:15:10,867 [INFO] ApiDb:158 - Load user favorites file C:\Users\felip/.stm32cubeide/favorites.boards.txt: 0 item(s)
2019-08-19 21:15:10,867 [INFO] ApiDb:163 - User favorites Boards=[]
2019-08-19 21:15:10,868 [INFO] DbBoards:202 - Set 0 / 0 favorites Boards
2019-08-19 21:15:11,179 [INFO] LoadUrlFilesThread:147 - End of LoadServerUrlFiles without Thread
2019-08-19 21:15:11,181 [INFO] McuFilterPanel:282 - Update 0 favorites MCUs
2019-08-19 21:15:11,387 [INFO] LoadUrlFilesThread:147 - End of LoadServerUrlFiles without Thread
2019-08-19 21:15:11,387 [INFO] BoardDetailPanel:179 - Set advertising image to C:/Users/felip/STM32Cube/Repository/\PRSTM32MP10219-01-med.jpg
2019-08-19 21:15:11,426 [INFO] BoardFilterPanel:212 - Update 0 favorites Boards
2019-08-19 21:15:11,916 [INFO] CrossSelectorPresenter:1239 - Cross Selector saved comparison directory: C:\Users\felip\.stmcufinder\plugins\mcufinder\mcu\cs_comparisons_mx
2019-08-19 21:16:01,157 [INFO] LogOutputStream:68 - [STDOUT_REDIRECT] withoutVersionV1.10.0
2019-08-19 21:16:09,754 [INFO] LogOutputStream:68 - [STDOUT_REDIRECT] File copied successfully!!
2019-08-19 21:16:12,936 [INFO] MainUpdater:2032 - connection check result : 10
2019-08-19 21:16:12,937 [INFO] LogOutputStream:68 - [STDOUT_REDIRECT] Successfull proxy connection.
2019-08-19 21:16:13,132 [INFO] MicroXplorer:371 - Change Database Path : 
2019-08-19 21:16:13,132 [INFO] MicroXplorer:401 - Change Database Version : DB.5.0.21
2019-08-19 21:16:13,134 [INFO] PinOutPanel:1361 - setPackage(No Configuration,No Configuration)
2019-08-19 21:16:13,135 [INFO] UtilMem:74 - Begin LoadConfig() Used Memory: 423105264 Bytes (610271232)
2019-08-19 21:16:13,135 [INFO] OpenFileManager:269 - Change cursor
2019-08-19 21:16:19,067 [INFO] ImportTextPane:162 - (OptionalMessage_ERROR) Unable to find key (Mcu.ThirdPartyNb) in loaded IOC file
2019-08-19 21:16:19,135 [INFO] ImportTextPane:162 - (OptionalMessage_ERROR) IP (RCC) : Parameter (FLatency) has Id (AdvancedSettings) currently not set
2019-08-19 21:16:19,135 [INFO] ImportTextPane:162 - (OptionalMessage_ERROR) IP (RCC) : Invalid parameter (FamilyName)
2019-08-19 21:16:19,137 [INFO] ImportTextPane:162 - (OptionalMessage_ERROR) IP (RCC) : Invalid parameter (TIM2Freq_Value)
2019-08-19 21:16:19,455 [INFO] UtilMem:74 - End LoadConfig() Used Memory: 283494320 Bytes (610271232)
2019-08-19 21:16:19,564 [INFO] ThirdPartyDb:293 - Open Third Party DataBase File (C:/Users/felip/.stm32cubemx/plugins/thirdparty/db/thirdparties_db.xml) : 0 ms. number of Sw pack : 0
2019-08-19 21:16:19,925 [INFO] PinOutPanel:1361 - setPackage(No Configuration,No Configuration)
2019-08-19 21:16:19,928 [INFO] PinOutPanel:1361 - setPackage(STM32F334R8Tx,LQFP64)
2019-08-19 21:16:20,859 [INFO] UtilMem:74 - Before build in PCC Used Memory: 392184880 Bytes (610271232)
2019-08-19 21:16:21,356 [INFO] SharedServices:71 - Folder for power plug-in: C:/Users/felip/.stm32cubemx/plugins/power
2019-08-19 21:16:21,360 [INFO] UtilMem:74 - After build in PCC Used Memory: 404245544 Bytes (610271232)
2019-08-19 21:16:21,410 [INFO] LogOutputStream:68 - [STDOUT_REDIRECT] toolchainItems.length=====1
2019-08-19 21:16:21,525 [INFO] OpenFileManager:289 - Restore cursor
2019-08-19 21:16:21,882 [INFO] UtilMem:74 - End SaveConfig() Used Memory: 459820072 Bytes (610271232)
2019-08-19 21:16:21,917 [INFO] UtilMem:74 - End SaveConfig() Used Memory: 462439472 Bytes (610271232)
2019-08-19 21:16:22,643 [INFO] BlockDiagram:1879 - set Specific Code input for plugin: NVIC
2019-08-19 21:16:22,643 [INFO] BlockDiagram:1879 - set Specific Code input for plugin: USART
2019-08-19 21:16:22,643 [INFO] BlockDiagram:1879 - set Specific Code input for plugin: SYS
2019-08-19 21:16:22,643 [INFO] BlockDiagram:1879 - set Specific Code input for plugin: RCC
2019-08-19 21:16:22,648 [INFO] CodeGenerator:572 - code generatio: config db path: D:\STM32CubeIDE_1.0.1\STM32CubeIDE\plugins\com.st.stm32cube.common.mx_1.0.0.201906050926\\db\
2019-08-19 21:16:23,620 [INFO] CodeEngine:190 - oldGeneratedFile, C:\Users\felip\Desktop\Code\Faculdade\Interfaceamento_Driver\Timer\MXTmpFiles\license.tmp_save
2019-08-19 21:16:24,115 [INFO] CodeEngine:208 - Generated code: C:\Users\felip\Desktop\Code\Faculdade\Interfaceamento_Driver\Timer\MXTmpFiles\license.tmp
2019-08-19 21:16:24,330 [INFO] CodeEngine:190 - oldGeneratedFile, C:\Users\felip\Desktop\Code\Faculdade\Interfaceamento_Driver\Timer\MXTmpFiles\gpio.tmp_save
2019-08-19 21:16:24,518 [INFO] CodeEngine:208 - Generated code: C:\Users\felip\Desktop\Code\Faculdade\Interfaceamento_Driver\Timer\MXTmpFiles\gpio.tmp
2019-08-19 21:16:24,709 [INFO] LogOutputStream:68 - [STDOUT_REDIRECT] Command line
2019-08-19 21:16:24,712 [INFO] LogOutputStream:68 - [STDOUT_REDIRECT] Debug : prepare data for SYS
2019-08-19 21:16:24,715 [INFO] LogOutputStream:68 - [STDOUT_REDIRECT] Command line test
2019-08-19 21:16:24,717 [INFO] LogOutputStream:68 - [STDOUT_REDIRECT] Command line
2019-08-19 21:16:24,718 [INFO] LogOutputStream:68 - [STDOUT_REDIRECT] Debug : prepare data for USART
2019-08-19 21:16:24,718 [INFO] LogOutputStream:68 - [STDOUT_REDIRECT] Command line test
2019-08-19 21:16:24,724 [INFO] LogOutputStream:68 - [STDOUT_REDIRECT] Debug : prepare data for NVIC
2019-08-19 21:16:24,728 [INFO] LogOutputStream:68 - [STDOUT_REDIRECT] Command line test
2019-08-19 21:16:24,748 [INFO] CodeEngine:190 - oldGeneratedFile, C:\Users\felip\Desktop\Code\Faculdade\Interfaceamento_Driver\Timer\Src\stm32f3xx_it.c_save
2019-08-19 21:16:24,948 [INFO] CodeEngine:208 - Generated code: C:\Users\felip\Desktop\Code\Faculdade\Interfaceamento_Driver\Timer\Src\stm32f3xx_it.c
2019-08-19 21:16:24,963 [INFO] CodeEngine:190 - oldGeneratedFile, C:\Users\felip\Desktop\Code\Faculdade\Interfaceamento_Driver\Timer\Inc\stm32f3xx_it.h_save
2019-08-19 21:16:25,110 [INFO] CodeEngine:208 - Generated code: C:\Users\felip\Desktop\Code\Faculdade\Interfaceamento_Driver\Timer\Inc\stm32f3xx_it.h
2019-08-19 21:16:25,139 [INFO] CodeEngine:190 - oldGeneratedFile, C:\Users\felip\Desktop\Code\Faculdade\Interfaceamento_Driver\Timer\Src\stm32f3xx_hal_msp.c_save
2019-08-19 21:16:25,307 [INFO] CodeEngine:208 - Generated code: C:\Users\felip\Desktop\Code\Faculdade\Interfaceamento_Driver\Timer\Src\stm32f3xx_hal_msp.c
2019-08-19 21:16:25,327 [INFO] CodeEngine:190 - oldGeneratedFile, C:\Users\felip\Desktop\Code\Faculdade\Interfaceamento_Driver\Timer\MXTmpFiles\system.tmp_save
2019-08-19 21:16:25,436 [INFO] CodeEngine:208 - Generated code: C:\Users\felip\Desktop\Code\Faculdade\Interfaceamento_Driver\Timer\MXTmpFiles\system.tmp
2019-08-19 21:16:25,464 [INFO] CodeEngine:190 - oldGeneratedFile, C:\Users\felip\Desktop\Code\Faculdade\Interfaceamento_Driver\Timer\Inc\stm32f3xx_hal_conf.h_save
2019-08-19 21:16:25,597 [INFO] CodeEngine:208 - Generated code: C:\Users\felip\Desktop\Code\Faculdade\Interfaceamento_Driver\Timer\Inc\stm32f3xx_hal_conf.h
2019-08-19 21:16:25,636 [WARN] IPConfigManager:2556 - IP not found : gpio
2019-08-19 21:16:25,638 [WARN] CodeGenerator:2532 - IP not found : gpio
2019-08-19 21:16:25,654 [INFO] CodeEngine:190 - oldGeneratedFile, C:\Users\felip\Desktop\Code\Faculdade\Interfaceamento_Driver\Timer\Inc\main.h_save
2019-08-19 21:16:25,798 [INFO] CodeEngine:208 - Generated code: C:\Users\felip\Desktop\Code\Faculdade\Interfaceamento_Driver\Timer\Inc\main.h
2019-08-19 21:16:25,817 [INFO] CodeEngine:190 - oldGeneratedFile, C:\Users\felip\Desktop\Code\Faculdade\Interfaceamento_Driver\Timer\Src\main.c_save
2019-08-19 21:16:26,095 [INFO] CodeEngine:208 - Generated code: C:\Users\felip\Desktop\Code\Faculdade\Interfaceamento_Driver\Timer\Src\main.c
2019-08-19 21:16:27,524 [INFO] ProjectBuilder:1500 - Time for Copy HAL[1] : 412mS.
2019-08-19 21:16:27,540 [INFO] ProjectBuilder:2068 - Project Generator version: 3.3.0
2019-08-19 21:16:28,159 [INFO] ConfigFileManager:883 - The Die is : DIE438
2019-08-19 21:16:28,164 [INFO] LogOutputStream:68 - [STDOUT_REDIRECT] configName ==Arm Cortex-M4
2019-08-19 21:16:28,497 [INFO] LogOutputStream:68 - [STDOUT_REDIRECT] memory ==name="RAM" access="xrw" start="0x20000000" size="12"
2019-08-19 21:16:28,502 [INFO] LogOutputStream:68 - [STDOUT_REDIRECT] memory ==name="CCMRAM" access="rw" start="0x10000000" size="4"
2019-08-19 21:16:28,505 [INFO] LogOutputStream:68 - [STDOUT_REDIRECT] memory ==name="FLASH" access="rx" start="0x8000000" size="64"
2019-08-19 21:16:28,738 [INFO] LogOutputStream:68 - [STDOUT_REDIRECT] namefile= STM32CubeIDE
2019-08-19 21:16:28,740 [INFO] LogOutputStream:68 - [STDOUT_REDIRECT] method name===============generate
2019-08-19 21:16:38,712 [INFO] ProjectBuilder:2161 - Time for Generating toolchain IDE Files: 11172mS.
2019-08-19 21:16:38,716 [INFO] ProjectBuilder:1391 - Time for Copy CMSIS : 4mS.
2019-08-19 21:16:38,722 [INFO] ProjectBuilder:1391 - Time for Copy CMSIS : 0mS.
2019-08-19 21:17:45,589 [INFO] LogOutputStream:68 - [STDOUT_REDIRECT] Tab changed to: Clock Configuration
2019-08-19 21:17:46,947 [INFO] LogOutputStream:68 - [STDOUT_REDIRECT] Tab changed to: Pinout & Configuration
2019-08-19 21:18:01,799 [INFO] NvicIntPanel:85 - NVIC parent = javax.swing.JTabbedPane[,0,43,482x315,layout=com.st.microxplorer.stobjectsui.STTabbedPaneUI$TabbedPaneLayout,alignmentX=0.0,alignmentY=0.0,border=,flags=352,maximumSize=,minimumSize=,preferredSize=,haveRegistered=false,tabPlacement=TOP]
2019-08-19 21:18:22,735 [INFO] NvicIntPanel:85 - NVIC parent = javax.swing.JTabbedPane[,0,43,482x315,layout=com.st.microxplorer.stobjectsui.STTabbedPaneUI$TabbedPaneLayout,alignmentX=0.0,alignmentY=0.0,border=,flags=352,maximumSize=,minimumSize=,preferredSize=,haveRegistered=false,tabPlacement=TOP]
2019-08-19 21:18:48,608 [INFO] UtilMem:74 - End SaveConfig() Used Memory: 409013784 Bytes (610271232)
2019-08-19 21:18:50,697 [INFO] UtilMem:74 - End SaveConfig() Used Memory: 415414336 Bytes (610271232)
2019-08-19 21:18:50,904 [INFO] BlockDiagram:1879 - set Specific Code input for plugin: NVIC
2019-08-19 21:18:50,905 [INFO] BlockDiagram:1879 - set Specific Code input for plugin: USART
2019-08-19 21:18:50,905 [INFO] BlockDiagram:1879 - set Specific Code input for plugin: TIM1_8F3
2019-08-19 21:18:50,905 [INFO] BlockDiagram:1879 - set Specific Code input for plugin: SYS
2019-08-19 21:18:50,905 [INFO] BlockDiagram:1879 - set Specific Code input for plugin: RCC
2019-08-19 21:18:50,909 [INFO] CodeGenerator:572 - code generatio: config db path: D:\STM32CubeIDE_1.0.1\STM32CubeIDE\plugins\com.st.stm32cube.common.mx_1.0.0.201906050926\\db\
2019-08-19 21:18:51,167 [INFO] CodeEngine:190 - oldGeneratedFile, C:\Users\felip\Desktop\Code\Faculdade\Interfaceamento_Driver\Timer\MXTmpFiles\license.tmp_save
2019-08-19 21:18:51,325 [INFO] CodeEngine:208 - Generated code: C:\Users\felip\Desktop\Code\Faculdade\Interfaceamento_Driver\Timer\MXTmpFiles\license.tmp
2019-08-19 21:18:51,373 [INFO] CodeEngine:190 - oldGeneratedFile, C:\Users\felip\Desktop\Code\Faculdade\Interfaceamento_Driver\Timer\MXTmpFiles\gpio.tmp_save
2019-08-19 21:18:51,480 [INFO] CodeEngine:208 - Generated code: C:\Users\felip\Desktop\Code\Faculdade\Interfaceamento_Driver\Timer\MXTmpFiles\gpio.tmp
2019-08-19 21:18:51,708 [INFO] LogOutputStream:68 - [STDOUT_REDIRECT] Command line
2019-08-19 21:18:51,708 [INFO] LogOutputStream:68 - [STDOUT_REDIRECT] Debug : prepare data for SYS
2019-08-19 21:18:51,708 [INFO] LogOutputStream:68 - [STDOUT_REDIRECT] Command line test
2019-08-19 21:18:51,711 [INFO] LogOutputStream:68 - [STDOUT_REDIRECT] Command line
2019-08-19 21:18:51,711 [INFO] LogOutputStream:68 - [STDOUT_REDIRECT] Debug : prepare data for TIM
2019-08-19 21:18:51,711 [INFO] LogOutputStream:68 - [STDOUT_REDIRECT] Command line test
2019-08-19 21:18:51,711 [INFO] LogOutputStream:68 - [STDOUT_REDIRECT] Command line
2019-08-19 21:18:51,717 [INFO] LogOutputStream:68 - [STDOUT_REDIRECT] Debug : prepare data for USART
2019-08-19 21:18:51,717 [INFO] LogOutputStream:68 - [STDOUT_REDIRECT] Command line test
2019-08-19 21:18:51,721 [INFO] LogOutputStream:68 - [STDOUT_REDIRECT] Debug : prepare data for NVIC
2019-08-19 21:18:51,724 [INFO] LogOutputStream:68 - [STDOUT_REDIRECT] Command line test
2019-08-19 21:18:51,739 [INFO] CodeEngine:190 - oldGeneratedFile, C:\Users\felip\Desktop\Code\Faculdade\Interfaceamento_Driver\Timer\Src\stm32f3xx_it.c_save
2019-08-19 21:18:51,911 [INFO] CodeEngine:208 - Generated code: C:\Users\felip\Desktop\Code\Faculdade\Interfaceamento_Driver\Timer\Src\stm32f3xx_it.c
2019-08-19 21:18:51,936 [INFO] CodeEngine:190 - oldGeneratedFile, C:\Users\felip\Desktop\Code\Faculdade\Interfaceamento_Driver\Timer\Inc\stm32f3xx_it.h_save
2019-08-19 21:18:52,089 [INFO] CodeEngine:208 - Generated code: C:\Users\felip\Desktop\Code\Faculdade\Interfaceamento_Driver\Timer\Inc\stm32f3xx_it.h
2019-08-19 21:18:52,123 [INFO] CodeEngine:190 - oldGeneratedFile, C:\Users\felip\Desktop\Code\Faculdade\Interfaceamento_Driver\Timer\Src\stm32f3xx_hal_msp.c_save
2019-08-19 21:18:52,336 [INFO] CodeEngine:208 - Generated code: C:\Users\felip\Desktop\Code\Faculdade\Interfaceamento_Driver\Timer\Src\stm32f3xx_hal_msp.c
2019-08-19 21:18:52,357 [INFO] CodeEngine:190 - oldGeneratedFile, C:\Users\felip\Desktop\Code\Faculdade\Interfaceamento_Driver\Timer\MXTmpFiles\system.tmp_save
2019-08-19 21:18:52,426 [INFO] CodeEngine:208 - Generated code: C:\Users\felip\Desktop\Code\Faculdade\Interfaceamento_Driver\Timer\MXTmpFiles\system.tmp
2019-08-19 21:18:52,445 [INFO] CodeEngine:190 - oldGeneratedFile, C:\Users\felip\Desktop\Code\Faculdade\Interfaceamento_Driver\Timer\Inc\stm32f3xx_hal_conf.h_save
2019-08-19 21:18:52,539 [INFO] CodeEngine:208 - Generated code: C:\Users\felip\Desktop\Code\Faculdade\Interfaceamento_Driver\Timer\Inc\stm32f3xx_hal_conf.h
2019-08-19 21:18:52,571 [WARN] IPConfigManager:2556 - IP not found : TIM
2019-08-19 21:18:52,571 [WARN] IPConfigManager:2556 - IP not found : gpio
2019-08-19 21:18:52,572 [WARN] CodeGenerator:2532 - IP not found : TIM
2019-08-19 21:18:52,572 [WARN] CodeGenerator:2532 - IP not found : gpio
2019-08-19 21:18:52,591 [INFO] CodeEngine:190 - oldGeneratedFile, C:\Users\felip\Desktop\Code\Faculdade\Interfaceamento_Driver\Timer\Inc\main.h_save
2019-08-19 21:18:52,817 [INFO] CodeEngine:208 - Generated code: C:\Users\felip\Desktop\Code\Faculdade\Interfaceamento_Driver\Timer\Inc\main.h
2019-08-19 21:18:52,841 [INFO] CodeEngine:190 - oldGeneratedFile, C:\Users\felip\Desktop\Code\Faculdade\Interfaceamento_Driver\Timer\Src\main.c_save
2019-08-19 21:18:53,049 [INFO] CodeEngine:208 - Generated code: C:\Users\felip\Desktop\Code\Faculdade\Interfaceamento_Driver\Timer\Src\main.c
2019-08-19 21:18:54,042 [INFO] ProjectBuilder:1500 - Time for Copy HAL[1] : 364mS.
2019-08-19 21:18:54,042 [INFO] ProjectBuilder:2068 - Project Generator version: 3.3.0
2019-08-19 21:18:54,370 [INFO] ConfigFileManager:883 - The Die is : DIE438
2019-08-19 21:18:54,371 [INFO] LogOutputStream:68 - [STDOUT_REDIRECT] configName ==Arm Cortex-M4
2019-08-19 21:18:54,830 [INFO] LogOutputStream:68 - [STDOUT_REDIRECT] memory ==name="RAM" access="xrw" start="0x20000000" size="12"
2019-08-19 21:18:54,832 [INFO] LogOutputStream:68 - [STDOUT_REDIRECT] memory ==name="CCMRAM" access="rw" start="0x10000000" size="4"
2019-08-19 21:18:54,832 [INFO] LogOutputStream:68 - [STDOUT_REDIRECT] memory ==name="FLASH" access="rx" start="0x8000000" size="64"
2019-08-19 21:18:55,053 [INFO] LogOutputStream:68 - [STDOUT_REDIRECT] namefile= STM32CubeIDE
2019-08-19 21:18:55,056 [INFO] LogOutputStream:68 - [STDOUT_REDIRECT] method name===============update
2019-08-19 21:18:55,654 [INFO] ProjectBuilder:2161 - Time for Generating toolchain IDE Files: 1612mS.
2019-08-19 21:18:55,654 [INFO] ProjectBuilder:1391 - Time for Copy CMSIS : 0mS.
2019-08-19 21:18:55,670 [INFO] ProjectBuilder:1391 - Time for Copy CMSIS : 0mS.
